Log file open, 04/04/17 17:33:40
LogInit:Display: Running engine for game: MALUM
LogPlatformFile: Not using cached read wrapper
LogInit:Display: RandInit(-1919817754) SRandInit(-1919817754).
LogTaskGraph: Started task graph with 5 named threads and 8 total threads with 1 sets of task threads.
LogStats: Stats thread started at 0.072889
LogInit: Using libcurl 7.47.1
LogInit:  - built for x86_64-pc-win32
LogInit:  - supports SSL with OpenSSL/1.0.2g
LogInit:  - supports HTTP deflate (compression) using libz 1.2.8
LogInit:  - other features:
LogInit:      CURL_VERSION_SSL
LogInit:      CURL_VERSION_LIBZ
LogInit:      CURL_VERSION_IPV6
LogInit:      CURL_VERSION_ASYNCHDNS
LogInit:      CURL_VERSION_LARGEFILE
LogInit:      CURL_VERSION_IDN
LogInit:  CurlRequestOptions (configurable via config and command line):
LogInit:  - bVerifyPeer = false  - Libcurl will NOT verify peer certificate
LogInit:  - bUseHttpProxy = false  - Libcurl will NOT use HTTP proxy
LogInit:  - bDontReuseConnections = false  - Libcurl will reuse connections
LogInit:  - CertBundlePath = nullptr  - Libcurl will use whatever was configured at build time.
LogInit: Build: ++UE4+Release-4.15-CL-3348071
LogInit: Engine Version: 4.15.1-3348071+++UE4+Release-4.15
LogInit: Compatible Engine Version: 4.15.0-3299760+++UE4+Release-4.15
LogInit: Net CL: 3299760
LogDevObjectVersion: Number of dev versions registered: 14
LogDevObjectVersion:   Dev-Blueprints (B0D832E4-1F89-4F0D-ACCF-7EB736FD4AA2): 8
LogDevObjectVersion:   Dev-Build (E1C64328-A22C-4D53-A36C-8E866417BD8C): 0
LogDevObjectVersion:   Dev-Core (375EC13C-06E4-48FB-B500-84F0262A717E): 2
LogDevObjectVersion:   Dev-Editor (E4B068ED-F494-42E9-A231-DA0B2E46BB41): 14
LogDevObjectVersion:   Dev-Framework (CFFC743F-43B0-4480-9391-14DF171D2073): 22
LogDevObjectVersion:   Dev-Mobile (B02B49B5-BB20-44E9-A304-32B752E40360): 0
LogDevObjectVersion:   Dev-Networking (A4E4105C-59A1-49B5-A7C5-40C4547EDFEE): 0
LogDevObjectVersion:   Dev-Online (39C831C9-5AE6-47DC-9A44-9C173E1C8E7C): 0
LogDevObjectVersion:   Dev-Physics (78F01B33-EBEA-4F98-B9B4-84EACCB95AA2): 0
LogDevObjectVersion:   Dev-Platform (6631380F-2D4D-43E0-8009-CF276956A95A): 0
LogDevObjectVersion:   Dev-Rendering (12F88B9F-8875-4AFC-A67C-D90C383ABD29): 12
LogDevObjectVersion:   Dev-Sequencer (7B5AE74C-D270-4C10-A958-57980B212A5A): 3
LogDevObjectVersion:   Dev-VR (D7296918-1DD6-4BDD-9DE2-64A83CC13884): 0
LogDevObjectVersion:   Dev-LoadTimes (C2A15278-BFE7-4AFE-6C17-90FF531DF755): 1
LogInit: Compiled (64-bit): Mar 15 2017 16:52:47
LogInit: Compiled with Visual C++: 19.00.23026.00
LogInit: Build Configuration: Development
LogInit: Branch Name: ++UE4+Release-4.15
LogInit: Command line: -EpicPortal 
LogInit: Base directory: D:/Program Files (x86)/UE_4.15/Engine/Binaries/Win64/
LogInit: Installed Engine Build: 1
LogInit: Presizing for max 8388607 objects, including 0 objects not considered by GC, pre-allocating 0 bytes for permanent pool.
LogInit: Object subsystem initialized
[2017.04.04-15.33.41:518][  0]LogInit: Selected Device Profile: [Windows]
[2017.04.04-15.33.41:518][  0]LogInit: Applying CVar settings loaded from the selected device profile: [Windows]
[2017.04.04-15.33.41:563][  0]LogInit: Computer: PC1
[2017.04.04-15.33.41:563][  0]LogInit: User: Jorn
[2017.04.04-15.33.41:563][  0]LogInit: CPU Page size=65536, Cores=4
[2017.04.04-15.33.41:563][  0]LogInit: High frequency timer resolution =3.117796 MHz
[2017.04.04-15.33.41:563][  0]LogMemory: Memory total: Physical=8.0GB (8GB approx)
[2017.04.04-15.33.41:563][  0]LogMemory: Platform Memory Stats for Windows
[2017.04.04-15.33.41:563][  0]LogMemory: Process Physical Memory: 263.64 MB used, 263.64 MB peak
[2017.04.04-15.33.41:563][  0]LogMemory: Process Virtual Memory: 262.67 MB used, 262.67 MB peak
[2017.04.04-15.33.41:563][  0]LogMemory: Physical Memory: 7150.97 MB used,  993.47 MB free, 8144.44 MB total
[2017.04.04-15.33.41:563][  0]LogMemory: Virtual Memory: 630.32 MB used,  993.47 MB free, 134217728.00 MB total
[2017.04.04-15.33.41:627][  0]LogTextLocalizationManager: No translations for ('nl-BE') exist, falling back to 'en' for localization and internationalization data.
[2017.04.04-15.33.42:254][  0]LogD3D11RHI: D3D11 adapters:
[2017.04.04-15.33.42:290][  0]LogD3D11RHI:    0. 'NVIDIA GeForce GTX 1050 Ti' (Feature Level 11_0)
[2017.04.04-15.33.42:290][  0]LogD3D11RHI:       4059/0/4072 MB DedicatedVideo/DedicatedSystem/SharedSystem, Outputs:2, VendorId:0x10de
[2017.04.04-15.33.42:291][  0]LogD3D11RHI:    1. 'Microsoft Basic Render Driver' (Feature Level 11_0)
[2017.04.04-15.33.42:291][  0]LogD3D11RHI:       0/0/4072 MB DedicatedVideo/DedicatedSystem/SharedSystem, Outputs:0, VendorId:0x1414
[2017.04.04-15.33.42:291][  0]LogD3D11RHI: Chosen D3D11 Adapter: 0
[2017.04.04-15.33.42:299][  0]LogD3D11RHI: Creating new Direct3DDevice
[2017.04.04-15.33.42:299][  0]LogD3D11RHI:     GPU DeviceId: 0x1c82 (for the marketing name, search the web for "GPU Device Id")
[2017.04.04-15.33.42:299][  0]LogWindows: EnumDisplayDevices:
[2017.04.04-15.33.42:299][  0]LogWindows:    0. 'NVIDIA GeForce GTX 1050 Ti' (P:1 D:1)
[2017.04.04-15.33.42:300][  0]LogWindows:    1. 'NVIDIA GeForce GTX 1050 Ti' (P:0 D:1)
[2017.04.04-15.33.42:300][  0]LogWindows:    2. 'NVIDIA GeForce GTX 1050 Ti' (P:0 D:0)
[2017.04.04-15.33.42:300][  0]LogWindows:    3. 'NVIDIA GeForce GTX 1050 Ti' (P:0 D:0)
[2017.04.04-15.33.42:301][  0]LogWindows: DebugString: FoundDriverCount:4 
[2017.04.04-15.33.42:301][  0]LogD3D11RHI:     Adapter Name: NVIDIA GeForce GTX 1050 Ti
[2017.04.04-15.33.42:301][  0]LogD3D11RHI:   Driver Version: 376.53 (internal:21.21.13.7653, unified:376.53)
[2017.04.04-15.33.42:301][  0]LogD3D11RHI:      Driver Date: 12-29-2016
[2017.04.04-15.33.42:301][  0]LogRHI: Texture pool is 1361 MB (70% of 1945 MB)
[2017.04.04-15.33.42:315][  0]LogD3D11RHI: Async texture creation enabled
[2017.04.04-15.33.42:325][  0]LogD3D11RHI: GPU Timing Frequency: 1000.000000 (Debug: 2 1)
[2017.04.04-15.33.42:421][  0]LogShaderCompilers: Guid format shader working directory is -4 characters bigger than the processId version (../../../../../D Drive/MALUM_SVN/MALUM_SVN/MALUM/Intermediate/Shaders/WorkingDirectory/11136/).
[2017.04.04-15.33.42:421][  0]LogShaderCompilers: Cleaned the shader compiler working directory 'C:/Users/Jorn/AppData/Local/Temp/UnrealShaderWorkingDir/9349C21E4F96CE0628C117905C424866/'.
[2017.04.04-15.33.42:421][  0]LogShaderCompilers:Display: Using Local Shader Compiler.
[2017.04.04-15.33.43:509][  0]LogTemp:Display: Loaded TP AllDesktopTargetPlatform
[2017.04.04-15.33.43:555][  0]LogTemp:Display: Loaded TP MacClientTargetPlatform
[2017.04.04-15.33.43:631][  0]LogTemp:Display: Loaded TP MacNoEditorTargetPlatform
[2017.04.04-15.33.43:696][  0]LogTemp:Display: Loaded TP MacServerTargetPlatform
[2017.04.04-15.33.43:739][  0]LogTemp:Display: Loaded TP MacTargetPlatform
[2017.04.04-15.33.43:784][  0]LogTemp:Display: Loaded TP WindowsClientTargetPlatform
[2017.04.04-15.33.43:827][  0]LogTemp:Display: Loaded TP WindowsNoEditorTargetPlatform
[2017.04.04-15.33.43:872][  0]LogTemp:Display: Loaded TP WindowsServerTargetPlatform
[2017.04.04-15.33.43:905][  0]LogTemp:Display: Loaded TP WindowsTargetPlatform
[2017.04.04-15.33.43:950][  0]LogTemp:Display: Loaded TP AndroidTargetPlatform
[2017.04.04-15.33.43:993][  0]LogTemp:Display: Loaded TP Android_ASTCTargetPlatform
[2017.04.04-15.33.44:034][  0]LogTemp:Display: Loaded TP Android_ATCTargetPlatform
[2017.04.04-15.33.44:077][  0]LogTemp:Display: Loaded TP Android_DXTTargetPlatform
[2017.04.04-15.33.44:120][  0]LogTemp:Display: Loaded TP Android_ETC1TargetPlatform
[2017.04.04-15.33.44:163][  0]LogTemp:Display: Loaded TP Android_ETC2TargetPlatform
[2017.04.04-15.33.44:248][  0]LogTemp:Display: Loaded TP Android_MultiTargetPlatform
[2017.04.04-15.33.44:248][  0]LogTemp:Display: Loaded TP Android_PVRTCTargetPlatform
[2017.04.04-15.33.44:275][  0]LogTemp:Display: Loaded TP HTML5TargetPlatform
[2017.04.04-15.33.44:355][  0]LogTemp:Display: Loaded TP IOSTargetPlatform
[2017.04.04-15.33.44:386][  0]LogTemp:Display: Loaded TP TVOSTargetPlatform
[2017.04.04-15.33.44:431][  0]LogTemp:Display: Loaded TP LinuxClientTargetPlatform
[2017.04.04-15.33.44:475][  0]LogTemp:Display: Loaded TP LinuxNoEditorTargetPlatform
[2017.04.04-15.33.44:517][  0]LogTemp:Display: Loaded TP LinuxServerTargetPlatform
[2017.04.04-15.33.44:559][  0]LogTemp:Display: Loaded TP LinuxTargetPlatform
[2017.04.04-15.33.44:559][  0]LogTargetPlatformManager:Display: Building Assets For Windows
[2017.04.04-15.33.44:864][  0]LogDerivedDataCache:Display: Max Cache Size: 512 MB
[2017.04.04-15.33.44:917][  0]LogDerivedDataCache: Loaded boot cache 0.05s 50MB C:/Users/Jorn/AppData/Local/UnrealEngine/4.15/DerivedDataCache/Boot.ddc.
[2017.04.04-15.33.44:917][  0]LogDerivedDataCache:Display: Loaded Boot cache: C:/Users/Jorn/AppData/Local/UnrealEngine/4.15/DerivedDataCache/Boot.ddc
[2017.04.04-15.33.44:917][  0]LogDerivedDataCache: FDerivedDataBackendGraph:  Pak pak cache file ../../../../../D Drive/MALUM_SVN/MALUM_SVN/MALUM/DerivedDataCache/DDC.ddp not found, will not use a pak cache.
[2017.04.04-15.33.44:917][  0]LogDerivedDataCache: Unable to find inner node Pak for hierarchical cache Hierarchy.
[2017.04.04-15.33.44:917][  0]LogDerivedDataCache: FDerivedDataBackendGraph:  CompressedPak pak cache file ../../../../../D Drive/MALUM_SVN/MALUM_SVN/MALUM/DerivedDataCache/Compressed.ddp not found, will not use a pak cache.
[2017.04.04-15.33.44:917][  0]LogDerivedDataCache: Unable to find inner node CompressedPak for hierarchical cache Hierarchy.
[2017.04.04-15.33.44:936][  0]LogDerivedDataCache:Display: Pak cache opened for reading ../../../Engine/DerivedDataCache/Compressed.ddp.
[2017.04.04-15.33.44:949][  0]LogDerivedDataCache: Using Local data cache path C:/Users/Jorn/AppData/Local/UnrealEngine/Common/DerivedDataCache: Writable
[2017.04.04-15.33.44:958][  0]LogSlate: Using Freetype 2.6.0
[2017.04.04-15.33.44:959][  0]LogSlate: SlateFontCache - WITH_FREETYPE: 1, WITH_HARFBUZZ: 1
[2017.04.04-15.33.44:959][  0]LogSlate: SlateFontCache - WITH_FREETYPE: 1, WITH_HARFBUZZ: 1
[2017.04.04-15.33.46:703][  0]LogInit: Selected Device Profile: [Windows]
[2017.04.04-15.33.46:705][  0]LogContentStreaming: Texture pool size is 0.00 MB
[2017.04.04-15.33.46:884][  0]LogMeshUtilities: Using QuadricMeshReduction for automatic static mesh reduction
[2017.04.04-15.33.46:914][  0]LogSimplygon: Simplygon DLL not present - disabling.
[2017.04.04-15.33.46:946][  0]LogMeshUtilities: Using SimplygonSwarm for distributed automatic mesh merging
[2017.04.04-15.33.46:946][  0]LogMeshUtilities: No automatic skeletal mesh reduction module available
[2017.04.04-15.33.46:946][  0]LogMeshUtilities: No automatic mesh merging module available
[2017.04.04-15.33.48:809][  0]LogNetVersion: GetLocalNetworkVersion: CL: 3299760, ProjectName: malum, ProjectVersion: , EngineNetworkVersion: 2, GameNetworkVersion: 0, NetworkChecksum: 2995604447
[2017.04.04-15.33.48:849][  0]LogAssetRegistry: FAssetRegistry took 0.0216 seconds to start up
[2017.04.04-15.33.48:924][  0]LogPackageLocalizationCache: Processed 3 localized package path(s) for 1 prioritized culture(s) in 0.060645 seconds
[2017.04.04-15.33.48:931][  0]LogUObjectArray: 32493 objects as part of root set at end of initial load.
[2017.04.04-15.33.48:931][  0]LogUObjectAllocator: 7077032 out of 0 bytes used by permanent object pool.
[2017.04.04-15.33.48:931][  0]LogUObjectArray: CloseDisregardForGC: 0/0 objects in disregard for GC pool
[2017.04.04-15.33.48:975][  0]LogInit: WinSock: version 1.1 (2.2), MaxSocks=32767, MaxUdp=65467
[2017.04.04-15.33.50:322][  0]LogTcpMessaging: Initializing TcpMessaging bridge
[2017.04.04-15.33.50:353][  0]LogUdpMessaging: Initializing bridge on interface 0.0.0.0:0 to multicast group 230.0.0.1:6666.
[2017.04.04-15.33.50:805][  0]LogMaterial: Uniform references updated for custom material expression Custom.
[2017.04.04-15.33.51:101][  0]SourceControl: Info Source control is disabled
[2017.04.04-15.33.51:102][  0]SourceControl: Info Source control is disabled
[2017.04.04-15.33.51:135][  0]SourceControl: Info Source control is disabled
[2017.04.04-15.33.51:165][  0]SourceControl: Info Source control is disabled
[2017.04.04-15.33.52:036][  0]LogEngine: Initializing Engine...
[2017.04.04-15.33.52:037][  0]LogHMD: Failed to initialize OpenVR with code 110
[2017.04.04-15.33.52:230][  0]LogAIModule: Creating AISystem for world Untitled
[2017.04.04-15.33.52:244][  0]LogInit: XAudio2 using 'Speakers (Realtek High Definition Audio)' : 2 channels at 48 kHz using 32 bits per sample (channel mask 0x3)
[2017.04.04-15.33.52:259][  0]LogInit: FAudioDevice initialized.
[2017.04.04-15.33.52:293][  0]LogDerivedDataCache: Saved boot cache 0.03s 50MB C:/Users/Jorn/AppData/Local/UnrealEngine/4.15/DerivedDataCache/Boot.ddc.
[2017.04.04-15.33.52:316][  0]LogInit: Texture streaming: Enabled
[2017.04.04-15.33.52:385][  0]LogEngineSessionManager: EngineSessionManager initialized
[2017.04.04-15.33.52:500][  0]LogInit: Transaction tracking system initialized
[2017.04.04-15.33.52:964][  0]BlueprintLog: New page: Editor Load
[2017.04.04-15.33.53:638][  0]LocalizationService: Info Localization service is disabled
[2017.04.04-15.33.54:107][  0]LogConsoleResponse:Display: 
[2017.04.04-15.33.54:345][  0]LogCook:Display: Max memory allowance for cook 16384mb min free memory 0mb
[2017.04.04-15.33.54:345][  0]LogCook:Display: Mobile HDR setting 1
[2017.04.04-15.33.55:111][  0]LogFileCache: Scanning file cache for directory 'D:/D Drive/MALUM_SVN/MALUM_SVN/MALUM/Content/' took 0.03s
[2017.04.04-15.33.55:111][  0]SourceControl: Info Source control is disabled
[2017.04.04-15.33.55:111][  0]Cmd: MAP LOAD FILE="../../../../../D Drive/MALUM_SVN/MALUM_SVN/MALUM/Content/FirstPersonBP/Maps/FirstPersonExampleMap.umap" TEMPLATE=0 SHOWPROGRESS=1 FEATURELEVEL=3
[2017.04.04-15.33.55:157][  0]LightingResults: New page: Lighting Build
[2017.04.04-15.33.55:185][  0]MapCheck: New page: Map Check
[2017.04.04-15.33.55:185][  0]LightingResults: New page: Lighting Build
[2017.04.04-15.34.06:952][  0]LogAIModule: Creating AISystem for world FirstPersonExampleMap
[2017.04.04-15.34.08:709][  0]LogEditorServer: Finished looking for orphan Actors (0.000 secs)
[2017.04.04-15.34.09:106][  0]Cmd: MAP CHECKDEP NOCLEARLOG
[2017.04.04-15.34.09:172][  0]MapCheck: Info Map check complete: 0 Error(s), 0 Warning(s), took 65.788ms to complete.
[2017.04.04-15.34.09:172][  0]LogFileHelpers: Loading map 'FirstPersonExampleMap' took 14.060
[2017.04.04-15.34.09:276][  0]LogWindowsTextInputMethodSystem:Display: IME system now deactivated.
[2017.04.04-15.34.13:279][  0]LogCollectionManager: Loaded 0 collections in 0.001132 seconds
[2017.04.04-15.34.13:602][  0]LogFileCache: Scanning file cache for directory 'D:/D Drive/MALUM_SVN/MALUM_SVN/MALUM/Saved/Collections/' took 0.01s
[2017.04.04-15.34.13:602][  0]LogFileCache: Scanning file cache for directory 'D:/D Drive/MALUM_SVN/MALUM_SVN/MALUM/Content/Developers/Jorn/Collections/' took 0.01s
[2017.04.04-15.34.13:602][  0]LogFileCache: Scanning file cache for directory 'D:/D Drive/MALUM_SVN/MALUM_SVN/MALUM/Content/Collections/' took 0.01s
[2017.04.04-15.34.13:602][  0]LogCollectionManager: Rebuilt the GUID cache for 0 collections in 0.000003 seconds
[2017.04.04-15.34.13:625][  0]LogContentBrowser: Native class hierarchy populated in 0.0198 seconds. Added 2245 classes and 453 folders.
[2017.04.04-15.34.13:925][  0]LogStats: UGameplayTagsManager::ConstructGameplayTagTree: Construct from data asset -  0.000 s
[2017.04.04-15.34.14:125][  0]LogStats: UGameplayTagsManager::ConstructGameplayTagTree: GameplayTagTreeChangedEvent.Broadcast -  0.081 s
[2017.04.04-15.34.14:538][  0]LogContentBrowser: Native class hierarchy updated for 'WidgetCarousel' in 0.0006 seconds. Added 0 classes and 0 folders.
[2017.04.04-15.34.21:404][  0]LogContentBrowser: Native class hierarchy updated for 'AddContentDialog' in 0.0006 seconds. Added 0 classes and 0 folders.
[2017.04.04-15.34.21:685][  0]LogContentBrowser: Native class hierarchy updated for 'SceneOutliner' in 0.0006 seconds. Added 1 classes and 2 folders.
[2017.04.04-15.34.23:488][  0]LogCrashTracker: Crashtracker disabled due to settings.
[2017.04.04-15.34.23:903][  0]LogUObjectGlobals:Warning: Failed to find object 'Class None.'
[2017.04.04-15.34.24:001][  0]LogContentBrowser: Native class hierarchy updated for 'HierarchicalLODOutliner' in 0.0006 seconds. Added 1 classes and 2 folders.
[2017.04.04-15.34.24:001][  0]LogLoad: (Engine Initialization) Total time: 44.38 seconds
[2017.04.04-15.34.24:001][  0]LogLoad: (Engine Initialization) Total Blueprint compile time: 0.97 seconds
[2017.04.04-15.34.24:001][  0]LogExternalProfiler: Found external profiler: VSPerf
[2017.04.04-15.34.24:001][  0]LogExternalProfiler: Using external profiler: VSPerf
[2017.04.04-15.34.24:011][  0]LogOcInput: OculusInput pre-init called
[2017.04.04-15.34.24:282][  0]LogContentStreaming: Texture pool size now 1000 MB
[2017.04.04-15.34.24:284][  0]LogSlate: Took 0.000241 seconds to synchronously load lazily loaded font '../../../Engine/Content/Slate/Fonts/Roboto-Regular.ttf' (155K)
[2017.04.04-15.34.24:289][  0]LogSlate: Took 0.000259 seconds to synchronously load lazily loaded font '../../../Engine/Content/Slate/Fonts/Roboto-Bold.ttf' (160K)
[2017.04.04-15.34.24:437][  0]LogSlate: Took 0.010230 seconds to synchronously load lazily loaded font '../../../Engine/Content/Editor/Slate/Fonts/FontAwesome.ttf' (139K)
[2017.04.04-15.34.26:031][  0]LogRenderer: Reallocating scene render targets to support 1208x576 NumSamples 1 (Frame:2).
[2017.04.04-15.34.27:961][  1]LogSlate: Took 0.051660 seconds to synchronously load lazily loaded font '../../../Engine/Content/Slate/Fonts/Roboto-Light.ttf' (159K)
[2017.04.04-15.34.28:465][  3]LogAssetRegistry: Asset discovery search completed in 39.6384 seconds
[2017.04.04-15.34.28:465][  3]LogCollectionManager: Rebuilt the object cache for 0 collections in 0.000018 seconds (found 0 objects)
[2017.04.04-15.34.28:465][  3]LogCollectionManager: Fixed up redirectors for 0 collections in 0.000034 seconds (updated 0 objects)
[2017.04.04-15.35.16:637][513]LogSlate: Took 0.000312 seconds to synchronously load lazily loaded font '../../../Engine/Content/Slate/Fonts/Roboto-Light.ttf' (159K)
[2017.04.04-15.35.16:752][513]LogMaterial: Missing cached shader map for material man_guyMat, compiling. 
[2017.04.04-15.35.16:776][513]LogTemp:Display: Added material ShaderMap 0x000002148DE00F00 with Material 0x00000214E4F75D80 to ShaderMapsBeingCompiled
[2017.04.04-15.35.16:906][513]LogTemp:Display: Kicking off shader compilation for man_guyMat, GameThreadShaderMap 0x000002148DE00F00
[2017.04.04-15.35.17:004][513]LogStaticMesh: Building static mesh male_scale...
[2017.04.04-15.35.17:234][513]LogStaticMesh: Built static mesh [0.33s] /Game/Characters/male_scale.male_scale
[2017.04.04-15.35.17:659][513]LogMaterial: Missing cached shader map for material WorldGridMaterial, compiling. Is special engine material.
[2017.04.04-15.35.17:676][513]LogTemp:Display: Added material ShaderMap 0x000002148CA79280 with Material 0x00000214D25F2680 to ShaderMapsBeingCompiled
[2017.04.04-15.35.26:617][513]LogTemp:Display: Finished compile of shader map 0x000002148CA79280
[2017.04.04-15.35.26:617][513]LogTemp:Display: Shader map WorldGridMaterial complete, GameThreadShaderMap 0x000002148CA79280, marking material WorldGridMaterial as finished
[2017.04.04-15.35.26:617][513]LogTemp:Display: Marking material as finished 0x00000214D25F2680
[2017.04.04-15.35.26:718][513]LogTexture:Display: Building textures: Texture2D_0 (BGRA8, 512X512) - 140 MB total VRAM
[2017.04.04-15.35.26:782][513]LogTexture:Display: Building textures: Texture2D_1 (BGRA8, 512X512) - 140 MB total VRAM
[2017.04.04-15.35.26:837][513]LogTexture:Display: Building textures: Texture2D_2 (BGRA8, 512X512) - 140 MB total VRAM
[2017.04.04-15.35.26:897][513]LogTexture:Display: Building textures: Texture2D_3 (BGRA8, 512X512) - 140 MB total VRAM
[2017.04.04-15.35.26:907][513]LogSlate: Took 0.000151 seconds to synchronously load lazily loaded font '../../../Engine/Content/Slate/Fonts/Roboto-Regular.ttf' (155K)
[2017.04.04-15.35.26:970][513]LogTexture:Display: Building textures: Texture2D_4 (BGRA8, 512X512) - 140 MB total VRAM
[2017.04.04-15.35.26:994][513]LogTexture:Display: Building textures: Texture2D_5 (BGRA8, 512X512) - 140 MB total VRAM
[2017.04.04-15.35.27:014][513]LogTexture:Display: Building textures: Texture2D_6 (BGRA8, 512X512) - 140 MB total VRAM
[2017.04.04-15.35.27:031][513]LogTexture:Display: Building textures: Texture2D_7 (BGRA8, 512X512) - 140 MB total VRAM
[2017.04.04-15.35.27:055][513]LogTexture:Display: Building textures: Texture2D_8 (BGRA8, 512X512) - 140 MB total VRAM
[2017.04.04-15.35.27:100][513]LogTexture:Display: Building textures: Texture2D_9 (BGRA8, 512X512) - 140 MB total VRAM
[2017.04.04-15.35.27:137][513]LogTexture:Display: Building textures: Texture2D_10 (BGRA8, 512X512) - 140 MB total VRAM
[2017.04.04-15.35.27:182][513]LogTexture:Display: Building textures: Texture2D_11 (BGRA8, 512X512) - 140 MB total VRAM
[2017.04.04-15.35.27:231][513]LogTexture:Display: Building textures: Texture2D_12 (BGRA8, 512X512) - 140 MB total VRAM
[2017.04.04-15.35.27:254][513]LogTexture:Display: Building textures: Texture2D_13 (BGRA8, 512X512) - 140 MB total VRAM
[2017.04.04-15.35.27:271][513]LogTexture:Display: Building textures: Texture2D_14 (BGRA8, 512X512) - 140 MB total VRAM
[2017.04.04-15.35.27:293][513]LogTexture:Display: Building textures: Texture2D_15 (BGRA8, 512X512) - 140 MB total VRAM
[2017.04.04-15.35.27:304][513]LogAIModule: Creating AISystem for world PvP_Arena
[2017.04.04-15.35.27:743][513]Cmd: MAP LOAD FILE="../../../../../D Drive/MALUM_SVN/MALUM_SVN/MALUM/Content/Levels/PvP_Arena.umap" TEMPLATE=0 SHOWPROGRESS=1 FEATURELEVEL=3
[2017.04.04-15.35.27:744][513]LightingResults: New page: Lighting Build
[2017.04.04-15.35.27:750][513]LoadErrors: New page: Loading map: PvP_Arena.umap
[2017.04.04-15.35.27:796][513]MapCheck: New page: Map Check
[2017.04.04-15.35.27:796][513]LightingResults: New page: Lighting Build
[2017.04.04-15.35.27:983][513]LogTemp:Display: Finished compile of shader map 0x000002148DE00F00
[2017.04.04-15.35.27:983][513]LogTemp:Display: Shader map man_guyMat complete, GameThreadShaderMap 0x000002148DE00F00, marking material man_guyMat as finished
[2017.04.04-15.35.27:983][513]LogTemp:Display: Marking material as finished 0x00000214E4F75D80
[2017.04.04-15.35.28:667][513]LogEditorServer: Finished looking for orphan Actors (0.000 secs)
[2017.04.04-15.35.28:692][513]Cmd: MAP CHECKDEP NOCLEARLOG
[2017.04.04-15.35.28:727][513]MapCheck: Info Map check complete: 0 Error(s), 0 Warning(s), took 34.551ms to complete.
[2017.04.04-15.35.28:727][513]LogFileHelpers: Loading map 'PvP_Arena' took 1.013
[2017.04.04-15.35.35:059][190]LogAIModule: Creating AISystem for world OpenWorld
[2017.04.04-15.35.35:071][190]Cmd: MAP LOAD FILE="../../../../../D Drive/MALUM_SVN/MALUM_SVN/MALUM/Content/Levels/OpenWorld.umap" TEMPLATE=0 SHOWPROGRESS=1 FEATURELEVEL=3
[2017.04.04-15.35.35:071][190]LightingResults: New page: Lighting Build
[2017.04.04-15.35.35:073][190]LoadErrors: New page: Loading map: OpenWorld.umap
[2017.04.04-15.35.35:085][190]MapCheck: New page: Map Check
[2017.04.04-15.35.35:085][190]LightingResults: New page: Lighting Build
[2017.04.04-15.35.35:117][190]LogEditorServer: Finished looking for orphan Actors (0.000 secs)
[2017.04.04-15.35.35:151][190]Cmd: MAP CHECKDEP NOCLEARLOG
[2017.04.04-15.35.35:185][190]MapCheck: Info Map check complete: 0 Error(s), 0 Warning(s), took 34.038ms to complete.
[2017.04.04-15.35.35:185][190]LogFileHelpers: Loading map 'OpenWorld' took 0.115
[2017.04.04-15.35.40:607][822]LogAIModule: Creating AISystem for world Homebase
[2017.04.04-15.35.40:631][822]Cmd: MAP LOAD FILE="../../../../../D Drive/MALUM_SVN/MALUM_SVN/MALUM/Content/Levels/Homebase.umap" TEMPLATE=0 SHOWPROGRESS=1 FEATURELEVEL=3
[2017.04.04-15.35.40:631][822]LightingResults: New page: Lighting Build
[2017.04.04-15.35.40:633][822]LoadErrors: New page: Loading map: Homebase.umap
[2017.04.04-15.35.40:633][822]MapCheck: New page: Map Check
[2017.04.04-15.35.40:633][822]LightingResults: New page: Lighting Build
[2017.04.04-15.35.40:645][822]LogEditorServer: Finished looking for orphan Actors (0.000 secs)
[2017.04.04-15.35.40:663][822]Cmd: MAP CHECKDEP NOCLEARLOG
[2017.04.04-15.35.40:697][822]MapCheck: Info Map check complete: 0 Error(s), 0 Warning(s), took 33.366ms to complete.
[2017.04.04-15.35.40:697][822]LogFileHelpers: Loading map 'Homebase' took 0.067
[2017.04.04-15.35.45:441][383]LogAIModule: Creating AISystem for world PvP_Arena
[2017.04.04-15.35.45:473][383]Cmd: MAP LOAD FILE="../../../../../D Drive/MALUM_SVN/MALUM_SVN/MALUM/Content/Levels/PvP_Arena.umap" TEMPLATE=0 SHOWPROGRESS=1 FEATURELEVEL=3
[2017.04.04-15.35.45:473][383]LightingResults: New page: Lighting Build
[2017.04.04-15.35.45:475][383]LoadErrors: New page: Loading map: PvP_Arena.umap
[2017.04.04-15.35.45:475][383]MapCheck: New page: Map Check
[2017.04.04-15.35.45:475][383]LightingResults: New page: Lighting Build
[2017.04.04-15.35.45:552][383]LogEditorServer: Finished looking for orphan Actors (0.000 secs)
[2017.04.04-15.35.45:569][383]Cmd: MAP CHECKDEP NOCLEARLOG
[2017.04.04-15.35.45:603][383]MapCheck: Info Map check complete: 0 Error(s), 0 Warning(s), took 33.848ms to complete.
[2017.04.04-15.35.45:603][383]LogFileHelpers: Loading map 'PvP_Arena' took 0.132
[2017.04.04-15.37.13:178][482]LogAIModule: Creating AISystem for world Homebase
[2017.04.04-15.37.13:188][482]Cmd: MAP LOAD FILE="../../../../../D Drive/MALUM_SVN/MALUM_SVN/MALUM/Content/Levels/Homebase.umap" TEMPLATE=0 SHOWPROGRESS=1 FEATURELEVEL=3
[2017.04.04-15.37.13:188][482]LightingResults: New page: Lighting Build
[2017.04.04-15.37.13:190][482]LoadErrors: New page: Loading map: Homebase.umap
[2017.04.04-15.37.13:191][482]MapCheck: New page: Map Check
[2017.04.04-15.37.13:191][482]LightingResults: New page: Lighting Build
[2017.04.04-15.37.13:208][482]LogEditorServer: Finished looking for orphan Actors (0.000 secs)
[2017.04.04-15.37.13:226][482]Cmd: MAP CHECKDEP NOCLEARLOG
[2017.04.04-15.37.13:261][482]MapCheck: Info Map check complete: 0 Error(s), 0 Warning(s), took 35.544ms to complete.
[2017.04.04-15.37.13:261][482]LogFileHelpers: Loading map 'Homebase' took 0.074
[2017.04.04-15.37.14:117][578]LogAIModule: Creating AISystem for world OpenWorld
[2017.04.04-15.37.14:128][578]Cmd: MAP LOAD FILE="../../../../../D Drive/MALUM_SVN/MALUM_SVN/MALUM/Content/Levels/OpenWorld.umap" TEMPLATE=0 SHOWPROGRESS=1 FEATURELEVEL=3
[2017.04.04-15.37.14:128][578]LightingResults: New page: Lighting Build
[2017.04.04-15.37.14:129][578]LoadErrors: New page: Loading map: OpenWorld.umap
[2017.04.04-15.37.14:129][578]MapCheck: New page: Map Check
[2017.04.04-15.37.14:129][578]LightingResults: New page: Lighting Build
[2017.04.04-15.37.14:142][578]LogEditorServer: Finished looking for orphan Actors (0.000 secs)
[2017.04.04-15.37.14:160][578]Cmd: MAP CHECKDEP NOCLEARLOG
[2017.04.04-15.37.14:195][578]MapCheck: Info Map check complete: 0 Error(s), 0 Warning(s), took 34.22ms to complete.
[2017.04.04-15.37.14:195][578]LogFileHelpers: Loading map 'OpenWorld' took 0.068
[2017.04.04-15.37.14:808][643]LogAIModule: Creating AISystem for world PvP_Arena
[2017.04.04-15.37.14:835][643]Cmd: MAP LOAD FILE="../../../../../D Drive/MALUM_SVN/MALUM_SVN/MALUM/Content/Levels/PvP_Arena.umap" TEMPLATE=0 SHOWPROGRESS=1 FEATURELEVEL=3
[2017.04.04-15.37.14:835][643]LightingResults: New page: Lighting Build
[2017.04.04-15.37.14:836][643]LoadErrors: New page: Loading map: PvP_Arena.umap
[2017.04.04-15.37.14:837][643]MapCheck: New page: Map Check
[2017.04.04-15.37.14:837][643]LightingResults: New page: Lighting Build
[2017.04.04-15.37.14:922][643]LogEditorServer: Finished looking for orphan Actors (0.000 secs)
[2017.04.04-15.37.14:938][643]Cmd: MAP CHECKDEP NOCLEARLOG
[2017.04.04-15.37.14:971][643]MapCheck: Info Map check complete: 0 Error(s), 0 Warning(s), took 32.66ms to complete.
[2017.04.04-15.37.14:971][643]LogFileHelpers: Loading map 'PvP_Arena' took 0.137
[2017.04.04-15.37.23:588][651]LogMaterial: Missing cached shader map for material Material_0, compiling. 
[2017.04.04-15.37.23:589][651]LogTemp:Display: Added material ShaderMap 0x000002148D7D4100 with Material 0x00000214D5139F00 to ShaderMapsBeingCompiled
[2017.04.04-15.37.23:614][651]LogTemp:Display: Kicking off shader compilation for Material_0, GameThreadShaderMap 0x000002148D7D4100
[2017.04.04-15.37.23:649][652]LogMaterial: Missing cached shader map for material Material_1, compiling. 
[2017.04.04-15.37.23:650][652]LogTemp:Display: Added material ShaderMap 0x000002148FE2AE80 with Material 0x00000214D5119000 to ShaderMapsBeingCompiled
[2017.04.04-15.37.23:677][652]LogTemp:Display: Kicking off shader compilation for Material_1, GameThreadShaderMap 0x000002148FE2AE80
[2017.04.04-15.37.23:717][653]LogMaterial: Missing cached shader map for material Material_2, compiling. 
[2017.04.04-15.37.23:718][653]LogTemp:Display: Added material ShaderMap 0x000002148D073900 with Material 0x00000214D4FD7E80 to ShaderMapsBeingCompiled
[2017.04.04-15.37.23:743][653]LogTemp:Display: Kicking off shader compilation for Material_2, GameThreadShaderMap 0x000002148D073900
[2017.04.04-15.37.23:783][654]LogMaterial: Missing cached shader map for material Material_3, compiling. 
[2017.04.04-15.37.23:784][654]LogTemp:Display: Added material ShaderMap 0x00000214A2704100 with Material 0x00000214D510F400 to ShaderMapsBeingCompiled
[2017.04.04-15.37.23:811][654]LogTemp:Display: Kicking off shader compilation for Material_3, GameThreadShaderMap 0x00000214A2704100
[2017.04.04-15.37.33:784][749]LogTemp:Display: Finished compile of shader map 0x000002148D7D4100
[2017.04.04-15.37.33:784][749]LogTemp:Display: Shader map Material_0 complete, GameThreadShaderMap 0x000002148D7D4100, marking material Material_0 as finished
[2017.04.04-15.37.33:784][749]LogTemp:Display: Marking material as finished 0x00000214D5139F00
[2017.04.04-15.37.38:239][261]LogTemp:Display: Finished compile of shader map 0x000002148FE2AE80
[2017.04.04-15.37.38:239][261]LogTemp:Display: Shader map Material_1 complete, GameThreadShaderMap 0x000002148FE2AE80, marking material Material_1 as finished
[2017.04.04-15.37.38:239][261]LogTemp:Display: Marking material as finished 0x00000214D5119000
[2017.04.04-15.37.42:777][745]LogTemp:Display: Finished compile of shader map 0x000002148D073900
[2017.04.04-15.37.42:777][745]LogTemp:Display: Shader map Material_2 complete, GameThreadShaderMap 0x000002148D073900, marking material Material_2 as finished
[2017.04.04-15.37.42:777][745]LogTemp:Display: Marking material as finished 0x00000214D4FD7E80
[2017.04.04-15.37.45:242][ 14]LogTemp:Display: Finished compile of shader map 0x00000214A2704100
[2017.04.04-15.37.45:242][ 14]LogTemp:Display: Shader map Material_3 complete, GameThreadShaderMap 0x00000214A2704100, marking material Material_3 as finished
[2017.04.04-15.37.45:242][ 14]LogTemp:Display: Marking material as finished 0x00000214D510F400
[2017.04.04-15.38.20:260][337]LogWindowsTextInputMethodSystem:Display: IME system now deactivated.
[2017.04.04-15.38.20:887][338]Cmd: QUIT_EDITOR
[2017.04.04-15.38.21:323][338]LogExit: Preparing to exit.
[2017.04.04-15.38.22:030][338]LogDirectoryWatcher: A directory notification for 'D:/D Drive/MALUM_SVN/MALUM_SVN/MALUM/Content/' was aborted.
[2017.04.04-15.38.22:292][338]LogExit: Editor shut down
[2017.04.04-15.38.22:294][338]LogExit: Transaction tracking system shut down
[2017.04.04-15.38.25:530][338]LogObj: Freed 0b from 0 cluster array pools.
[2017.04.04-15.38.25:530][338]LogExit: Object subsystem successfully closed.
[2017.04.04-15.38.25:717][338]LogD3D11RHI: Shutdown
[2017.04.04-15.38.25:717][338]LogD3D11RHI: CleanupD3DDevice
[2017.04.04-15.38.25:843][338]LogD3D11RHI: ~FD3D11DynamicRHI
[2017.04.04-15.38.26:829][338]LogModuleManager: Shutting down and abandoning module HierarchicalLODOutliner (498)
[2017.04.04-15.38.26:835][338]LogModuleManager: Shutting down and abandoning module CrashTracker (496)
[2017.04.04-15.38.26:835][338]LogModuleManager: Shutting down and abandoning module SceneOutliner (494)
[2017.04.04-15.38.26:835][338]LogModuleManager: Shutting down and abandoning module AddContentDialog (492)
[2017.04.04-15.38.26:855][338]LogDirectoryWatcher: A directory notification for 'D:/Program Files (x86)/UE_4.15/FeaturePacks/' was aborted.
[2017.04.04-15.38.26:858][338]LogModuleManager: Shutting down and abandoning module WidgetCarousel (491)
[2017.04.04-15.38.26:858][338]LogModuleManager: Shutting down and abandoning module EditorWidgets (488)
[2017.04.04-15.38.26:858][338]LogModuleManager: Shutting down and abandoning module CollectionManager (486)
[2017.04.04-15.38.26:879][338]LogDirectoryWatcher: A directory notification for 'D:/D Drive/MALUM_SVN/MALUM_SVN/MALUM/Content/Collections/' was aborted.
[2017.04.04-15.38.26:880][338]LogDirectoryWatcher: A directory notification for 'D:/D Drive/MALUM_SVN/MALUM_SVN/MALUM/Content/Developers/Jorn/Collections/' was aborted.
[2017.04.04-15.38.26:880][338]LogDirectoryWatcher: A directory notification for 'D:/D Drive/MALUM_SVN/MALUM_SVN/MALUM/Saved/Collections/' was aborted.
[2017.04.04-15.38.26:880][338]LogModuleManager: Shutting down and abandoning module StatsViewer (484)
[2017.04.04-15.38.26:896][338]LogModuleManager: Shutting down and abandoning module FoliageEdit (482)
[2017.04.04-15.38.26:900][338]LogModuleManager: Shutting down and abandoning module LandscapeEditor (480)
[2017.04.04-15.38.26:965][338]LogModuleManager: Shutting down and abandoning module SceneDepthPickerMode (478)
[2017.04.04-15.38.26:965][338]LogModuleManager: Shutting down and abandoning module ActorPickerMode (476)
[2017.04.04-15.38.26:965][338]LogModuleManager: Shutting down and abandoning module GeometryMode (474)
[2017.04.04-15.38.26:973][338]LogModuleManager: Shutting down and abandoning module TextureAlignMode (472)
[2017.04.04-15.38.26:973][338]LogModuleManager: Shutting down and abandoning module BspMode (470)
[2017.04.04-15.38.26:977][338]LogModuleManager: Shutting down and abandoning module HardwareSurvey (468)
[2017.04.04-15.38.27:009][338]LogModuleManager: Shutting down and abandoning module SequenceRecorderSections (466)
[2017.04.04-15.38.27:019][338]LogModuleManager: Shutting down and abandoning module AutomationWorker (464)
[2017.04.04-15.38.27:044][338]LogModuleManager: Shutting down and abandoning module MatineeToLevelSequence (462)
[2017.04.04-15.38.27:061][338]LogModuleManager: Shutting down and abandoning module LevelSequenceEditor (460)
[2017.04.04-15.38.27:160][338]LogModuleManager: Shutting down and abandoning module PlacementMode (459)
[2017.04.04-15.38.27:160][338]LogModuleManager: Shutting down and abandoning module WmfMediaFactory (456)
[2017.04.04-15.38.27:160][338]LogModuleManager: Shutting down and abandoning module WmfMediaEditor (454)
[2017.04.04-15.38.27:160][338]LogModuleManager: Shutting down and abandoning module MfMediaFactory (452)
[2017.04.04-15.38.27:160][338]LogModuleManager: Shutting down and abandoning module MfMediaEditor (450)
[2017.04.04-15.38.27:160][338]LogModuleManager: Shutting down and abandoning module AvfMediaFactory (448)
[2017.04.04-15.38.27:160][338]LogModuleManager: Shutting down and abandoning module AvfMediaEditor (446)
[2017.04.04-15.38.27:160][338]LogModuleManager: Shutting down and abandoning module AndroidMediaFactory (444)
[2017.04.04-15.38.27:160][338]LogModuleManager: Shutting down and abandoning module Media (443)
[2017.04.04-15.38.27:160][338]LogModuleManager: Shutting down and abandoning module AndroidMediaEditor (440)
[2017.04.04-15.38.27:161][338]LogModuleManager: Shutting down and abandoning module CharacterAI (438)
[2017.04.04-15.38.27:161][338]LogModuleManager: Shutting down and abandoning module AudioCapture (436)
[2017.04.04-15.38.27:186][338]LogModuleManager: Shutting down and abandoning module SequenceRecorder (435)
[2017.04.04-15.38.27:253][338]LogModuleManager: Shutting down and abandoning module SmartSnapping (432)
[2017.04.04-15.38.27:253][338]LogModuleManager: Shutting down and abandoning module SessionServices (430)
[2017.04.04-15.38.27:253][338]LogModuleManager: Shutting down and abandoning module ViewportSnapping (428)
[2017.04.04-15.38.27:253][338]LogModuleManager: Shutting down and abandoning module ViewportInteraction (426)
[2017.04.04-15.38.27:253][338]LogModuleManager: Shutting down and abandoning module LogVisualizer (424)
[2017.04.04-15.38.27:283][338]LogModuleManager: Shutting down and abandoning module IntroTutorials (422)
[2017.04.04-15.38.27:304][338]LogModuleManager: Shutting down and abandoning module GameProjectGeneration (421)
[2017.04.04-15.38.27:330][338]LogModuleManager: Shutting down and abandoning module EditorLiveStreaming (418)
[2017.04.04-15.38.27:330][338]LogModuleManager: Shutting down and abandoning module IOSPlatformEditor (416)
[2017.04.04-15.38.27:330][338]LogModuleManager: Shutting down and abandoning module HTML5PlatformEditor (414)
[2017.04.04-15.38.27:330][338]LogModuleManager: Shutting down and abandoning module AndroidPlatformEditor (412)
[2017.04.04-15.38.27:344][338]LogModuleManager: Shutting down and abandoning module AndroidDeviceDetection (411)
[2017.04.04-15.38.27:993][338]LogModuleManager: Shutting down and abandoning module IOSRuntimeSettings (408)
[2017.04.04-15.38.27:994][338]LogModuleManager: Shutting down and abandoning module AndroidRuntimeSettings (406)
[2017.04.04-15.38.27:994][338]LogModuleManager: Shutting down and abandoning module InputBindingEditor (404)
[2017.04.04-15.38.28:004][338]LogModuleManager: Shutting down and abandoning module NiagaraEditor (402)
[2017.04.04-15.38.28:071][338]LogModuleManager: Shutting down and abandoning module MergeActors (400)
[2017.04.04-15.38.28:088][338]LogModuleManager: Shutting down and abandoning module SizeMap (398)
[2017.04.04-15.38.28:109][338]LogModuleManager: Shutting down and abandoning module TreeMap (396)
[2017.04.04-15.38.28:136][338]LogModuleManager: Shutting down and abandoning module ReferenceViewer (394)
[2017.04.04-15.38.28:136][338]LogModuleManager: Shutting down and abandoning module LocalizationDashboard (392)
[2017.04.04-15.38.28:185][338]LogModuleManager: Shutting down and abandoning module LocalizationService (391)
[2017.04.04-15.38.28:214][338]LogModuleManager: Shutting down and abandoning module HardwareTargeting (388)
[2017.04.04-15.38.28:264][338]LogModuleManager: Shutting down and abandoning module DeviceProfileEditor (386)
[2017.04.04-15.38.28:274][338]LogModuleManager: Shutting down and abandoning module UndoHistory (384)
[2017.04.04-15.38.28:285][338]LogModuleManager: Shutting down and abandoning module UserFeedback (382)
[2017.04.04-15.38.28:285][338]LogModuleManager: Shutting down and abandoning module XmlParser (380)
[2017.04.04-15.38.28:324][338]LogModuleManager: Shutting down and abandoning module Blutility (378)
[2017.04.04-15.38.28:340][338]LogModuleManager: Shutting down and abandoning module ProjectSettingsViewer (376)
[2017.04.04-15.38.28:341][338]LogModuleManager: Shutting down and abandoning module ProjectTargetPlatformEditor (375)
[2017.04.04-15.38.28:341][338]LogModuleManager: Shutting down and abandoning module EditorSettingsViewer (372)
[2017.04.04-15.38.28:341][338]LogModuleManager: Shutting down and abandoning module SettingsEditor (370)
[2017.04.04-15.38.28:374][338]LogModuleManager: Shutting down and abandoning module ProjectLauncher (368)
[2017.04.04-15.38.28:384][338]LogModuleManager: Shutting down and abandoning module SessionFrontend (366)
[2017.04.04-15.38.28:402][338]LogModuleManager: Shutting down and abandoning module ProfilerClient (364)
[2017.04.04-15.38.28:421][338]LogModuleManager: Shutting down and abandoning module DeviceManager (362)
[2017.04.04-15.38.28:442][338]LogModuleManager: Shutting down and abandoning module TargetDeviceServices (361)
[2017.04.04-15.38.28:495][338]LogModuleManager: Shutting down and abandoning module AutomationController (358)
[2017.04.04-15.38.28:523][338]LogModuleManager: Shutting down and abandoning module AutomationWindow (356)
[2017.04.04-15.38.28:543][338]LogModuleManager: Shutting down and abandoning module Layers (354)
[2017.04.04-15.38.28:557][338]LogModuleManager: Shutting down and abandoning module ComponentVisualizers (352)
[2017.04.04-15.38.28:557][338]LogModuleManager: Shutting down and abandoning module DetailCustomizations (350)
[2017.04.04-15.38.28:567][338]LogModuleManager: Shutting down and abandoning module PackagesDialog (348)
[2017.04.04-15.38.28:574][338]LogModuleManager: Shutting down and abandoning module Persona (346)
[2017.04.04-15.38.28:598][338]LogModuleManager: Shutting down and abandoning module AnimGraph (345)
[2017.04.04-15.38.28:598][338]LogModuleManager: Shutting down and abandoning module Kismet (342)
[2017.04.04-15.38.28:606][338]LogModuleManager: Shutting down and abandoning module GraphEditor (340)
[2017.04.04-15.38.28:642][338]LogModuleManager: Shutting down and abandoning module ClassViewer (338)
[2017.04.04-15.38.28:672][338]LogModuleManager: Shutting down and abandoning module Toolbox (336)
[2017.04.04-15.38.28:679][338]LogModuleManager: Shutting down and abandoning module ModuleUI (334)
[2017.04.04-15.38.28:684][338]LogModuleManager: Shutting down and abandoning module MovieSceneTools (332)
[2017.04.04-15.38.28:692][338]LogModuleManager: Shutting down and abandoning module OutputLog (330)
[2017.04.04-15.38.28:701][338]LogModuleManager: Shutting down and abandoning module GammaUI (328)
[2017.04.04-15.38.28:705][338]LogModuleManager: Shutting down and abandoning module Documentation (326)
[2017.04.04-15.38.28:705][338]LogModuleManager: Shutting down and abandoning module Niagara (324)
[2017.04.04-15.38.28:705][338]LogModuleManager: Shutting down and abandoning module StreamingPauseRendering (322)
[2017.04.04-15.38.28:705][338]LogModuleManager: Shutting down and abandoning module AnalyticsET (320)
[2017.04.04-15.38.28:705][338]LogModuleManager: Shutting down and abandoning module PortalServices (318)
[2017.04.04-15.38.28:705][338]LogModuleManager: Shutting down and abandoning module PortalRpc (316)
[2017.04.04-15.38.28:705][338]LogModuleManager: Shutting down and abandoning module MessagingRpc (314)
[2017.04.04-15.38.28:705][338]LogModuleManager: Shutting down and abandoning module AIModule (312)
[2017.04.04-15.38.28:706][338]LogModuleManager: Shutting down and abandoning module GameplayDebugger (311)
[2017.04.04-15.38.28:713][338]LogModuleManager: Shutting down and abandoning module AITestSuite (309)
[2017.04.04-15.38.28:713][338]LogModuleManager: Shutting down and abandoning module ProfilerService (306)
[2017.04.04-15.38.28:858][338]LogModuleManager: Shutting down and abandoning module TaskGraph (304)
[2017.04.04-15.38.28:875][338]LogModuleManager: Shutting down and abandoning module SteamVRController (302)
[2017.04.04-15.38.28:875][338]LogModuleManager: Shutting down and abandoning module SteamVR (300)
[2017.04.04-15.38.28:875][338]LogModuleManager: Shutting down and abandoning module ProceduralMeshComponentEditor (298)
[2017.04.04-15.38.28:875][338]LogModuleManager: Shutting down and abandoning module ProceduralMeshComponent (296)
[2017.04.04-15.38.28:890][338]LogModuleManager: Shutting down and abandoning module OculusLibrary (294)
[2017.04.04-15.38.28:890][338]LogModuleManager: Shutting down and abandoning module OculusInput (292)
[2017.04.04-15.38.28:890][338]LogModuleManager: Shutting down and abandoning module MobilePatchingUtils (290)
[2017.04.04-15.38.28:899][338]LogModuleManager: Shutting down and abandoning module CustomMeshComponent (288)
[2017.04.04-15.38.28:899][338]LogModuleManager: Shutting down and abandoning module CableComponent (286)
[2017.04.04-15.38.28:901][338]LogModuleManager: Shutting down and abandoning module ArchVisCharacter (284)
[2017.04.04-15.38.28:901][338]LogModuleManager: Shutting down and abandoning module MediaPlayerEditor (280)
[2017.04.04-15.38.28:952][338]LogModuleManager: Shutting down and abandoning module HTML5Networking (278)
[2017.04.04-15.38.28:952][338]LogModuleManager: Shutting down and abandoning module AlembicImporter (276)
[2017.04.04-15.38.28:982][338]LogModuleManager: Shutting down and abandoning module AlembicLibrary (275)
[2017.04.04-15.38.28:982][338]LogModuleManager: Shutting down and abandoning module GeometryCache (274)
[2017.04.04-15.38.28:990][338]LogModuleManager: Shutting down and abandoning module GeometryCacheEd (273)
[2017.04.04-15.38.28:990][338]LogModuleManager: Shutting down and abandoning module SuperSearchEditor (268)
[2017.04.04-15.38.28:990][338]LogModuleManager: Shutting down and abandoning module SuperSearch (267)
[2017.04.04-15.38.28:990][338]LogModuleManager: Shutting down and abandoning module SpeedTreeImporter (264)
[2017.04.04-15.38.28:990][338]LogModuleManager: Shutting down and abandoning module PluginBrowser (262)
[2017.04.04-15.38.29:020][338]LogModuleManager: Shutting down and abandoning module MobileLauncherProfileWizard (260)
[2017.04.04-15.38.29:030][338]LogModuleManager: Shutting down and abandoning module EpicSurvey (258)
[2017.04.04-15.38.29:030][338]LogModuleManager: Shutting down and abandoning module VisualStudioSourceCodeAccess (256)
[2017.04.04-15.38.29:030][338]LogModuleManager: Shutting down and abandoning module DesktopPlatform (255)
[2017.04.04-15.38.29:030][338]LogModuleManager: Shutting down and abandoning module UObjectPlugin (252)
[2017.04.04-15.38.29:030][338]LogModuleManager: Shutting down and abandoning module SubversionSourceControl (250)
[2017.04.04-15.38.29:038][338]LogModuleManager: Shutting down and abandoning module PerforceSourceControl (248)
[2017.04.04-15.38.29:049][338]LogModuleManager: Shutting down and abandoning module GitSourceControl (246)
[2017.04.04-15.38.29:056][338]LogModuleManager: Shutting down and abandoning module SourceControl (245)
[2017.04.04-15.38.29:057][338]LogModuleManager: Shutting down and abandoning module LightPropagationVolumeEditor (242)
[2017.04.04-15.38.29:057][338]LogModuleManager: Shutting down and abandoning module PaperTiledImporter (240)
[2017.04.04-15.38.29:057][338]LogModuleManager: Shutting down and abandoning module PaperSpriteSheetImporter (238)
[2017.04.04-15.38.29:057][338]LogModuleManager: Shutting down and abandoning module Paper2DEditor (236)
[2017.04.04-15.38.29:072][338]LogModuleManager: Shutting down and abandoning module MeshPaint (235)
[2017.04.04-15.38.29:083][338]LogModuleManager: Shutting down and abandoning module LevelEditor (233)
[2017.04.04-15.38.29:105][338]LogModuleManager: Shutting down and abandoning module PixelInspectorModule (232)
[2017.04.04-15.38.29:147][338]LogModuleManager: Shutting down and abandoning module MainFrame (230)
[2017.04.04-15.38.29:147][338]LogModuleManager: Shutting down and abandoning module HotReload (229)
[2017.04.04-15.38.29:186][338]LogModuleManager: Shutting down and abandoning module ContentBrowser (225)
[2017.04.04-15.38.29:188][338]LogModuleManager: Shutting down and abandoning module PhysXVehiclesEditor (222)
[2017.04.04-15.38.29:208][338]LogModuleManager: Shutting down and abandoning module PhysXVehicles (220)
[2017.04.04-15.38.29:208][338]LogModuleManager: Shutting down and abandoning module LocationServicesBPLibrary (218)
[2017.04.04-15.38.29:208][338]LogModuleManager: Shutting down and abandoning module UdpMessaging (216)
[2017.04.04-15.38.29:309][338]LogModuleManager: Shutting down and abandoning module TcpMessaging (214)
[2017.04.04-15.38.29:426][338]LogModuleManager: Shutting down and abandoning module GameplayTagsEditor (212)
[2017.04.04-15.38.29:444][338]LogModuleManager: Shutting down and abandoning module FacialAnimationEditor (210)
[2017.04.04-15.38.29:462][338]LogModuleManager: Shutting down and abandoning module FacialAnimation (208)
[2017.04.04-15.38.29:462][338]LogModuleManager: Shutting down and abandoning module LightPropagationVolumeRuntime (206)
[2017.04.04-15.38.29:462][338]LogModuleManager: Shutting down and abandoning module Paper2D (204)
[2017.04.04-15.38.29:478][338]LogModuleManager: Shutting down and abandoning module WindowsMoviePlayer (202)
[2017.04.04-15.38.29:500][338]LogModuleManager: Shutting down and abandoning module WmfMedia (200)
[2017.04.04-15.38.29:534][338]LogModuleManager: Shutting down and abandoning module MfMedia (198)
[2017.04.04-15.38.29:534][338]LogModuleManager: Shutting down and abandoning module MediaAssets (196)
[2017.04.04-15.38.29:534][338]LogModuleManager: Shutting down and abandoning module GameLiveStreaming (194)
[2017.04.04-15.38.29:555][338]LogModuleManager: Shutting down and abandoning module VREditor (192)
[2017.04.04-15.38.29:564][338]LogModuleManager: Shutting down and abandoning module GameplayTasksEditor (190)
[2017.04.04-15.38.29:564][338]LogModuleManager: Shutting down and abandoning module BehaviorTreeEditor (188)
[2017.04.04-15.38.29:648][338]LogModuleManager: Shutting down and abandoning module FunctionalTesting (186)
[2017.04.04-15.38.29:662][338]LogModuleManager: Shutting down and abandoning module CollisionAnalyzer (184)
[2017.04.04-15.38.29:692][338]LogModuleManager: Shutting down and abandoning module UMG (182)
[2017.04.04-15.38.29:707][338]LogModuleManager: Shutting down and abandoning module UMGEditor (181)
[2017.04.04-15.38.29:798][338]LogModuleManager: Shutting down and abandoning module Sequencer (180)
[2017.04.04-15.38.29:885][338]LogModuleManager: Shutting down and abandoning module AssetTools (178)
[2017.04.04-15.38.29:979][338]LogModuleManager: Shutting down and abandoning module MessageLog (177)
[2017.04.04-15.38.29:979][338]LogModuleManager: Shutting down and abandoning module WorkspaceMenuStructure (176)
[2017.04.04-15.38.29:979][338]LogModuleManager: Shutting down and abandoning module SlateReflector (170)
[2017.04.04-15.38.30:084][338]LogModuleManager: Shutting down and abandoning module Slate (168)
[2017.04.04-15.38.30:084][338]LogModuleManager: Shutting down and abandoning module EditorStyle (166)
[2017.04.04-15.38.30:093][338]LogModuleManager: Shutting down and abandoning module SourceCodeAccess (164)
[2017.04.04-15.38.30:121][338]LogModuleManager: Shutting down and abandoning module HeadMountedDisplay (162)
[2017.04.04-15.38.30:121][338]LogModuleManager: Shutting down and abandoning module XAudio2 (160)
[2017.04.04-15.38.30:121][338]LogModuleManager: Shutting down and abandoning module Networking (158)
[2017.04.04-15.38.30:121][338]LogModuleManager: Shutting down and abandoning module Core (154)
[2017.04.04-15.38.30:121][338]LogModuleManager: Shutting down and abandoning module AssetRegistry (152)
[2017.04.04-15.38.30:393][338]LogDirectoryWatcher: A directory notification for '../../../Engine/Content/' was aborted.
[2017.04.04-15.38.30:393][338]LogDirectoryWatcher: A directory notification for '../../../../../D Drive/MALUM_SVN/MALUM_SVN/MALUM/Content/' was aborted.
[2017.04.04-15.38.30:393][338]LogDirectoryWatcher: A directory notification for '../../../Engine/Plugins/2D/Paper2D/Content/' was aborted.
[2017.04.04-15.38.30:397][338]LogModuleManager: Shutting down and abandoning module DirectoryWatcher (151)
[2017.04.04-15.38.30:400][338]LogModuleManager: Shutting down and abandoning module KismetCompiler (148)
[2017.04.04-15.38.30:400][338]LogModuleManager: Shutting down and abandoning module PhysXFormats (146)
[2017.04.04-15.38.30:400][338]LogModuleManager: Shutting down and abandoning module MeshUtilities (144)
[2017.04.04-15.38.30:408][338]LogModuleManager: Shutting down and abandoning module SimplygonSwarm (143)
[2017.04.04-15.38.30:413][338]LogModuleManager: Shutting down and abandoning module SimplygonMeshReduction (141)
[2017.04.04-15.38.30:413][338]LogModuleManager: Shutting down and abandoning module QuadricMeshReduction (139)
[2017.04.04-15.38.30:423][338]LogModuleManager: Shutting down and abandoning module PropertyEditor (137)
[2017.04.04-15.38.30:432][338]LogModuleManager: Shutting down and abandoning module DerivedDataCache (134)
[2017.04.04-15.38.30:463][338]LogDerivedDataCache: Shutdown
[2017.04.04-15.38.30:463][338]LogModuleManager: Shutting down and abandoning module TargetPlatform (132)
[2017.04.04-15.38.30:463][338]LogModuleManager: Shutting down and abandoning module VulkanShaderFormat (131)
[2017.04.04-15.38.30:469][338]LogModuleManager: Shutting down and abandoning module ShaderFormatOpenGL (129)
[2017.04.04-15.38.30:473][338]LogModuleManager: Shutting down and abandoning module ShaderFormatD3D (127)
[2017.04.04-15.38.30:482][338]LogModuleManager: Shutting down and abandoning module MetalShaderFormat (125)
[2017.04.04-15.38.30:492][338]LogModuleManager: Shutting down and abandoning module TextureFormatUncompressed (123)
[2017.04.04-15.38.30:493][338]LogModuleManager: Shutting down and abandoning module TextureFormatPVR (121)
[2017.04.04-15.38.30:493][338]LogModuleManager: Shutting down and abandoning module TextureFormatDXT (119)
[2017.04.04-15.38.30:507][338]LogModuleManager: Shutting down and abandoning module TextureFormatIntelISPCTexComp (117)
[2017.04.04-15.38.30:523][338]LogModuleManager: Shutting down and abandoning module TextureFormatASTC (115)
[2017.04.04-15.38.30:523][338]LogModuleManager: Shutting down and abandoning module ImageWrapper (114)
[2017.04.04-15.38.30:523][338]LogModuleManager: Shutting down and abandoning module TextureFormatAndroid (111)
[2017.04.04-15.38.30:523][338]LogModuleManager: Shutting down and abandoning module AudioFormatOpus (109)
[2017.04.04-15.38.30:534][338]LogModuleManager: Shutting down and abandoning module AudioFormatOgg (107)
[2017.04.04-15.38.30:534][338]LogModuleManager: Shutting down and abandoning module AudioFormatADPCM (105)
[2017.04.04-15.38.30:534][338]LogModuleManager: Shutting down and abandoning module LinuxTargetPlatform (103)
[2017.04.04-15.38.30:534][338]LogModuleManager: Shutting down and abandoning module LinuxServerTargetPlatform (101)
[2017.04.04-15.38.30:534][338]LogModuleManager: Shutting down and abandoning module LinuxNoEditorTargetPlatform (99)
[2017.04.04-15.38.30:534][338]LogModuleManager: Shutting down and abandoning module LinuxClientTargetPlatform (97)
[2017.04.04-15.38.30:534][338]LogModuleManager: Shutting down and abandoning module TVOSTargetPlatform (95)
[2017.04.04-15.38.30:534][338]LogModuleManager: Shutting down and abandoning module Messaging (93)
[2017.04.04-15.38.30:534][338]LogModuleManager: Shutting down and abandoning module IOSTargetPlatform (91)
[2017.04.04-15.38.30:534][338]LogModuleManager: Shutting down and abandoning module HTML5TargetPlatform (89)
[2017.04.04-15.38.30:534][338]LogModuleManager: Shutting down and abandoning module Android_PVRTCTargetPlatform (87)
[2017.04.04-15.38.30:534][338]LogModuleManager: Shutting down and abandoning module Android_MultiTargetPlatform (85)
[2017.04.04-15.38.30:534][338]LogModuleManager: Shutting down and abandoning module Android_ETC2TargetPlatform (83)
[2017.04.04-15.38.30:534][338]LogModuleManager: Shutting down and abandoning module Android_ETC1TargetPlatform (81)
[2017.04.04-15.38.30:534][338]LogModuleManager: Shutting down and abandoning module Android_DXTTargetPlatform (79)
[2017.04.04-15.38.30:534][338]LogModuleManager: Shutting down and abandoning module Android_ATCTargetPlatform (77)
[2017.04.04-15.38.30:534][338]LogModuleManager: Shutting down and abandoning module Android_ASTCTargetPlatform (75)
[2017.04.04-15.38.30:534][338]LogModuleManager: Shutting down and abandoning module AndroidTargetPlatform (73)
[2017.04.04-15.38.30:534][338]LogModuleManager: Shutting down and abandoning module WindowsTargetPlatform (71)
[2017.04.04-15.38.30:534][338]LogModuleManager: Shutting down and abandoning module WindowsServerTargetPlatform (69)
[2017.04.04-15.38.30:534][338]LogModuleManager: Shutting down and abandoning module WindowsNoEditorTargetPlatform (67)
[2017.04.04-15.38.30:534][338]LogModuleManager: Shutting down and abandoning module WindowsClientTargetPlatform (65)
[2017.04.04-15.38.30:534][338]LogModuleManager: Shutting down and abandoning module MacTargetPlatform (63)
[2017.04.04-15.38.30:534][338]LogModuleManager: Shutting down and abandoning module MacServerTargetPlatform (61)
[2017.04.04-15.38.30:534][338]LogModuleManager: Shutting down and abandoning module MacNoEditorTargetPlatform (59)
[2017.04.04-15.38.30:534][338]LogModuleManager: Shutting down and abandoning module MacClientTargetPlatform (57)
[2017.04.04-15.38.30:534][338]LogModuleManager: Shutting down and abandoning module AllDesktopTargetPlatform (55)
[2017.04.04-15.38.30:534][338]LogModuleManager: Shutting down and abandoning module InputCore (52)
[2017.04.04-15.38.30:534][338]LogModuleManager: Shutting down and abandoning module Settings (50)
[2017.04.04-15.38.30:535][338]LogModuleManager: Shutting down and abandoning module OculusRift (48)
[2017.04.04-15.38.30:549][338]LogModuleManager: Shutting down and abandoning module GearVR (46)
[2017.04.04-15.38.30:549][338]LogModuleManager: Shutting down and abandoning module ExampleDeviceProfileSelector (44)
[2017.04.04-15.38.30:549][338]LogModuleManager: Shutting down and abandoning module OnlineBlueprintSupport (42)
[2017.04.04-15.38.30:549][338]LogModuleManager: Shutting down and abandoning module OnlineSubsystem (38)
[2017.04.04-15.38.30:549][338]LogOnline:Display: Unloading online subsystem: NULL
[2017.04.04-15.38.30:576][338]LogModuleManager: Shutting down and abandoning module XMPP (37)
[2017.04.04-15.38.30:598][338]LogModuleManager: Shutting down and abandoning module HTTP (35)
[2017.04.04-15.38.30:604][338]LogHttp:Display: Http module shutting down, but needs to wait on 1 outstanding Http requests:
[2017.04.04-15.38.30:604][338]LogHttp:Display: 	verb=[POST] url=[https://datarouter.ol.epicgames.com/datarouter/api/v1/public/data?SessionID=%7B4B48CA61-4F25-BC9E-A9D0-6B9D82F7C671%7D&AppID=UEEditor.Rocket.Release&AppVersion=4.15.1-3348071%2B%2B%2BUE4%2BRelease-4.15&UserID=7afd5da54138cf975385b1b79ce0e48c%7Ce72e3b1d3ed940ce8374baf3a3a16f54%7Cd01376f7-cdc9-429a-a070-f0574ff35c93&AppEnvironment=datacollector-binary&UploadType=eteventstream] status=Processing
[2017.04.04-15.38.30:612][338]LogModuleManager: Shutting down and abandoning module SSL (34)
[2017.04.04-15.38.30:625][338]LogModuleManager: Shutting down and abandoning module AudioEditor (30)
[2017.04.04-15.38.30:637][338]LogModuleManager: Shutting down and abandoning module TextureCompressor (28)
[2017.04.04-15.38.30:641][338]LogModuleManager: Shutting down and abandoning module ShaderCore (26)
[2017.04.04-15.38.30:641][338]LogModuleManager: Shutting down and abandoning module Landscape (24)
[2017.04.04-15.38.30:641][338]LogModuleManager: Shutting down and abandoning module SlateRHIRenderer (22)
[2017.04.04-15.38.30:662][338]LogModuleManager: Shutting down and abandoning module OpenGLDrv (20)
[2017.04.04-15.38.30:668][338]LogModuleManager: Shutting down and abandoning module D3D11RHI (18)
[2017.04.04-15.38.30:668][338]LogModuleManager: Shutting down and abandoning module AnimGraphRuntime (16)
[2017.04.04-15.38.30:682][338]LogModuleManager: Shutting down and abandoning module Renderer (14)
[2017.04.04-15.38.30:682][338]LogModuleManager: Shutting down and abandoning module Engine (12)
[2017.04.04-15.38.30:682][338]LogModuleManager: Shutting down and abandoning module CoreUObject (10)
[2017.04.04-15.38.30:682][338]LogModuleManager: Shutting down and abandoning module NetworkFile (8)
[2017.04.04-15.38.30:682][338]LogModuleManager: Shutting down and abandoning module StreamingFile (6)
[2017.04.04-15.38.30:682][338]LogModuleManager: Shutting down and abandoning module SandboxFile (4)
[2017.04.04-15.38.30:682][338]LogModuleManager: Shutting down and abandoning module PakFile (2)
[2017.04.04-15.38.30:694][338]LogExit: Exiting.
[2017.04.04-15.38.30:708][338]Log file closed, 04/04/17 17:38:30
