Log file open, 04/04/17 17:39:14
LogInit:Display: Running engine for game: MALUM
LogPlatformFile: Not using cached read wrapper
LogInit:Display: RandInit(-877658246) SRandInit(-877658246).
LogTaskGraph: Started task graph with 5 named threads and 8 total threads with 1 sets of task threads.
LogStats: Stats thread started at 0.072295
LogInit: Using libcurl 7.47.1
LogInit:  - built for x86_64-pc-win32
LogInit:  - supports SSL with OpenSSL/1.0.2g
LogInit:  - supports HTTP deflate (compression) using libz 1.2.8
LogInit:  - other features:
LogInit:      CURL_VERSION_SSL
LogInit:      CURL_VERSION_LIBZ
LogInit:      CURL_VERSION_IPV6
LogInit:      CURL_VERSION_ASYNCHDNS
LogInit:      CURL_VERSION_LARGEFILE
LogInit:      CURL_VERSION_IDN
LogInit:  CurlRequestOptions (configurable via config and command line):
LogInit:  - bVerifyPeer = false  - Libcurl will NOT verify peer certificate
LogInit:  - bUseHttpProxy = false  - Libcurl will NOT use HTTP proxy
LogInit:  - bDontReuseConnections = false  - Libcurl will reuse connections
LogInit:  - CertBundlePath = nullptr  - Libcurl will use whatever was configured at build time.
LogInit: Build: ++UE4+Release-4.15-CL-3348071
LogInit: Engine Version: 4.15.1-3348071+++UE4+Release-4.15
LogInit: Compatible Engine Version: 4.15.0-3299760+++UE4+Release-4.15
LogInit: Net CL: 3299760
LogDevObjectVersion: Number of dev versions registered: 14
LogDevObjectVersion:   Dev-Blueprints (B0D832E4-1F89-4F0D-ACCF-7EB736FD4AA2): 8
LogDevObjectVersion:   Dev-Build (E1C64328-A22C-4D53-A36C-8E866417BD8C): 0
LogDevObjectVersion:   Dev-Core (375EC13C-06E4-48FB-B500-84F0262A717E): 2
LogDevObjectVersion:   Dev-Editor (E4B068ED-F494-42E9-A231-DA0B2E46BB41): 14
LogDevObjectVersion:   Dev-Framework (CFFC743F-43B0-4480-9391-14DF171D2073): 22
LogDevObjectVersion:   Dev-Mobile (B02B49B5-BB20-44E9-A304-32B752E40360): 0
LogDevObjectVersion:   Dev-Networking (A4E4105C-59A1-49B5-A7C5-40C4547EDFEE): 0
LogDevObjectVersion:   Dev-Online (39C831C9-5AE6-47DC-9A44-9C173E1C8E7C): 0
LogDevObjectVersion:   Dev-Physics (78F01B33-EBEA-4F98-B9B4-84EACCB95AA2): 0
LogDevObjectVersion:   Dev-Platform (6631380F-2D4D-43E0-8009-CF276956A95A): 0
LogDevObjectVersion:   Dev-Rendering (12F88B9F-8875-4AFC-A67C-D90C383ABD29): 12
LogDevObjectVersion:   Dev-Sequencer (7B5AE74C-D270-4C10-A958-57980B212A5A): 3
LogDevObjectVersion:   Dev-VR (D7296918-1DD6-4BDD-9DE2-64A83CC13884): 0
LogDevObjectVersion:   Dev-LoadTimes (C2A15278-BFE7-4AFE-6C17-90FF531DF755): 1
LogInit: Compiled (64-bit): Mar 15 2017 16:52:47
LogInit: Compiled with Visual C++: 19.00.23026.00
LogInit: Build Configuration: Development
LogInit: Branch Name: ++UE4+Release-4.15
LogInit: Command line: -EpicPortal 
LogInit: Base directory: D:/Program Files (x86)/UE_4.15/Engine/Binaries/Win64/
LogInit: Installed Engine Build: 1
LogInit: Presizing for max 8388607 objects, including 0 objects not considered by GC, pre-allocating 0 bytes for permanent pool.
LogInit: Object subsystem initialized
[2017.04.04-15.39.15:778][  0]LogInit: Selected Device Profile: [Windows]
[2017.04.04-15.39.15:778][  0]LogInit: Applying CVar settings loaded from the selected device profile: [Windows]
[2017.04.04-15.39.15:800][  0]LogInit: Computer: PC1
[2017.04.04-15.39.15:800][  0]LogInit: User: Jorn
[2017.04.04-15.39.15:800][  0]LogInit: CPU Page size=65536, Cores=4
[2017.04.04-15.39.15:800][  0]LogInit: High frequency timer resolution =3.117796 MHz
[2017.04.04-15.39.15:800][  0]LogMemory: Memory total: Physical=8.0GB (8GB approx)
[2017.04.04-15.39.15:800][  0]LogMemory: Platform Memory Stats for Windows
[2017.04.04-15.39.15:800][  0]LogMemory: Process Physical Memory: 263.62 MB used, 263.62 MB peak
[2017.04.04-15.39.15:800][  0]LogMemory: Process Virtual Memory: 262.66 MB used, 262.66 MB peak
[2017.04.04-15.39.15:800][  0]LogMemory: Physical Memory: 6838.80 MB used,  1305.64 MB free, 8144.44 MB total
[2017.04.04-15.39.15:800][  0]LogMemory: Virtual Memory: 630.32 MB used,  1305.64 MB free, 134217728.00 MB total
[2017.04.04-15.39.15:868][  0]LogTextLocalizationManager: No translations for ('nl-BE') exist, falling back to 'en' for localization and internationalization data.
[2017.04.04-15.39.16:528][  0]LogD3D11RHI: D3D11 adapters:
[2017.04.04-15.39.16:560][  0]LogD3D11RHI:    0. 'NVIDIA GeForce GTX 1050 Ti' (Feature Level 11_0)
[2017.04.04-15.39.16:560][  0]LogD3D11RHI:       4059/0/4072 MB DedicatedVideo/DedicatedSystem/SharedSystem, Outputs:2, VendorId:0x10de
[2017.04.04-15.39.16:561][  0]LogD3D11RHI:    1. 'Microsoft Basic Render Driver' (Feature Level 11_0)
[2017.04.04-15.39.16:561][  0]LogD3D11RHI:       0/0/4072 MB DedicatedVideo/DedicatedSystem/SharedSystem, Outputs:0, VendorId:0x1414
[2017.04.04-15.39.16:561][  0]LogD3D11RHI: Chosen D3D11 Adapter: 0
[2017.04.04-15.39.16:568][  0]LogD3D11RHI: Creating new Direct3DDevice
[2017.04.04-15.39.16:568][  0]LogD3D11RHI:     GPU DeviceId: 0x1c82 (for the marketing name, search the web for "GPU Device Id")
[2017.04.04-15.39.16:568][  0]LogWindows: EnumDisplayDevices:
[2017.04.04-15.39.16:568][  0]LogWindows:    0. 'NVIDIA GeForce GTX 1050 Ti' (P:1 D:1)
[2017.04.04-15.39.16:568][  0]LogWindows:    1. 'NVIDIA GeForce GTX 1050 Ti' (P:0 D:1)
[2017.04.04-15.39.16:569][  0]LogWindows:    2. 'NVIDIA GeForce GTX 1050 Ti' (P:0 D:0)
[2017.04.04-15.39.16:569][  0]LogWindows:    3. 'NVIDIA GeForce GTX 1050 Ti' (P:0 D:0)
[2017.04.04-15.39.16:569][  0]LogWindows: DebugString: FoundDriverCount:4 
[2017.04.04-15.39.16:569][  0]LogD3D11RHI:     Adapter Name: NVIDIA GeForce GTX 1050 Ti
[2017.04.04-15.39.16:569][  0]LogD3D11RHI:   Driver Version: 376.53 (internal:21.21.13.7653, unified:376.53)
[2017.04.04-15.39.16:569][  0]LogD3D11RHI:      Driver Date: 12-29-2016
[2017.04.04-15.39.16:569][  0]LogRHI: Texture pool is 1361 MB (70% of 1945 MB)
[2017.04.04-15.39.16:584][  0]LogD3D11RHI: Async texture creation enabled
[2017.04.04-15.39.16:595][  0]LogD3D11RHI: GPU Timing Frequency: 1000.000000 (Debug: 2 1)
[2017.04.04-15.39.16:690][  0]LogShaderCompilers: Guid format shader working directory is -3 characters bigger than the processId version (../../../../../D Drive/MALUM_SVN/MALUM_SVN/MALUM/Intermediate/Shaders/WorkingDirectory/5832/).
[2017.04.04-15.39.16:691][  0]LogShaderCompilers: Cleaned the shader compiler working directory 'C:/Users/Jorn/AppData/Local/Temp/UnrealShaderWorkingDir/13A41DDC4EDAD4AE9654AC95C2FEE249/'.
[2017.04.04-15.39.16:691][  0]LogShaderCompilers:Display: Using Local Shader Compiler.
[2017.04.04-15.39.17:847][  0]LogTemp:Display: Loaded TP AllDesktopTargetPlatform
[2017.04.04-15.39.17:899][  0]LogTemp:Display: Loaded TP MacClientTargetPlatform
[2017.04.04-15.39.17:946][  0]LogTemp:Display: Loaded TP MacNoEditorTargetPlatform
[2017.04.04-15.39.17:991][  0]LogTemp:Display: Loaded TP MacServerTargetPlatform
[2017.04.04-15.39.18:078][  0]LogTemp:Display: Loaded TP MacTargetPlatform
[2017.04.04-15.39.18:133][  0]LogTemp:Display: Loaded TP WindowsClientTargetPlatform
[2017.04.04-15.39.18:178][  0]LogTemp:Display: Loaded TP WindowsNoEditorTargetPlatform
[2017.04.04-15.39.18:220][  0]LogTemp:Display: Loaded TP WindowsServerTargetPlatform
[2017.04.04-15.39.18:257][  0]LogTemp:Display: Loaded TP WindowsTargetPlatform
[2017.04.04-15.39.18:305][  0]LogTemp:Display: Loaded TP AndroidTargetPlatform
[2017.04.04-15.39.18:350][  0]LogTemp:Display: Loaded TP Android_ASTCTargetPlatform
[2017.04.04-15.39.18:393][  0]LogTemp:Display: Loaded TP Android_ATCTargetPlatform
[2017.04.04-15.39.18:436][  0]LogTemp:Display: Loaded TP Android_DXTTargetPlatform
[2017.04.04-15.39.18:481][  0]LogTemp:Display: Loaded TP Android_ETC1TargetPlatform
[2017.04.04-15.39.18:526][  0]LogTemp:Display: Loaded TP Android_ETC2TargetPlatform
[2017.04.04-15.39.18:614][  0]LogTemp:Display: Loaded TP Android_MultiTargetPlatform
[2017.04.04-15.39.18:614][  0]LogTemp:Display: Loaded TP Android_PVRTCTargetPlatform
[2017.04.04-15.39.18:642][  0]LogTemp:Display: Loaded TP HTML5TargetPlatform
[2017.04.04-15.39.18:723][  0]LogTemp:Display: Loaded TP IOSTargetPlatform
[2017.04.04-15.39.18:753][  0]LogTemp:Display: Loaded TP TVOSTargetPlatform
[2017.04.04-15.39.18:795][  0]LogTemp:Display: Loaded TP LinuxClientTargetPlatform
[2017.04.04-15.39.18:839][  0]LogTemp:Display: Loaded TP LinuxNoEditorTargetPlatform
[2017.04.04-15.39.18:882][  0]LogTemp:Display: Loaded TP LinuxServerTargetPlatform
[2017.04.04-15.39.18:926][  0]LogTemp:Display: Loaded TP LinuxTargetPlatform
[2017.04.04-15.39.18:926][  0]LogTargetPlatformManager:Display: Building Assets For Windows
[2017.04.04-15.39.19:253][  0]LogDerivedDataCache:Display: Max Cache Size: 512 MB
[2017.04.04-15.39.19:316][  0]LogDerivedDataCache: Loaded boot cache 0.06s 50MB C:/Users/Jorn/AppData/Local/UnrealEngine/4.15/DerivedDataCache/Boot.ddc.
[2017.04.04-15.39.19:316][  0]LogDerivedDataCache:Display: Loaded Boot cache: C:/Users/Jorn/AppData/Local/UnrealEngine/4.15/DerivedDataCache/Boot.ddc
[2017.04.04-15.39.19:316][  0]LogDerivedDataCache: FDerivedDataBackendGraph:  Pak pak cache file ../../../../../D Drive/MALUM_SVN/MALUM_SVN/MALUM/DerivedDataCache/DDC.ddp not found, will not use a pak cache.
[2017.04.04-15.39.19:316][  0]LogDerivedDataCache: Unable to find inner node Pak for hierarchical cache Hierarchy.
[2017.04.04-15.39.19:316][  0]LogDerivedDataCache: FDerivedDataBackendGraph:  CompressedPak pak cache file ../../../../../D Drive/MALUM_SVN/MALUM_SVN/MALUM/DerivedDataCache/Compressed.ddp not found, will not use a pak cache.
[2017.04.04-15.39.19:316][  0]LogDerivedDataCache: Unable to find inner node CompressedPak for hierarchical cache Hierarchy.
[2017.04.04-15.39.19:336][  0]LogDerivedDataCache:Display: Pak cache opened for reading ../../../Engine/DerivedDataCache/Compressed.ddp.
[2017.04.04-15.39.19:348][  0]LogDerivedDataCache: Using Local data cache path C:/Users/Jorn/AppData/Local/UnrealEngine/Common/DerivedDataCache: Writable
[2017.04.04-15.39.19:358][  0]LogSlate: Using Freetype 2.6.0
[2017.04.04-15.39.19:359][  0]LogSlate: SlateFontCache - WITH_FREETYPE: 1, WITH_HARFBUZZ: 1
[2017.04.04-15.39.19:359][  0]LogSlate: SlateFontCache - WITH_FREETYPE: 1, WITH_HARFBUZZ: 1
[2017.04.04-15.39.19:624][  0]LogInit: Selected Device Profile: [Windows]
[2017.04.04-15.39.19:627][  0]LogContentStreaming: Texture pool size is 0.00 MB
[2017.04.04-15.39.19:813][  0]LogMeshUtilities: Using QuadricMeshReduction for automatic static mesh reduction
[2017.04.04-15.39.19:842][  0]LogSimplygon: Simplygon DLL not present - disabling.
[2017.04.04-15.39.19:874][  0]LogMeshUtilities: Using SimplygonSwarm for distributed automatic mesh merging
[2017.04.04-15.39.19:874][  0]LogMeshUtilities: No automatic skeletal mesh reduction module available
[2017.04.04-15.39.19:874][  0]LogMeshUtilities: No automatic mesh merging module available
[2017.04.04-15.39.20:375][  0]LogNetVersion: GetLocalNetworkVersion: CL: 3299760, ProjectName: malum, ProjectVersion: , EngineNetworkVersion: 2, GameNetworkVersion: 0, NetworkChecksum: 2995604447
[2017.04.04-15.39.20:415][  0]LogAssetRegistry: FAssetRegistry took 0.0218 seconds to start up
[2017.04.04-15.39.20:464][  0]LogPackageLocalizationCache: Processed 3 localized package path(s) for 1 prioritized culture(s) in 0.035322 seconds
[2017.04.04-15.39.20:471][  0]LogUObjectArray: 32493 objects as part of root set at end of initial load.
[2017.04.04-15.39.20:471][  0]LogUObjectAllocator: 7077032 out of 0 bytes used by permanent object pool.
[2017.04.04-15.39.20:471][  0]LogUObjectArray: CloseDisregardForGC: 0/0 objects in disregard for GC pool
[2017.04.04-15.39.20:513][  0]LogInit: WinSock: version 1.1 (2.2), MaxSocks=32767, MaxUdp=65467
[2017.04.04-15.39.21:858][  0]LogTcpMessaging: Initializing TcpMessaging bridge
[2017.04.04-15.39.21:889][  0]LogUdpMessaging: Initializing bridge on interface 0.0.0.0:0 to multicast group 230.0.0.1:6666.
[2017.04.04-15.39.22:260][  0]LogMaterial: Uniform references updated for custom material expression Custom.
[2017.04.04-15.39.22:553][  0]SourceControl: Info Source control is disabled
[2017.04.04-15.39.22:554][  0]SourceControl: Info Source control is disabled
[2017.04.04-15.39.22:585][  0]SourceControl: Info Source control is disabled
[2017.04.04-15.39.22:618][  0]SourceControl: Info Source control is disabled
[2017.04.04-15.39.23:516][  0]LogEngine: Initializing Engine...
[2017.04.04-15.39.23:516][  0]LogHMD: Failed to initialize OpenVR with code 110
[2017.04.04-15.39.23:721][  0]LogAIModule: Creating AISystem for world Untitled
[2017.04.04-15.39.23:735][  0]LogInit: XAudio2 using 'Speakers (Realtek High Definition Audio)' : 2 channels at 48 kHz using 32 bits per sample (channel mask 0x3)
[2017.04.04-15.39.23:748][  0]LogInit: FAudioDevice initialized.
[2017.04.04-15.39.23:776][  0]LogDerivedDataCache: Saved boot cache 0.03s 50MB C:/Users/Jorn/AppData/Local/UnrealEngine/4.15/DerivedDataCache/Boot.ddc.
[2017.04.04-15.39.23:781][  0]LogInit: Texture streaming: Enabled
[2017.04.04-15.39.23:849][  0]LogEngineSessionManager: EngineSessionManager initialized
[2017.04.04-15.39.23:915][  0]LogInit: Transaction tracking system initialized
[2017.04.04-15.39.24:163][  0]BlueprintLog: New page: Editor Load
[2017.04.04-15.39.24:789][  0]LocalizationService: Info Localization service is disabled
[2017.04.04-15.39.25:274][  0]LogConsoleResponse:Display: 
[2017.04.04-15.39.25:391][  0]LogCook:Display: Max memory allowance for cook 16384mb min free memory 0mb
[2017.04.04-15.39.25:391][  0]LogCook:Display: Mobile HDR setting 1
[2017.04.04-15.39.25:625][  0]LogFileCache: Scanning file cache for directory 'D:/D Drive/MALUM_SVN/MALUM_SVN/MALUM/Content/' took 0.01s
[2017.04.04-15.39.26:121][  0]SourceControl: Info Source control is disabled
[2017.04.04-15.39.26:121][  0]Cmd: MAP LOAD FILE="../../../../../D Drive/MALUM_SVN/MALUM_SVN/MALUM/Content/FirstPersonBP/Maps/FirstPersonExampleMap.umap" TEMPLATE=0 SHOWPROGRESS=1 FEATURELEVEL=3
[2017.04.04-15.39.26:121][  0]LightingResults: New page: Lighting Build
[2017.04.04-15.39.26:150][  0]MapCheck: New page: Map Check
[2017.04.04-15.39.26:150][  0]LightingResults: New page: Lighting Build
[2017.04.04-15.39.26:702][  0]LogAIModule: Creating AISystem for world FirstPersonExampleMap
[2017.04.04-15.39.26:731][  0]LogEditorServer: Finished looking for orphan Actors (0.000 secs)
[2017.04.04-15.39.26:731][  0]Cmd: MAP CHECKDEP NOCLEARLOG
[2017.04.04-15.39.26:766][  0]MapCheck: Info Map check complete: 0 Error(s), 0 Warning(s), took 34.884ms to complete.
[2017.04.04-15.39.26:766][  0]LogFileHelpers: Loading map 'FirstPersonExampleMap' took 0.645
[2017.04.04-15.39.26:994][  0]LogCollectionManager: Loaded 0 collections in 0.000842 seconds
[2017.04.04-15.39.27:068][  0]LogFileCache: Scanning file cache for directory 'D:/D Drive/MALUM_SVN/MALUM_SVN/MALUM/Saved/Collections/' took 0.01s
[2017.04.04-15.39.27:068][  0]LogFileCache: Scanning file cache for directory 'D:/D Drive/MALUM_SVN/MALUM_SVN/MALUM/Content/Developers/Jorn/Collections/' took 0.01s
[2017.04.04-15.39.27:068][  0]LogFileCache: Scanning file cache for directory 'D:/D Drive/MALUM_SVN/MALUM_SVN/MALUM/Content/Collections/' took 0.01s
[2017.04.04-15.39.27:068][  0]LogCollectionManager: Rebuilt the GUID cache for 0 collections in 0.000002 seconds
[2017.04.04-15.39.27:078][  0]LogContentBrowser: Native class hierarchy populated in 0.0098 seconds. Added 2245 classes and 453 folders.
[2017.04.04-15.39.27:081][  0]LogStats: UGameplayTagsManager::ConstructGameplayTagTree: Construct from data asset -  0.000 s
[2017.04.04-15.39.27:081][  0]LogStats: UGameplayTagsManager::ConstructGameplayTagTree: GameplayTagTreeChangedEvent.Broadcast -  0.000 s
[2017.04.04-15.39.27:125][  0]LogContentBrowser: Native class hierarchy updated for 'WidgetCarousel' in 0.0006 seconds. Added 0 classes and 0 folders.
[2017.04.04-15.39.27:512][  0]LogContentBrowser: Native class hierarchy updated for 'AddContentDialog' in 0.0015 seconds. Added 0 classes and 0 folders.
[2017.04.04-15.39.27:613][  0]LogContentBrowser: Native class hierarchy updated for 'SceneOutliner' in 0.0010 seconds. Added 1 classes and 2 folders.
[2017.04.04-15.39.27:674][  0]LogCrashTracker: Crashtracker disabled due to settings.
[2017.04.04-15.39.27:681][  0]LogUObjectGlobals:Warning: Failed to find object 'Class None.'
[2017.04.04-15.39.27:734][  0]LogContentBrowser: Native class hierarchy updated for 'HierarchicalLODOutliner' in 0.0005 seconds. Added 1 classes and 2 folders.
[2017.04.04-15.39.27:734][  0]LogLoad: (Engine Initialization) Total time: 13.85 seconds
[2017.04.04-15.39.27:734][  0]LogLoad: (Engine Initialization) Total Blueprint compile time: 0.15 seconds
[2017.04.04-15.39.27:734][  0]LogExternalProfiler: Found external profiler: VSPerf
[2017.04.04-15.39.27:734][  0]LogExternalProfiler: Using external profiler: VSPerf
[2017.04.04-15.39.28:075][  0]LogOcInput: OculusInput pre-init called
[2017.04.04-15.39.28:100][  0]LogContentStreaming: Texture pool size now 1000 MB
[2017.04.04-15.39.28:101][  0]LogSlate: Took 0.000330 seconds to synchronously load lazily loaded font '../../../Engine/Content/Slate/Fonts/Roboto-Regular.ttf' (155K)
[2017.04.04-15.39.28:105][  0]LogSlate: Took 0.000251 seconds to synchronously load lazily loaded font '../../../Engine/Content/Slate/Fonts/Roboto-Bold.ttf' (160K)
[2017.04.04-15.39.28:244][  0]LogSlate: Took 0.132906 seconds to synchronously load lazily loaded font '../../../Engine/Content/Editor/Slate/Fonts/FontAwesome.ttf' (139K)
[2017.04.04-15.39.28:408][  0]LogSlate: Took 0.013418 seconds to synchronously load lazily loaded font '../../../Engine/Content/Slate/Fonts/Roboto-Light.ttf' (159K)
[2017.04.04-15.39.28:442][  0]LogRenderer: Reallocating scene render targets to support 1208x576 NumSamples 1 (Frame:2).
[2017.04.04-15.39.28:514][  1]LogAssetRegistry: Asset discovery search completed in 8.1211 seconds
[2017.04.04-15.39.28:514][  1]LogCollectionManager: Rebuilt the object cache for 0 collections in 0.000007 seconds (found 0 objects)
[2017.04.04-15.39.28:514][  1]LogCollectionManager: Fixed up redirectors for 0 collections in 0.000028 seconds (updated 0 objects)
[2017.04.04-15.42.33:861][396]LogEditorViewport: Clicking on Actor (LMB): SphereReflectionCapture (SphereReflectionCapture)
[2017.04.04-15.42.35:753][517]LogEditorViewport: Clicking on Actor (LMB): StaticMeshActor (Floor)
[2017.04.04-15.42.36:384][532]LogEditorViewport: Clicking on Actor (LMB): StaticMeshActor (EditorCube21)
[2017.04.04-15.42.37:598][664]LogEditorViewport: Clicking on Actor (LMB): StaticMeshActor (BigWall)
[2017.04.04-15.42.38:180][724]LogEditorViewport: Clicking on Actor (LMB): StaticMeshActor (Wall4)
[2017.04.04-15.42.38:738][782]LogEditorViewport: Clicking on Actor (LMB): StaticMeshActor (BigWall)
[2017.04.04-15.42.39:329][844]LogEditorViewport: Clicking on Actor (LMB): StaticMeshActor (Floor)
[2017.04.04-15.42.40:834][ 13]LogEditorViewport: Clicking on Actor (LMB): StaticMeshActor (EditorCube15)
[2017.04.04-15.42.41:354][ 65]LogEditorViewport: Clicking on Actor (LMB): StaticMeshActor (EditorCube16)
[2017.04.04-15.42.41:748][102]LogEditorViewport: Clicking on Actor (LMB): StaticMeshActor (EditorCube17)
[2017.04.04-15.42.42:542][189]LogEditorViewport: Clicking on Actor (LMB): StaticMeshActor (Floor)
[2017.04.04-20.50.55:333][ 88]LogTemp: Repeting last play command: Simulate
[2017.04.04-20.50.55:767][ 88]LogBlueprintUserMessages: Early PlayInEditor Detection: Level '/Game/FirstPersonBP/Maps/FirstPersonExampleMap.FirstPersonExampleMap:PersistentLevel' has LevelScriptBlueprint '/Game/FirstPersonBP/Maps/FirstPersonExampleMap.FirstPersonExampleMap:PersistentLevel.FirstPersonExampleMap' with GeneratedClass '/Game/FirstPersonBP/Maps/FirstPersonExampleMap.FirstPersonExampleMap_C' with ClassGeneratedBy '/Game/FirstPersonBP/Maps/FirstPersonExampleMap.FirstPersonExampleMap:PersistentLevel.FirstPersonExampleMap'
[2017.04.04-20.50.55:842][ 88]LogPlayLevel: PlayLevel: No blueprints needed recompiling
[2017.04.04-20.50.56:102][ 88]PIE: New page: SIE session: FirstPersonExampleMap (Apr 5, 2017, 12:50:55 AM)
[2017.04.04-20.50.56:322][ 88]LogPlayLevel: Creating play world package: /Game/FirstPersonBP/Maps/UEDPIE_0_FirstPersonExampleMap
[2017.04.04-20.50.57:887][ 88]LogPlayLevel: PIE: StaticDuplicateObject took: (1.547486s)
[2017.04.04-20.50.58:291][ 88]LogAIModule: Creating AISystem for world FirstPersonExampleMap
[2017.04.04-20.50.58:463][ 88]LogPlayLevel: PIE: World Init took: (0.576139s)
[2017.04.04-20.50.58:557][ 88]LogPlayLevel: PIE: Created PIE world by copying editor world from /Game/FirstPersonBP/Maps/FirstPersonExampleMap.FirstPersonExampleMap to /Game/FirstPersonBP/Maps/UEDPIE_0_FirstPersonExampleMap.FirstPersonExampleMap (2.266423s)
[2017.04.04-20.51.00:976][ 88]LogInit: XAudio2 using 'Speakers (Realtek High Definition Audio)' : 2 channels at 48 kHz using 32 bits per sample (channel mask 0x3)
[2017.04.04-20.51.01:011][ 88]LogInit: FAudioDevice initialized.
[2017.04.04-20.51.02:414][ 88]LogLoad: Game class is 'FirstPersonGameMode_C'
[2017.04.04-20.51.03:034][ 88]LogWorld: Bringing World /Game/FirstPersonBP/Maps/UEDPIE_0_FirstPersonExampleMap.FirstPersonExampleMap up for play (max tick rate 0) at 2017.04.04-22.51.03
[2017.04.04-20.51.03:066][ 88]LogWorld: Bringing up level for play took: 0.452209
[2017.04.04-20.51.05:072][ 88]LogContentBrowser: Native class hierarchy updated for 'MovieSceneCapture' in 0.0681 seconds. Added 11 classes and 0 folders.
[2017.04.04-20.51.05:465][ 88]PIE: Info Play in editor start time for /Game/FirstPersonBP/Maps/UEDPIE_0_FirstPersonExampleMap 9.58
[2017.04.04-20.51.06:600][ 88]LogBlueprintUserMessages: Late PlayInEditor Detection: Level '/Game/FirstPersonBP/Maps/FirstPersonExampleMap.FirstPersonExampleMap:PersistentLevel' has LevelScriptBlueprint '/Game/FirstPersonBP/Maps/FirstPersonExampleMap.FirstPersonExampleMap:PersistentLevel.FirstPersonExampleMap' with GeneratedClass '/Game/FirstPersonBP/Maps/FirstPersonExampleMap.FirstPersonExampleMap_C' with ClassGeneratedBy '/Game/FirstPersonBP/Maps/FirstPersonExampleMap.FirstPersonExampleMap:PersistentLevel.FirstPersonExampleMap'
[2017.04.04-20.51.09:886][ 89]LogEditorViewport: Clicking on Actor (context menu): StaticMeshActor (Wall2)
[2017.04.04-20.51.33:754][632]LogSpawn:Warning: SpawnActor failed because of collision at the spawn location [X=1481.168 Y=-1807.092 Z=316.555] for [FirstPersonProjectile_C]
[2017.04.04-20.51.34:148][679]LogSpawn:Warning: SpawnActor failed because of collision at the spawn location [X=1484.497 Y=-1802.836 Z=335.974] for [FirstPersonProjectile_C]
[2017.04.04-20.51.34:339][702]LogSpawn:Warning: SpawnActor failed because of collision at the spawn location [X=1499.880 Y=-1792.024 Z=334.616] for [FirstPersonProjectile_C]
[2017.04.04-20.51.34:548][727]LogSpawn:Warning: SpawnActor failed because of collision at the spawn location [X=1507.382 Y=-1781.463 Z=193.756] for [FirstPersonProjectile_C]
[2017.04.04-20.51.50:003][570]LogSpawn:Warning: SpawnActor failed because of collision at the spawn location [X=-1990.053 Y=1721.913 Z=245.554] for [FirstPersonProjectile_C]
[2017.04.04-20.51.50:178][591]LogSpawn:Warning: SpawnActor failed because of collision at the spawn location [X=-1975.796 Y=1734.493 Z=241.619] for [FirstPersonProjectile_C]
[2017.04.04-20.51.50:378][615]LogSpawn:Warning: SpawnActor failed because of collision at the spawn location [X=-1971.337 Y=1743.703 Z=346.405] for [FirstPersonProjectile_C]
[2017.04.04-20.52.35:066][955]LogSpawn:Warning: SpawnActor failed because of collision at the spawn location [X=287.475 Y=1419.749 Z=323.963] for [FirstPersonProjectile_C]
[2017.04.04-20.52.35:249][977]LogSpawn:Warning: SpawnActor failed because of collision at the spawn location [X=307.316 Y=1413.163 Z=321.129] for [FirstPersonProjectile_C]
[2017.04.04-20.52.35:441][  0]LogSpawn:Warning: SpawnActor failed because of collision at the spawn location [X=307.521 Y=1412.738 Z=315.575] for [FirstPersonProjectile_C]
[2017.04.04-20.52.35:616][ 21]LogSpawn:Warning: SpawnActor failed because of collision at the spawn location [X=305.067 Y=1414.305 Z=315.232] for [FirstPersonProjectile_C]
[2017.04.04-20.52.42:380][831]LogSpawn:Warning: SpawnActor failed because of collision at the spawn location [X=-1848.856 Y=380.126 Z=255.339] for [FirstPersonProjectile_C]
[2017.04.04-20.53.27:755][230]LogSpawn:Warning: SpawnActor failed because of collision at the spawn location [X=-393.450 Y=-1748.845 Z=292.615] for [FirstPersonProjectile_C]
[2017.04.04-20.53.35:583][163]LogSpawn:Warning: SpawnActor failed because of collision at the spawn location [X=-1739.738 Y=-1744.633 Z=292.197] for [FirstPersonProjectile_C]
[2017.04.04-20.53.35:758][184]LogSpawn:Warning: SpawnActor failed because of collision at the spawn location [X=-1795.941 Y=-1723.565 Z=267.610] for [FirstPersonProjectile_C]
[2017.04.04-20.53.36:613][286]LogSpawn:Warning: SpawnActor failed because of collision at the spawn location [X=-1830.346 Y=-1734.770 Z=284.318] for [FirstPersonProjectile_C]
[2017.04.04-20.53.37:619][405]LogSpawn:Warning: SpawnActor failed because of collision at the spawn location [X=-1876.072 Y=-1800.733 Z=287.384] for [FirstPersonProjectile_C]
[2017.04.04-20.53.37:860][434]LogSpawn:Warning: SpawnActor failed because of collision at the spawn location [X=-1863.446 Y=-1801.002 Z=284.428] for [FirstPersonProjectile_C]
[2017.04.04-20.53.47:144][598]LogSpawn:Warning: SpawnActor failed because of collision at the spawn location [X=-1865.084 Y=-1781.024 Z=290.860] for [FirstPersonProjectile_C]
[2017.04.04-20.53.47:327][620]LogSpawn:Warning: SpawnActor failed because of collision at the spawn location [X=-1887.668 Y=-1774.493 Z=315.205] for [FirstPersonProjectile_C]
[2017.04.04-20.53.47:519][643]LogSpawn:Warning: SpawnActor failed because of collision at the spawn location [X=-1931.731 Y=-1720.861 Z=296.485] for [FirstPersonProjectile_C]
[2017.04.04-20.53.56:472][710]LogBlueprintUserMessages: Early EndPlayMap Detection: Level '/Game/FirstPersonBP/Maps/FirstPersonExampleMap.FirstPersonExampleMap:PersistentLevel' has LevelScriptBlueprint '/Game/FirstPersonBP/Maps/FirstPersonExampleMap.FirstPersonExampleMap:PersistentLevel.FirstPersonExampleMap' with GeneratedClass '/Game/FirstPersonBP/Maps/FirstPersonExampleMap.FirstPersonExampleMap_C' with ClassGeneratedBy '/Game/FirstPersonBP/Maps/FirstPersonExampleMap.FirstPersonExampleMap:PersistentLevel.FirstPersonExampleMap'
[2017.04.04-20.53.56:679][710]LogBlueprintUserMessages: Late EndPlayMap Detection: Level '/Game/FirstPersonBP/Maps/FirstPersonExampleMap.FirstPersonExampleMap:PersistentLevel' has LevelScriptBlueprint '/Game/FirstPersonBP/Maps/FirstPersonExampleMap.FirstPersonExampleMap:PersistentLevel.FirstPersonExampleMap' with GeneratedClass '/Game/FirstPersonBP/Maps/FirstPersonExampleMap.FirstPersonExampleMap_C' with ClassGeneratedBy '/Game/FirstPersonBP/Maps/FirstPersonExampleMap.FirstPersonExampleMap:PersistentLevel.FirstPersonExampleMap'
[2017.04.04-20.58.58:011][766]Cmd: SELECT NONE
[2017.04.04-20.59.44:560][177]LogSlate: Took 0.012034 seconds to synchronously load lazily loaded font '../../../Engine/Content/Slate/Fonts/Roboto-Light.ttf' (159K)
[2017.04.04-20.59.44:773][177]LogFactory: FactoryCreateFile: StaticMesh with FbxFactory (0 0 C:\Users\Jorn\Downloads\Standing_2H_Magic_Attack_02.fbx)
[2017.04.04-20.59.44:937][177]LogFbx: ItemName: GlobalSettings, ItemCount : 1
[2017.04.04-20.59.44:937][177]LogFbx: ItemName: Model, ItemCount : 65
[2017.04.04-20.59.44:937][177]LogFbx: ItemName: NodeAttribute, ItemCount : 65
[2017.04.04-20.59.44:937][177]LogFbx: ItemName: AnimationStack, ItemCount : 1
[2017.04.04-20.59.44:937][177]LogFbx: ItemName: AnimationLayer, ItemCount : 1
[2017.04.04-20.59.44:937][177]LogFbx: ItemName: AnimationCurveNode, ItemCount : 54
[2017.04.04-20.59.44:937][177]LogFbx: ItemName: AnimationCurve, ItemCount : 315
[2017.04.04-20.59.45:023][177]LogFbx: Loading FBX Scene from C:\Users\Jorn\Downloads\Standing_2H_Magic_Attack_02.fbx
[2017.04.04-20.59.45:134][177]LogFbx: FBX Scene Loaded Succesfully
[2017.04.04-20.59.50:985][177]LogSlate: Took 0.000395 seconds to synchronously load lazily loaded font '../../../Engine/Content/Slate/Fonts/Roboto-Light.ttf' (159K)
[2017.04.04-21.00.41:696][996]LogFactory: FactoryCreateFile: StaticMesh with FbxFactory (0 0 C:\Users\Jorn\Downloads\male_test_2 (2).fbx)
[2017.04.04-21.00.41:705][996]LogFbx: ItemName: GlobalSettings, ItemCount : 1
[2017.04.04-21.00.41:705][996]LogFbx: ItemName: NodeAttribute, ItemCount : 65
[2017.04.04-21.00.41:705][996]LogFbx: ItemName: Model, ItemCount : 67
[2017.04.04-21.00.41:705][996]LogFbx: ItemName: Geometry, ItemCount : 2
[2017.04.04-21.00.41:705][996]LogFbx: ItemName: Pose, ItemCount : 1
[2017.04.04-21.00.41:705][996]LogFbx: ItemName: Deformer, ItemCount : 54
[2017.04.04-21.00.41:705][996]LogFbx: ItemName: AnimationStack, ItemCount : 1
[2017.04.04-21.00.41:705][996]LogFbx: ItemName: AnimationLayer, ItemCount : 1
[2017.04.04-21.00.41:705][996]LogFbx: ItemName: AnimationCurveNode, ItemCount : 54
[2017.04.04-21.00.41:705][996]LogFbx: ItemName: AnimationCurve, ItemCount : 315
[2017.04.04-21.00.41:710][996]LogFbx: Loading FBX Scene from C:\Users\Jorn\Downloads\male_test_2 (2).fbx
[2017.04.04-21.00.41:809][996]LogFbx: FBX Scene Loaded Succesfully
[2017.04.04-21.00.49:931][996]LogFbx: Loading FBX Scene from C:\Users\Jorn\Downloads\male_test_2 (2).fbx
[2017.04.04-21.00.49:959][996]LogFbx: FBX Scene Loaded Succesfully
[2017.04.04-21.00.50:011][996]LogFbx: =================================================
[2017.04.04-21.00.50:011][996]LogFbx: Dumping Node START [default] 
[2017.04.04-21.00.50:011][996]LogFbx: 	Total Deformer Count -1967697000.
[2017.04.04-21.00.50:012][996]LogFbx: 		[Node 1] Skin (Type Skin).
[2017.04.04-21.00.50:012][996]LogFbx: =================================================
[2017.04.04-21.00.50:012][996]LogFbx: 	Attribute (defaultmesh) Type (4).
[2017.04.04-21.00.50:012][996]LogFbx: 		[Node Attribute Child 1] default (Type Mesh).
[2017.04.04-21.00.50:012][996]LogFbx: Dumping Node END [default]
[2017.04.04-21.00.50:012][996]LogFbx: =================================================
[2017.04.04-21.00.50:012][996]LogFbx: Dumping Node START [M_standard_03] 
[2017.04.04-21.00.50:012][996]LogFbx: 	Total Deformer Count -762618864.
[2017.04.04-21.00.50:012][996]LogFbx: 		[Node 1] Skin (Type Skin).
[2017.04.04-21.00.50:012][996]LogFbx: =================================================
[2017.04.04-21.00.50:012][996]LogFbx: 	Attribute (M_standard_03mesh) Type (4).
[2017.04.04-21.00.50:012][996]LogFbx: 		[Node Attribute Child 1] M_standard_03 (Type Mesh).
[2017.04.04-21.00.50:012][996]LogFbx: Dumping Node END [M_standard_03]
[2017.04.04-21.00.50:012][996]LogFbx: =================================================
[2017.04.04-21.00.50:012][996]LogFbx: Dumping Node START [default] 
[2017.04.04-21.00.50:012][996]LogFbx: 	Total Deformer Count -1967692856.
[2017.04.04-21.00.50:012][996]LogFbx: 		[Node 1] Skin (Type Skin).
[2017.04.04-21.00.50:012][996]LogFbx: =================================================
[2017.04.04-21.00.50:012][996]LogFbx: 	Attribute (defaultmesh) Type (4).
[2017.04.04-21.00.50:013][996]LogFbx: 		[Node Attribute Child 1] default (Type Mesh).
[2017.04.04-21.00.50:013][996]LogFbx: Dumping Node END [default]
[2017.04.04-21.00.50:023][996]LogFbx: =================================================
[2017.04.04-21.00.50:023][996]LogFbx: Dumping Node START [M_standard_03] 
[2017.04.04-21.00.50:023][996]LogFbx: 	Total Deformer Count -762618944.
[2017.04.04-21.00.50:023][996]LogFbx: 		[Node 1] Skin (Type Skin).
[2017.04.04-21.00.50:023][996]LogFbx: =================================================
[2017.04.04-21.00.50:023][996]LogFbx: 	Attribute (M_standard_03mesh) Type (4).
[2017.04.04-21.00.50:023][996]LogFbx: 		[Node Attribute Child 1] M_standard_03 (Type Mesh).
[2017.04.04-21.00.50:023][996]LogFbx: Dumping Node END [M_standard_03]
[2017.04.04-21.00.50:075][996]LogFbx: Valid bind pose for Pose (BindPose) - M_standard_03
[2017.04.04-21.00.50:106][996]LogFbx: Triangulating skeletal mesh M_standard_03
[2017.04.04-21.00.50:879][996]LogFbx:Warning: Bones digested - 65  Depth of hierarchy - 12
[2017.04.04-21.00.51:070][996]LogSkeletalMesh: Section 0: 2331 vertices, 52 active bones
[2017.04.04-21.00.51:156][996]LogSkeletalMesh: Section 0: Material=0, 3886 triangles
[2017.04.04-21.00.51:251][996]LogSlate: Took 0.010108 seconds to synchronously load lazily loaded font '../../../Engine/Content/Slate/Fonts/Roboto-Regular.ttf' (155K)
[2017.04.04-21.00.51:315][996]LogLinker: Can't find file '/Game/AnimationTests/male_test_2__2__PhysicsAsset'
[2017.04.04-21.00.51:316][996]LogLinker: Can't find file '/Game/AnimationTests/male_test_2__2__PhysicsAsset'
[2017.04.04-21.00.51:383][996]LogLinker: Can't find file '/Game/AnimationTests/male_test_2__2__Skeleton'
[2017.04.04-21.00.51:384][996]LogLinker: Can't find file '/Game/AnimationTests/male_test_2__2__Skeleton'
[2017.04.04-21.00.51:418][996]LogFbx: =================================================
[2017.04.04-21.00.51:418][996]LogFbx: Dumping Node START [default] 
[2017.04.04-21.00.51:418][996]LogFbx: 	Total Deformer Count -1967693304.
[2017.04.04-21.00.51:418][996]LogFbx: 		[Node 1] Skin (Type Skin).
[2017.04.04-21.00.51:418][996]LogFbx: =================================================
[2017.04.04-21.00.51:418][996]LogFbx: 	Attribute (defaultmesh) Type (4).
[2017.04.04-21.00.51:418][996]LogFbx: 		[Node Attribute Child 1] default (Type Mesh).
[2017.04.04-21.00.51:418][996]LogFbx: Dumping Node END [default]
[2017.04.04-21.00.51:418][996]LogFbx: =================================================
[2017.04.04-21.00.51:418][996]LogFbx: Dumping Node START [M_standard_03] 
[2017.04.04-21.00.51:418][996]LogFbx: 	Total Deformer Count -762428896.
[2017.04.04-21.00.51:418][996]LogFbx: 		[Node 1] Skin (Type Skin).
[2017.04.04-21.00.51:418][996]LogFbx: =================================================
[2017.04.04-21.00.51:418][996]LogFbx: 	Attribute (M_standard_03mesh) Type (4).
[2017.04.04-21.00.51:418][996]LogFbx: 		[Node Attribute Child 1] M_standard_03 (Type Mesh).
[2017.04.04-21.00.51:418][996]LogFbx: Dumping Node END [M_standard_03]
[2017.04.04-21.00.51:419][996]LogFbx: =================================================
[2017.04.04-21.00.51:419][996]LogFbx: Dumping Node START [default] 
[2017.04.04-21.00.51:419][996]LogFbx: 	Total Deformer Count -1967695936.
[2017.04.04-21.00.51:419][996]LogFbx: 		[Node 1] Skin (Type Skin).
[2017.04.04-21.00.51:419][996]LogFbx: =================================================
[2017.04.04-21.00.51:419][996]LogFbx: 	Attribute (defaultmesh) Type (4).
[2017.04.04-21.00.51:419][996]LogFbx: 		[Node Attribute Child 1] default (Type Mesh).
[2017.04.04-21.00.51:419][996]LogFbx: Dumping Node END [default]
[2017.04.04-21.00.51:419][996]LogFbx: =================================================
[2017.04.04-21.00.51:419][996]LogFbx: Dumping Node START [M_standard_03] 
[2017.04.04-21.00.51:419][996]LogFbx: 	Total Deformer Count -762428816.
[2017.04.04-21.00.51:419][996]LogFbx: 		[Node 1] Skin (Type Skin).
[2017.04.04-21.00.51:419][996]LogFbx: =================================================
[2017.04.04-21.00.51:419][996]LogFbx: 	Attribute (M_standard_03mesh) Type (4).
[2017.04.04-21.00.51:419][996]LogFbx: 		[Node Attribute Child 1] M_standard_03 (Type Mesh).
[2017.04.04-21.00.51:419][996]LogFbx: Dumping Node END [M_standard_03]
[2017.04.04-21.00.51:437][996]LogFbx: SortedLinks :(0) Hips
[2017.04.04-21.00.51:438][996]LogFbx: SortedLinks :(1) Spine
[2017.04.04-21.00.51:438][996]LogFbx: SortedLinks :(2) Spine1
[2017.04.04-21.00.51:438][996]LogFbx: SortedLinks :(3) Spine2
[2017.04.04-21.00.51:438][996]LogFbx: SortedLinks :(4) Neck
[2017.04.04-21.00.51:438][996]LogFbx: SortedLinks :(5) Head
[2017.04.04-21.00.51:438][996]LogFbx: SortedLinks :(6) HeadTop_End
[2017.04.04-21.00.51:438][996]LogFbx: SortedLinks :(7) LeftShoulder
[2017.04.04-21.00.51:438][996]LogFbx: SortedLinks :(8) LeftArm
[2017.04.04-21.00.51:438][996]LogFbx: SortedLinks :(9) LeftForeArm
[2017.04.04-21.00.51:438][996]LogFbx: SortedLinks :(10) LeftHand
[2017.04.04-21.00.51:438][996]LogFbx: SortedLinks :(11) LeftHandThumb1
[2017.04.04-21.00.51:438][996]LogFbx: SortedLinks :(12) LeftHandThumb2
[2017.04.04-21.00.51:438][996]LogFbx: SortedLinks :(13) LeftHandThumb3
[2017.04.04-21.00.51:438][996]LogFbx: SortedLinks :(14) LeftHandThumb4
[2017.04.04-21.00.51:438][996]LogFbx: SortedLinks :(15) LeftHandIndex1
[2017.04.04-21.00.51:438][996]LogFbx: SortedLinks :(16) LeftHandIndex2
[2017.04.04-21.00.51:438][996]LogFbx: SortedLinks :(17) LeftHandIndex3
[2017.04.04-21.00.51:438][996]LogFbx: SortedLinks :(18) LeftHandIndex4
[2017.04.04-21.00.51:438][996]LogFbx: SortedLinks :(19) LeftHandMiddle1
[2017.04.04-21.00.51:438][996]LogFbx: SortedLinks :(20) LeftHandMiddle2
[2017.04.04-21.00.51:438][996]LogFbx: SortedLinks :(21) LeftHandMiddle3
[2017.04.04-21.00.51:438][996]LogFbx: SortedLinks :(22) LeftHandMiddle4
[2017.04.04-21.00.51:438][996]LogFbx: SortedLinks :(23) LeftHandRing1
[2017.04.04-21.00.51:438][996]LogFbx: SortedLinks :(24) LeftHandRing2
[2017.04.04-21.00.51:438][996]LogFbx: SortedLinks :(25) LeftHandRing3
[2017.04.04-21.00.51:438][996]LogFbx: SortedLinks :(26) LeftHandRing4
[2017.04.04-21.00.51:438][996]LogFbx: SortedLinks :(27) LeftHandPinky1
[2017.04.04-21.00.51:438][996]LogFbx: SortedLinks :(28) LeftHandPinky2
[2017.04.04-21.00.51:438][996]LogFbx: SortedLinks :(29) LeftHandPinky3
[2017.04.04-21.00.51:438][996]LogFbx: SortedLinks :(30) LeftHandPinky4
[2017.04.04-21.00.51:438][996]LogFbx: SortedLinks :(31) RightShoulder
[2017.04.04-21.00.51:438][996]LogFbx: SortedLinks :(32) RightArm
[2017.04.04-21.00.51:438][996]LogFbx: SortedLinks :(33) RightForeArm
[2017.04.04-21.00.51:438][996]LogFbx: SortedLinks :(34) RightHand
[2017.04.04-21.00.51:438][996]LogFbx: SortedLinks :(35) RightHandThumb1
[2017.04.04-21.00.51:438][996]LogFbx: SortedLinks :(36) RightHandThumb2
[2017.04.04-21.00.51:438][996]LogFbx: SortedLinks :(37) RightHandThumb3
[2017.04.04-21.00.51:438][996]LogFbx: SortedLinks :(38) RightHandThumb4
[2017.04.04-21.00.51:438][996]LogFbx: SortedLinks :(39) RightHandIndex1
[2017.04.04-21.00.51:438][996]LogFbx: SortedLinks :(40) RightHandIndex2
[2017.04.04-21.00.51:438][996]LogFbx: SortedLinks :(41) RightHandIndex3
[2017.04.04-21.00.51:438][996]LogFbx: SortedLinks :(42) RightHandIndex4
[2017.04.04-21.00.51:438][996]LogFbx: SortedLinks :(43) RightHandMiddle1
[2017.04.04-21.00.51:438][996]LogFbx: SortedLinks :(44) RightHandMiddle2
[2017.04.04-21.00.51:438][996]LogFbx: SortedLinks :(45) RightHandMiddle3
[2017.04.04-21.00.51:438][996]LogFbx: SortedLinks :(46) RightHandMiddle4
[2017.04.04-21.00.51:438][996]LogFbx: SortedLinks :(47) RightHandRing1
[2017.04.04-21.00.51:438][996]LogFbx: SortedLinks :(48) RightHandRing2
[2017.04.04-21.00.51:438][996]LogFbx: SortedLinks :(49) RightHandRing3
[2017.04.04-21.00.51:438][996]LogFbx: SortedLinks :(50) RightHandRing4
[2017.04.04-21.00.51:438][996]LogFbx: SortedLinks :(51) RightHandPinky1
[2017.04.04-21.00.51:438][996]LogFbx: SortedLinks :(52) RightHandPinky2
[2017.04.04-21.00.51:438][996]LogFbx: SortedLinks :(53) RightHandPinky3
[2017.04.04-21.00.51:438][996]LogFbx: SortedLinks :(54) RightHandPinky4
[2017.04.04-21.00.51:438][996]LogFbx: SortedLinks :(55) LeftUpLeg
[2017.04.04-21.00.51:438][996]LogFbx: SortedLinks :(56) LeftLeg
[2017.04.04-21.00.51:438][996]LogFbx: SortedLinks :(57) LeftFoot
[2017.04.04-21.00.51:438][996]LogFbx: SortedLinks :(58) LeftToeBase
[2017.04.04-21.00.51:438][996]LogFbx: SortedLinks :(59) LeftToe_End
[2017.04.04-21.00.51:438][996]LogFbx: SortedLinks :(60) RightUpLeg
[2017.04.04-21.00.51:438][996]LogFbx: SortedLinks :(61) RightLeg
[2017.04.04-21.00.51:438][996]LogFbx: SortedLinks :(62) RightFoot
[2017.04.04-21.00.51:438][996]LogFbx: SortedLinks :(63) RightToeBase
[2017.04.04-21.00.51:438][996]LogFbx: SortedLinks :(64) RightToe_End
[2017.04.04-21.00.51:441][996]LogFbx: Parsing AnimStack mixamo.com
[2017.04.04-21.00.51:479][996]LogLinker: Can't find file '/Game/AnimationTests/male_test_2__2__Anim'
[2017.04.04-21.00.51:480][996]LogLinker: Can't find file '/Game/AnimationTests/male_test_2__2__Anim'
[2017.04.04-21.00.51:655][996]LogAnimationCompression: Building Anim DDC data for AnimSequence /Game/AnimationTests/male_test_2__2__Anim.male_test_2__2__Anim
[2017.04.04-21.00.51:758][996]FBXImport:Warning: Warning Ignoring mesh default because it but no weights. 
[2017.04.04-21.00.51:758][996]FBXImport:Warning: Warning No smoothing group information was found in this FBX scene.  Please make sure to enable the 'Export Smoothing Groups' option in the FBX Exporter plug-in before exporting the file.  Even for tools that don't support smoothing groups, the FBX Exporter will generate appropriate smoothing data at export-time so that correct vertex normals can be inferred while importing. 
[2017.04.04-21.00.51:758][996]FBXImport:Warning: Warning Ignoring mesh default because it but no weights. 
[2017.04.04-21.00.54:877][997]LogEditorViewport: Clicking on Actor (context menu): StaticMeshActor (Floor)
[2017.04.04-21.01.14:579][938]LogTemp: Repeting last play command: Simulate
[2017.04.04-21.01.14:588][938]LogBlueprintUserMessages: Early PlayInEditor Detection: Level '/Game/FirstPersonBP/Maps/FirstPersonExampleMap.FirstPersonExampleMap:PersistentLevel' has LevelScriptBlueprint '/Game/FirstPersonBP/Maps/FirstPersonExampleMap.FirstPersonExampleMap:PersistentLevel.FirstPersonExampleMap' with GeneratedClass '/Game/FirstPersonBP/Maps/FirstPersonExampleMap.FirstPersonExampleMap_C' with ClassGeneratedBy '/Game/FirstPersonBP/Maps/FirstPersonExampleMap.FirstPersonExampleMap:PersistentLevel.FirstPersonExampleMap'
[2017.04.04-21.01.14:588][938]LogPlayLevel: PlayLevel: No blueprints needed recompiling
[2017.04.04-21.01.14:588][938]PIE: New page: SIE session: FirstPersonExampleMap (Apr 5, 2017, 1:01:14 AM)
[2017.04.04-21.01.14:588][938]LogPlayLevel: Creating play world package: /Game/FirstPersonBP/Maps/UEDPIE_0_FirstPersonExampleMap
[2017.04.04-21.01.14:613][938]LogPlayLevel: PIE: StaticDuplicateObject took: (0.024417s)
[2017.04.04-21.01.14:614][938]LogAIModule: Creating AISystem for world FirstPersonExampleMap
[2017.04.04-21.01.14:614][938]LogPlayLevel: PIE: World Init took: (0.000942s)
[2017.04.04-21.01.14:614][938]LogPlayLevel: PIE: Created PIE world by copying editor world from /Game/FirstPersonBP/Maps/FirstPersonExampleMap.FirstPersonExampleMap to /Game/FirstPersonBP/Maps/UEDPIE_0_FirstPersonExampleMap.FirstPersonExampleMap (0.025594s)
[2017.04.04-21.01.14:790][938]LogInit: XAudio2 using 'Speakers (Realtek High Definition Audio)' : 2 channels at 48 kHz using 32 bits per sample (channel mask 0x3)
[2017.04.04-21.01.14:809][938]LogInit: FAudioDevice initialized.
[2017.04.04-21.01.14:843][938]LogLoad: Game class is 'FirstPersonGameMode_C'
[2017.04.04-21.01.14:849][938]LogWorld: Bringing World /Game/FirstPersonBP/Maps/UEDPIE_0_FirstPersonExampleMap.FirstPersonExampleMap up for play (max tick rate 0) at 2017.04.04-23.01.14
[2017.04.04-21.01.14:850][938]LogWorld: Bringing up level for play took: 0.004919
[2017.04.04-21.01.14:852][938]PIE: Info Play in editor start time for /Game/FirstPersonBP/Maps/UEDPIE_0_FirstPersonExampleMap 1.002
[2017.04.04-21.01.14:929][938]LogBlueprintUserMessages: Late PlayInEditor Detection: Level '/Game/FirstPersonBP/Maps/FirstPersonExampleMap.FirstPersonExampleMap:PersistentLevel' has LevelScriptBlueprint '/Game/FirstPersonBP/Maps/FirstPersonExampleMap.FirstPersonExampleMap:PersistentLevel.FirstPersonExampleMap' with GeneratedClass '/Game/FirstPersonBP/Maps/FirstPersonExampleMap.FirstPersonExampleMap_C' with ClassGeneratedBy '/Game/FirstPersonBP/Maps/FirstPersonExampleMap.FirstPersonExampleMap:PersistentLevel.FirstPersonExampleMap'
[2017.04.04-21.01.32:084][927]LogBlueprintUserMessages: Early EndPlayMap Detection: Level '/Game/FirstPersonBP/Maps/FirstPersonExampleMap.FirstPersonExampleMap:PersistentLevel' has LevelScriptBlueprint '/Game/FirstPersonBP/Maps/FirstPersonExampleMap.FirstPersonExampleMap:PersistentLevel.FirstPersonExampleMap' with GeneratedClass '/Game/FirstPersonBP/Maps/FirstPersonExampleMap.FirstPersonExampleMap_C' with ClassGeneratedBy '/Game/FirstPersonBP/Maps/FirstPersonExampleMap.FirstPersonExampleMap:PersistentLevel.FirstPersonExampleMap'
[2017.04.04-21.01.32:189][927]LogBlueprintUserMessages: Late EndPlayMap Detection: Level '/Game/FirstPersonBP/Maps/FirstPersonExampleMap.FirstPersonExampleMap:PersistentLevel' has LevelScriptBlueprint '/Game/FirstPersonBP/Maps/FirstPersonExampleMap.FirstPersonExampleMap:PersistentLevel.FirstPersonExampleMap' with GeneratedClass '/Game/FirstPersonBP/Maps/FirstPersonExampleMap.FirstPersonExampleMap_C' with ClassGeneratedBy '/Game/FirstPersonBP/Maps/FirstPersonExampleMap.FirstPersonExampleMap:PersistentLevel.FirstPersonExampleMap'
[2017.04.04-21.01.48:156][356]LogFactory: FactoryCreateFile: StaticMesh with FbxFactory (0 0 C:\Users\Jorn\Downloads\Standing_2H_Magic_Attack_02.fbx)
[2017.04.04-21.01.48:170][356]LogFbx: ItemName: GlobalSettings, ItemCount : 1
[2017.04.04-21.01.48:170][356]LogFbx: ItemName: Model, ItemCount : 65
[2017.04.04-21.01.48:170][356]LogFbx: ItemName: NodeAttribute, ItemCount : 65
[2017.04.04-21.01.48:170][356]LogFbx: ItemName: AnimationStack, ItemCount : 1
[2017.04.04-21.01.48:170][356]LogFbx: ItemName: AnimationLayer, ItemCount : 1
[2017.04.04-21.01.48:170][356]LogFbx: ItemName: AnimationCurveNode, ItemCount : 54
[2017.04.04-21.01.48:170][356]LogFbx: ItemName: AnimationCurve, ItemCount : 315
[2017.04.04-21.01.48:176][356]LogFbx: Loading FBX Scene from C:\Users\Jorn\Downloads\Standing_2H_Magic_Attack_02.fbx
[2017.04.04-21.01.48:208][356]LogFbx: FBX Scene Loaded Succesfully
[2017.04.04-21.01.54:563][356]LogFbx: Loading FBX Scene from C:\Users\Jorn\Downloads\Standing_2H_Magic_Attack_02.fbx
[2017.04.04-21.01.54:588][356]LogFbx: FBX Scene Loaded Succesfully
[2017.04.04-21.01.54:608][356]LogFbx: SortedLinks :(0) Hips
[2017.04.04-21.01.54:608][356]LogFbx: SortedLinks :(1) Spine
[2017.04.04-21.01.54:608][356]LogFbx: SortedLinks :(2) Spine1
[2017.04.04-21.01.54:608][356]LogFbx: SortedLinks :(3) Spine2
[2017.04.04-21.01.54:608][356]LogFbx: SortedLinks :(4) Neck
[2017.04.04-21.01.54:608][356]LogFbx: SortedLinks :(5) Head
[2017.04.04-21.01.54:608][356]LogFbx: SortedLinks :(6) HeadTop_End
[2017.04.04-21.01.54:608][356]LogFbx: SortedLinks :(7) LeftShoulder
[2017.04.04-21.01.54:608][356]LogFbx: SortedLinks :(8) LeftArm
[2017.04.04-21.01.54:608][356]LogFbx: SortedLinks :(9) LeftForeArm
[2017.04.04-21.01.54:608][356]LogFbx: SortedLinks :(10) LeftHand
[2017.04.04-21.01.54:608][356]LogFbx: SortedLinks :(11) LeftHandThumb1
[2017.04.04-21.01.54:608][356]LogFbx: SortedLinks :(12) LeftHandThumb2
[2017.04.04-21.01.54:608][356]LogFbx: SortedLinks :(13) LeftHandThumb3
[2017.04.04-21.01.54:608][356]LogFbx: SortedLinks :(14) LeftHandThumb4
[2017.04.04-21.01.54:608][356]LogFbx: SortedLinks :(15) LeftHandIndex1
[2017.04.04-21.01.54:608][356]LogFbx: SortedLinks :(16) LeftHandIndex2
[2017.04.04-21.01.54:608][356]LogFbx: SortedLinks :(17) LeftHandIndex3
[2017.04.04-21.01.54:608][356]LogFbx: SortedLinks :(18) LeftHandIndex4
[2017.04.04-21.01.54:608][356]LogFbx: SortedLinks :(19) LeftHandMiddle1
[2017.04.04-21.01.54:608][356]LogFbx: SortedLinks :(20) LeftHandMiddle2
[2017.04.04-21.01.54:608][356]LogFbx: SortedLinks :(21) LeftHandMiddle3
[2017.04.04-21.01.54:608][356]LogFbx: SortedLinks :(22) LeftHandMiddle4
[2017.04.04-21.01.54:608][356]LogFbx: SortedLinks :(23) LeftHandRing1
[2017.04.04-21.01.54:608][356]LogFbx: SortedLinks :(24) LeftHandRing2
[2017.04.04-21.01.54:608][356]LogFbx: SortedLinks :(25) LeftHandRing3
[2017.04.04-21.01.54:608][356]LogFbx: SortedLinks :(26) LeftHandRing4
[2017.04.04-21.01.54:608][356]LogFbx: SortedLinks :(27) LeftHandPinky1
[2017.04.04-21.01.54:608][356]LogFbx: SortedLinks :(28) LeftHandPinky2
[2017.04.04-21.01.54:608][356]LogFbx: SortedLinks :(29) LeftHandPinky3
[2017.04.04-21.01.54:608][356]LogFbx: SortedLinks :(30) LeftHandPinky4
[2017.04.04-21.01.54:608][356]LogFbx: SortedLinks :(31) RightShoulder
[2017.04.04-21.01.54:608][356]LogFbx: SortedLinks :(32) RightArm
[2017.04.04-21.01.54:608][356]LogFbx: SortedLinks :(33) RightForeArm
[2017.04.04-21.01.54:608][356]LogFbx: SortedLinks :(34) RightHand
[2017.04.04-21.01.54:608][356]LogFbx: SortedLinks :(35) RightHandThumb1
[2017.04.04-21.01.54:608][356]LogFbx: SortedLinks :(36) RightHandThumb2
[2017.04.04-21.01.54:608][356]LogFbx: SortedLinks :(37) RightHandThumb3
[2017.04.04-21.01.54:608][356]LogFbx: SortedLinks :(38) RightHandThumb4
[2017.04.04-21.01.54:608][356]LogFbx: SortedLinks :(39) RightHandIndex1
[2017.04.04-21.01.54:608][356]LogFbx: SortedLinks :(40) RightHandIndex2
[2017.04.04-21.01.54:608][356]LogFbx: SortedLinks :(41) RightHandIndex3
[2017.04.04-21.01.54:608][356]LogFbx: SortedLinks :(42) RightHandIndex4
[2017.04.04-21.01.54:608][356]LogFbx: SortedLinks :(43) RightHandMiddle1
[2017.04.04-21.01.54:608][356]LogFbx: SortedLinks :(44) RightHandMiddle2
[2017.04.04-21.01.54:608][356]LogFbx: SortedLinks :(45) RightHandMiddle3
[2017.04.04-21.01.54:608][356]LogFbx: SortedLinks :(46) RightHandMiddle4
[2017.04.04-21.01.54:608][356]LogFbx: SortedLinks :(47) RightHandRing1
[2017.04.04-21.01.54:608][356]LogFbx: SortedLinks :(48) RightHandRing2
[2017.04.04-21.01.54:608][356]LogFbx: SortedLinks :(49) RightHandRing3
[2017.04.04-21.01.54:608][356]LogFbx: SortedLinks :(50) RightHandRing4
[2017.04.04-21.01.54:608][356]LogFbx: SortedLinks :(51) RightHandPinky1
[2017.04.04-21.01.54:608][356]LogFbx: SortedLinks :(52) RightHandPinky2
[2017.04.04-21.01.54:608][356]LogFbx: SortedLinks :(53) RightHandPinky3
[2017.04.04-21.01.54:608][356]LogFbx: SortedLinks :(54) RightHandPinky4
[2017.04.04-21.01.54:608][356]LogFbx: SortedLinks :(55) LeftUpLeg
[2017.04.04-21.01.54:608][356]LogFbx: SortedLinks :(56) LeftLeg
[2017.04.04-21.01.54:608][356]LogFbx: SortedLinks :(57) LeftFoot
[2017.04.04-21.01.54:608][356]LogFbx: SortedLinks :(58) LeftToeBase
[2017.04.04-21.01.54:608][356]LogFbx: SortedLinks :(59) LeftToe_End
[2017.04.04-21.01.54:608][356]LogFbx: SortedLinks :(60) RightUpLeg
[2017.04.04-21.01.54:608][356]LogFbx: SortedLinks :(61) RightLeg
[2017.04.04-21.01.54:608][356]LogFbx: SortedLinks :(62) RightFoot
[2017.04.04-21.01.54:608][356]LogFbx: SortedLinks :(63) RightToeBase
[2017.04.04-21.01.54:608][356]LogFbx: SortedLinks :(64) RightToe_End
[2017.04.04-21.01.54:609][356]LogFbx: Parsing AnimStack mixamo.com
[2017.04.04-21.01.54:621][356]LogLinker: Can't find file '/Game/AnimationTests/Standing_2H_Magic_Attack_02'
[2017.04.04-21.01.54:621][356]LogLinker: Can't find file '/Game/AnimationTests/Standing_2H_Magic_Attack_02'
[2017.04.04-21.01.55:286][356]LogAnimationCompression: Building Anim DDC data for AnimSequence /Game/AnimationTests/Standing_2H_Magic_Attack_02.Standing_2H_Magic_Attack_02
[2017.04.04-21.02.02:121][ 35]LogEditorViewport: Clicking on Actor (LMB): SkeletalMeshActor (male_test_2__2_)
[2017.04.04-21.02.03:457][163]Cmd: DELETE
[2017.04.04-21.02.03:465][163]Cmd: ACTOR DELETE
[2017.04.04-21.02.03:501][163]LogEditorActor: Deleted Actor: SkeletalMeshActor
[2017.04.04-21.02.03:521][163]LogEditorActor: Deleted 1 Actors (0.039 secs)
[2017.04.04-21.02.04:030][223]LogEditorViewport: Clicking on Actor (LMB): SkeletalMeshActor (male_test_2__2_2)
[2017.04.04-21.02.07:946][663]LogTemp: Repeting last play command: Simulate
[2017.04.04-21.02.07:955][663]LogBlueprintUserMessages: Early PlayInEditor Detection: Level '/Game/FirstPersonBP/Maps/FirstPersonExampleMap.FirstPersonExampleMap:PersistentLevel' has LevelScriptBlueprint '/Game/FirstPersonBP/Maps/FirstPersonExampleMap.FirstPersonExampleMap:PersistentLevel.FirstPersonExampleMap' with GeneratedClass '/Game/FirstPersonBP/Maps/FirstPersonExampleMap.FirstPersonExampleMap_C' with ClassGeneratedBy '/Game/FirstPersonBP/Maps/FirstPersonExampleMap.FirstPersonExampleMap:PersistentLevel.FirstPersonExampleMap'
[2017.04.04-21.02.07:955][663]LogPlayLevel: PlayLevel: No blueprints needed recompiling
[2017.04.04-21.02.07:955][663]PIE: New page: SIE session: FirstPersonExampleMap (Apr 5, 2017, 1:02:07 AM)
[2017.04.04-21.02.07:955][663]LogPlayLevel: Creating play world package: /Game/FirstPersonBP/Maps/UEDPIE_0_FirstPersonExampleMap
[2017.04.04-21.02.07:972][663]LogPlayLevel: PIE: StaticDuplicateObject took: (0.016962s)
[2017.04.04-21.02.07:973][663]LogAIModule: Creating AISystem for world FirstPersonExampleMap
[2017.04.04-21.02.07:973][663]LogPlayLevel: PIE: World Init took: (0.000843s)
[2017.04.04-21.02.07:973][663]LogPlayLevel: PIE: Created PIE world by copying editor world from /Game/FirstPersonBP/Maps/FirstPersonExampleMap.FirstPersonExampleMap to /Game/FirstPersonBP/Maps/UEDPIE_0_FirstPersonExampleMap.FirstPersonExampleMap (0.018054s)
[2017.04.04-21.02.07:995][663]LogInit: XAudio2 using 'Speakers (Realtek High Definition Audio)' : 2 channels at 48 kHz using 32 bits per sample (channel mask 0x3)
[2017.04.04-21.02.08:004][663]LogInit: FAudioDevice initialized.
[2017.04.04-21.02.08:038][663]LogLoad: Game class is 'FirstPersonGameMode_C'
[2017.04.04-21.02.08:041][663]LogWorld: Bringing World /Game/FirstPersonBP/Maps/UEDPIE_0_FirstPersonExampleMap.FirstPersonExampleMap up for play (max tick rate 0) at 2017.04.04-23.02.08
[2017.04.04-21.02.08:042][663]LogWorld: Bringing up level for play took: 0.002511
[2017.04.04-21.02.08:056][663]PIE: Info Play in editor start time for /Game/FirstPersonBP/Maps/UEDPIE_0_FirstPersonExampleMap 0.205
[2017.04.04-21.02.08:093][663]LogBlueprintUserMessages: Late PlayInEditor Detection: Level '/Game/FirstPersonBP/Maps/FirstPersonExampleMap.FirstPersonExampleMap:PersistentLevel' has LevelScriptBlueprint '/Game/FirstPersonBP/Maps/FirstPersonExampleMap.FirstPersonExampleMap:PersistentLevel.FirstPersonExampleMap' with GeneratedClass '/Game/FirstPersonBP/Maps/FirstPersonExampleMap.FirstPersonExampleMap_C' with ClassGeneratedBy '/Game/FirstPersonBP/Maps/FirstPersonExampleMap.FirstPersonExampleMap:PersistentLevel.FirstPersonExampleMap'
[2017.04.04-21.02.19:933][  8]LogBlueprintUserMessages: Early EndPlayMap Detection: Level '/Game/FirstPersonBP/Maps/FirstPersonExampleMap.FirstPersonExampleMap:PersistentLevel' has LevelScriptBlueprint '/Game/FirstPersonBP/Maps/FirstPersonExampleMap.FirstPersonExampleMap:PersistentLevel.FirstPersonExampleMap' with GeneratedClass '/Game/FirstPersonBP/Maps/FirstPersonExampleMap.FirstPersonExampleMap_C' with ClassGeneratedBy '/Game/FirstPersonBP/Maps/FirstPersonExampleMap.FirstPersonExampleMap:PersistentLevel.FirstPersonExampleMap'
[2017.04.04-21.02.19:996][  8]LogBlueprintUserMessages: Late EndPlayMap Detection: Level '/Game/FirstPersonBP/Maps/FirstPersonExampleMap.FirstPersonExampleMap:PersistentLevel' has LevelScriptBlueprint '/Game/FirstPersonBP/Maps/FirstPersonExampleMap.FirstPersonExampleMap:PersistentLevel.FirstPersonExampleMap' with GeneratedClass '/Game/FirstPersonBP/Maps/FirstPersonExampleMap.FirstPersonExampleMap_C' with ClassGeneratedBy '/Game/FirstPersonBP/Maps/FirstPersonExampleMap.FirstPersonExampleMap:PersistentLevel.FirstPersonExampleMap'
[2017.04.04-21.02.32:662][490]LogTemp: Repeting last play command: Simulate
[2017.04.04-21.02.32:671][490]LogBlueprintUserMessages: Early PlayInEditor Detection: Level '/Game/FirstPersonBP/Maps/FirstPersonExampleMap.FirstPersonExampleMap:PersistentLevel' has LevelScriptBlueprint '/Game/FirstPersonBP/Maps/FirstPersonExampleMap.FirstPersonExampleMap:PersistentLevel.FirstPersonExampleMap' with GeneratedClass '/Game/FirstPersonBP/Maps/FirstPersonExampleMap.FirstPersonExampleMap_C' with ClassGeneratedBy '/Game/FirstPersonBP/Maps/FirstPersonExampleMap.FirstPersonExampleMap:PersistentLevel.FirstPersonExampleMap'
[2017.04.04-21.02.32:671][490]LogPlayLevel: PlayLevel: No blueprints needed recompiling
[2017.04.04-21.02.32:671][490]PIE: New page: SIE session: FirstPersonExampleMap (Apr 5, 2017, 1:02:32 AM)
[2017.04.04-21.02.32:671][490]LogPlayLevel: Creating play world package: /Game/FirstPersonBP/Maps/UEDPIE_0_FirstPersonExampleMap
[2017.04.04-21.02.32:689][490]LogPlayLevel: PIE: StaticDuplicateObject took: (0.017677s)
[2017.04.04-21.02.32:691][490]LogAIModule: Creating AISystem for world FirstPersonExampleMap
[2017.04.04-21.02.32:692][490]LogPlayLevel: PIE: World Init took: (0.002592s)
[2017.04.04-21.02.32:692][490]LogPlayLevel: PIE: Created PIE world by copying editor world from /Game/FirstPersonBP/Maps/FirstPersonExampleMap.FirstPersonExampleMap to /Game/FirstPersonBP/Maps/UEDPIE_0_FirstPersonExampleMap.FirstPersonExampleMap (0.020792s)
[2017.04.04-21.02.32:713][490]LogInit: XAudio2 using 'Speakers (Realtek High Definition Audio)' : 2 channels at 48 kHz using 32 bits per sample (channel mask 0x3)
[2017.04.04-21.02.32:722][490]LogInit: FAudioDevice initialized.
[2017.04.04-21.02.32:751][490]LogLoad: Game class is 'FirstPersonGameMode_C'
[2017.04.04-21.02.32:753][490]LogWorld: Bringing World /Game/FirstPersonBP/Maps/UEDPIE_0_FirstPersonExampleMap.FirstPersonExampleMap up for play (max tick rate 0) at 2017.04.04-23.02.32
[2017.04.04-21.02.32:754][490]LogWorld: Bringing up level for play took: 0.002336
[2017.04.04-21.02.32:755][490]PIE: Info Play in editor start time for /Game/FirstPersonBP/Maps/UEDPIE_0_FirstPersonExampleMap 0.904
[2017.04.04-21.02.32:792][490]LogBlueprintUserMessages: Late PlayInEditor Detection: Level '/Game/FirstPersonBP/Maps/FirstPersonExampleMap.FirstPersonExampleMap:PersistentLevel' has LevelScriptBlueprint '/Game/FirstPersonBP/Maps/FirstPersonExampleMap.FirstPersonExampleMap:PersistentLevel.FirstPersonExampleMap' with GeneratedClass '/Game/FirstPersonBP/Maps/FirstPersonExampleMap.FirstPersonExampleMap_C' with ClassGeneratedBy '/Game/FirstPersonBP/Maps/FirstPersonExampleMap.FirstPersonExampleMap:PersistentLevel.FirstPersonExampleMap'
[2017.04.04-21.02.40:803][442]LogBlueprintUserMessages: Early EndPlayMap Detection: Level '/Game/FirstPersonBP/Maps/FirstPersonExampleMap.FirstPersonExampleMap:PersistentLevel' has LevelScriptBlueprint '/Game/FirstPersonBP/Maps/FirstPersonExampleMap.FirstPersonExampleMap:PersistentLevel.FirstPersonExampleMap' with GeneratedClass '/Game/FirstPersonBP/Maps/FirstPersonExampleMap.FirstPersonExampleMap_C' with ClassGeneratedBy '/Game/FirstPersonBP/Maps/FirstPersonExampleMap.FirstPersonExampleMap:PersistentLevel.FirstPersonExampleMap'
[2017.04.04-21.02.40:872][442]LogBlueprintUserMessages: Late EndPlayMap Detection: Level '/Game/FirstPersonBP/Maps/FirstPersonExampleMap.FirstPersonExampleMap:PersistentLevel' has LevelScriptBlueprint '/Game/FirstPersonBP/Maps/FirstPersonExampleMap.FirstPersonExampleMap:PersistentLevel.FirstPersonExampleMap' with GeneratedClass '/Game/FirstPersonBP/Maps/FirstPersonExampleMap.FirstPersonExampleMap_C' with ClassGeneratedBy '/Game/FirstPersonBP/Maps/FirstPersonExampleMap.FirstPersonExampleMap:PersistentLevel.FirstPersonExampleMap'
[2017.04.04-21.08.20:341][742]LogTemp: Repeting last play command: Simulate
[2017.04.04-21.08.20:350][742]LogBlueprintUserMessages: Early PlayInEditor Detection: Level '/Game/FirstPersonBP/Maps/FirstPersonExampleMap.FirstPersonExampleMap:PersistentLevel' has LevelScriptBlueprint '/Game/FirstPersonBP/Maps/FirstPersonExampleMap.FirstPersonExampleMap:PersistentLevel.FirstPersonExampleMap' with GeneratedClass '/Game/FirstPersonBP/Maps/FirstPersonExampleMap.FirstPersonExampleMap_C' with ClassGeneratedBy '/Game/FirstPersonBP/Maps/FirstPersonExampleMap.FirstPersonExampleMap:PersistentLevel.FirstPersonExampleMap'
[2017.04.04-21.08.20:350][742]LogPlayLevel: PlayLevel: No blueprints needed recompiling
[2017.04.04-21.08.20:350][742]PIE: New page: SIE session: FirstPersonExampleMap (Apr 5, 2017, 1:08:20 AM)
[2017.04.04-21.08.20:350][742]LogPlayLevel: Creating play world package: /Game/FirstPersonBP/Maps/UEDPIE_0_FirstPersonExampleMap
[2017.04.04-21.08.20:367][742]LogPlayLevel: PIE: StaticDuplicateObject took: (0.017280s)
[2017.04.04-21.08.20:368][742]LogAIModule: Creating AISystem for world FirstPersonExampleMap
[2017.04.04-21.08.20:369][742]LogPlayLevel: PIE: World Init took: (0.001023s)
[2017.04.04-21.08.20:369][742]LogPlayLevel: PIE: Created PIE world by copying editor world from /Game/FirstPersonBP/Maps/FirstPersonExampleMap.FirstPersonExampleMap to /Game/FirstPersonBP/Maps/UEDPIE_0_FirstPersonExampleMap.FirstPersonExampleMap (0.018590s)
[2017.04.04-21.08.20:422][742]LogInit: XAudio2 using 'Speakers (Realtek High Definition Audio)' : 2 channels at 48 kHz using 32 bits per sample (channel mask 0x3)
[2017.04.04-21.08.20:432][742]LogInit: FAudioDevice initialized.
[2017.04.04-21.08.20:465][742]LogLoad: Game class is 'FirstPersonGameMode_C'
[2017.04.04-21.08.20:469][742]LogWorld: Bringing World /Game/FirstPersonBP/Maps/UEDPIE_0_FirstPersonExampleMap.FirstPersonExampleMap up for play (max tick rate 0) at 2017.04.04-23.08.20
[2017.04.04-21.08.20:469][742]LogWorld: Bringing up level for play took: 0.002619
[2017.04.04-21.08.20:470][742]PIE: Info Play in editor start time for /Game/FirstPersonBP/Maps/UEDPIE_0_FirstPersonExampleMap 0.62
[2017.04.04-21.08.20:509][742]LogBlueprintUserMessages: Late PlayInEditor Detection: Level '/Game/FirstPersonBP/Maps/FirstPersonExampleMap.FirstPersonExampleMap:PersistentLevel' has LevelScriptBlueprint '/Game/FirstPersonBP/Maps/FirstPersonExampleMap.FirstPersonExampleMap:PersistentLevel.FirstPersonExampleMap' with GeneratedClass '/Game/FirstPersonBP/Maps/FirstPersonExampleMap.FirstPersonExampleMap_C' with ClassGeneratedBy '/Game/FirstPersonBP/Maps/FirstPersonExampleMap.FirstPersonExampleMap:PersistentLevel.FirstPersonExampleMap'
[2017.04.04-21.24.11:231][471]LogBlueprintUserMessages: Early EndPlayMap Detection: Level '/Game/FirstPersonBP/Maps/FirstPersonExampleMap.FirstPersonExampleMap:PersistentLevel' has LevelScriptBlueprint '/Game/FirstPersonBP/Maps/FirstPersonExampleMap.FirstPersonExampleMap:PersistentLevel.FirstPersonExampleMap' with GeneratedClass '/Game/FirstPersonBP/Maps/FirstPersonExampleMap.FirstPersonExampleMap_C' with ClassGeneratedBy '/Game/FirstPersonBP/Maps/FirstPersonExampleMap.FirstPersonExampleMap:PersistentLevel.FirstPersonExampleMap'
[2017.04.04-21.24.11:301][471]LogBlueprintUserMessages: Late EndPlayMap Detection: Level '/Game/FirstPersonBP/Maps/FirstPersonExampleMap.FirstPersonExampleMap:PersistentLevel' has LevelScriptBlueprint '/Game/FirstPersonBP/Maps/FirstPersonExampleMap.FirstPersonExampleMap:PersistentLevel.FirstPersonExampleMap' with GeneratedClass '/Game/FirstPersonBP/Maps/FirstPersonExampleMap.FirstPersonExampleMap_C' with ClassGeneratedBy '/Game/FirstPersonBP/Maps/FirstPersonExampleMap.FirstPersonExampleMap:PersistentLevel.FirstPersonExampleMap'
[2017.04.04-21.24.17:605][610]Cmd: QUIT_EDITOR
[2017.04.04-21.24.19:208][610]LogWindowsTextInputMethodSystem:Display: IME system now deactivated.
[2017.04.04-21.24.19:594][610]LogExit: Preparing to exit.
[2017.04.04-21.24.23:804][610]LogDirectoryWatcher: A directory notification for 'D:/D Drive/MALUM_SVN/MALUM_SVN/MALUM/Content/' was aborted.
[2017.04.04-21.24.25:822][610]LogExit: Editor shut down
[2017.04.04-21.24.25:867][610]LogExit: Transaction tracking system shut down
[2017.04.04-21.24.30:444][610]LogObj: Freed 0b from 0 cluster array pools.
[2017.04.04-21.24.30:445][610]LogExit: Object subsystem successfully closed.
[2017.04.04-21.24.30:852][610]LogD3D11RHI: Shutdown
[2017.04.04-21.24.30:853][610]LogD3D11RHI: CleanupD3DDevice
[2017.04.04-21.24.31:250][610]LogD3D11RHI: ~FD3D11DynamicRHI
[2017.04.04-21.24.33:718][610]LogModuleManager: Shutting down and abandoning module MovieSceneCapture (500)
[2017.04.04-21.24.33:718][610]LogModuleManager: Shutting down and abandoning module HierarchicalLODOutliner (498)
[2017.04.04-21.24.33:726][610]LogModuleManager: Shutting down and abandoning module CrashTracker (496)
[2017.04.04-21.24.33:758][610]LogModuleManager: Shutting down and abandoning module SceneOutliner (494)
[2017.04.04-21.24.33:758][610]LogModuleManager: Shutting down and abandoning module AddContentDialog (492)
[2017.04.04-21.24.33:787][610]LogDirectoryWatcher: A directory notification for 'D:/Program Files (x86)/UE_4.15/FeaturePacks/' was aborted.
[2017.04.04-21.24.33:982][610]LogModuleManager: Shutting down and abandoning module WidgetCarousel (491)
[2017.04.04-21.24.33:982][610]LogModuleManager: Shutting down and abandoning module EditorWidgets (488)
[2017.04.04-21.24.33:982][610]LogModuleManager: Shutting down and abandoning module CollectionManager (486)
[2017.04.04-21.24.33:999][610]LogDirectoryWatcher: A directory notification for 'D:/D Drive/MALUM_SVN/MALUM_SVN/MALUM/Content/Collections/' was aborted.
[2017.04.04-21.24.33:999][610]LogDirectoryWatcher: A directory notification for 'D:/D Drive/MALUM_SVN/MALUM_SVN/MALUM/Content/Developers/Jorn/Collections/' was aborted.
[2017.04.04-21.24.33:999][610]LogDirectoryWatcher: A directory notification for 'D:/D Drive/MALUM_SVN/MALUM_SVN/MALUM/Saved/Collections/' was aborted.
[2017.04.04-21.24.33:999][610]LogModuleManager: Shutting down and abandoning module StatsViewer (484)
[2017.04.04-21.24.34:015][610]LogModuleManager: Shutting down and abandoning module FoliageEdit (482)
[2017.04.04-21.24.34:023][610]LogModuleManager: Shutting down and abandoning module LandscapeEditor (480)
[2017.04.04-21.24.34:052][610]LogModuleManager: Shutting down and abandoning module SceneDepthPickerMode (478)
[2017.04.04-21.24.34:052][610]LogModuleManager: Shutting down and abandoning module ActorPickerMode (476)
[2017.04.04-21.24.34:052][610]LogModuleManager: Shutting down and abandoning module GeometryMode (474)
[2017.04.04-21.24.34:052][610]LogModuleManager: Shutting down and abandoning module TextureAlignMode (472)
[2017.04.04-21.24.34:052][610]LogModuleManager: Shutting down and abandoning module BspMode (470)
[2017.04.04-21.24.34:060][610]LogModuleManager: Shutting down and abandoning module HardwareSurvey (468)
[2017.04.04-21.24.34:067][610]LogModuleManager: Shutting down and abandoning module SequenceRecorderSections (466)
[2017.04.04-21.24.34:067][610]LogModuleManager: Shutting down and abandoning module AutomationWorker (464)
[2017.04.04-21.24.34:095][610]LogModuleManager: Shutting down and abandoning module MatineeToLevelSequence (462)
[2017.04.04-21.24.34:119][610]LogModuleManager: Shutting down and abandoning module LevelSequenceEditor (460)
[2017.04.04-21.24.34:192][610]LogModuleManager: Shutting down and abandoning module PlacementMode (459)
[2017.04.04-21.24.34:193][610]LogModuleManager: Shutting down and abandoning module WmfMediaFactory (456)
[2017.04.04-21.24.34:193][610]LogModuleManager: Shutting down and abandoning module WmfMediaEditor (454)
[2017.04.04-21.24.34:193][610]LogModuleManager: Shutting down and abandoning module MfMediaFactory (452)
[2017.04.04-21.24.34:202][610]LogModuleManager: Shutting down and abandoning module MfMediaEditor (450)
[2017.04.04-21.24.34:202][610]LogModuleManager: Shutting down and abandoning module AvfMediaFactory (448)
[2017.04.04-21.24.34:202][610]LogModuleManager: Shutting down and abandoning module AvfMediaEditor (446)
[2017.04.04-21.24.34:202][610]LogModuleManager: Shutting down and abandoning module AndroidMediaFactory (444)
[2017.04.04-21.24.34:210][610]LogModuleManager: Shutting down and abandoning module Media (443)
[2017.04.04-21.24.34:210][610]LogModuleManager: Shutting down and abandoning module AndroidMediaEditor (440)
[2017.04.04-21.24.34:210][610]LogModuleManager: Shutting down and abandoning module CharacterAI (438)
[2017.04.04-21.24.34:210][610]LogModuleManager: Shutting down and abandoning module AudioCapture (436)
[2017.04.04-21.24.34:217][610]LogModuleManager: Shutting down and abandoning module SequenceRecorder (435)
[2017.04.04-21.24.34:259][610]LogModuleManager: Shutting down and abandoning module SmartSnapping (432)
[2017.04.04-21.24.34:259][610]LogModuleManager: Shutting down and abandoning module SessionServices (430)
[2017.04.04-21.24.34:259][610]LogModuleManager: Shutting down and abandoning module ViewportSnapping (428)
[2017.04.04-21.24.34:259][610]LogModuleManager: Shutting down and abandoning module ViewportInteraction (426)
[2017.04.04-21.24.34:259][610]LogModuleManager: Shutting down and abandoning module LogVisualizer (424)
[2017.04.04-21.24.34:279][610]LogModuleManager: Shutting down and abandoning module IntroTutorials (422)
[2017.04.04-21.24.34:335][610]LogModuleManager: Shutting down and abandoning module GameProjectGeneration (421)
[2017.04.04-21.24.34:360][610]LogModuleManager: Shutting down and abandoning module EditorLiveStreaming (418)
[2017.04.04-21.24.34:382][610]LogModuleManager: Shutting down and abandoning module IOSPlatformEditor (416)
[2017.04.04-21.24.34:389][610]LogModuleManager: Shutting down and abandoning module HTML5PlatformEditor (414)
[2017.04.04-21.24.34:389][610]LogModuleManager: Shutting down and abandoning module AndroidPlatformEditor (412)
[2017.04.04-21.24.34:400][610]LogModuleManager: Shutting down and abandoning module AndroidDeviceDetection (411)
[2017.04.04-21.24.35:379][610]LogModuleManager: Shutting down and abandoning module IOSRuntimeSettings (408)
[2017.04.04-21.24.35:379][610]LogModuleManager: Shutting down and abandoning module AndroidRuntimeSettings (406)
[2017.04.04-21.24.35:379][610]LogModuleManager: Shutting down and abandoning module InputBindingEditor (404)
[2017.04.04-21.24.35:393][610]LogModuleManager: Shutting down and abandoning module NiagaraEditor (402)
[2017.04.04-21.24.35:413][610]LogModuleManager: Shutting down and abandoning module MergeActors (400)
[2017.04.04-21.24.35:426][610]LogModuleManager: Shutting down and abandoning module SizeMap (398)
[2017.04.04-21.24.35:438][610]LogModuleManager: Shutting down and abandoning module TreeMap (396)
[2017.04.04-21.24.35:462][610]LogModuleManager: Shutting down and abandoning module ReferenceViewer (394)
[2017.04.04-21.24.35:478][610]LogModuleManager: Shutting down and abandoning module LocalizationDashboard (392)
[2017.04.04-21.24.35:500][610]LogModuleManager: Shutting down and abandoning module LocalizationService (391)
[2017.04.04-21.24.35:509][610]LogModuleManager: Shutting down and abandoning module HardwareTargeting (388)
[2017.04.04-21.24.35:509][610]LogModuleManager: Shutting down and abandoning module DeviceProfileEditor (386)
[2017.04.04-21.24.35:532][610]LogModuleManager: Shutting down and abandoning module UndoHistory (384)
[2017.04.04-21.24.35:545][610]LogModuleManager: Shutting down and abandoning module UserFeedback (382)
[2017.04.04-21.24.35:545][610]LogModuleManager: Shutting down and abandoning module XmlParser (380)
[2017.04.04-21.24.35:558][610]LogModuleManager: Shutting down and abandoning module Blutility (378)
[2017.04.04-21.24.35:558][610]LogModuleManager: Shutting down and abandoning module ProjectSettingsViewer (376)
[2017.04.04-21.24.35:570][610]LogModuleManager: Shutting down and abandoning module ProjectTargetPlatformEditor (375)
[2017.04.04-21.24.35:586][610]LogModuleManager: Shutting down and abandoning module EditorSettingsViewer (372)
[2017.04.04-21.24.35:594][610]LogModuleManager: Shutting down and abandoning module SettingsEditor (370)
[2017.04.04-21.24.35:616][610]LogModuleManager: Shutting down and abandoning module ProjectLauncher (368)
[2017.04.04-21.24.35:638][610]LogModuleManager: Shutting down and abandoning module SessionFrontend (366)
[2017.04.04-21.24.35:661][610]LogModuleManager: Shutting down and abandoning module ProfilerClient (364)
[2017.04.04-21.24.35:679][610]LogModuleManager: Shutting down and abandoning module DeviceManager (362)
[2017.04.04-21.24.35:699][610]LogModuleManager: Shutting down and abandoning module TargetDeviceServices (361)
[2017.04.04-21.24.35:856][610]LogModuleManager: Shutting down and abandoning module AutomationController (358)
[2017.04.04-21.24.35:875][610]LogModuleManager: Shutting down and abandoning module AutomationWindow (356)
[2017.04.04-21.24.35:893][610]LogModuleManager: Shutting down and abandoning module Layers (354)
[2017.04.04-21.24.35:914][610]LogModuleManager: Shutting down and abandoning module ComponentVisualizers (352)
[2017.04.04-21.24.35:914][610]LogModuleManager: Shutting down and abandoning module DetailCustomizations (350)
[2017.04.04-21.24.35:925][610]LogModuleManager: Shutting down and abandoning module PackagesDialog (348)
[2017.04.04-21.24.35:926][610]LogModuleManager: Shutting down and abandoning module Persona (346)
[2017.04.04-21.24.35:963][610]LogModuleManager: Shutting down and abandoning module AnimGraph (345)
[2017.04.04-21.24.35:963][610]LogModuleManager: Shutting down and abandoning module Kismet (342)
[2017.04.04-21.24.35:999][610]LogModuleManager: Shutting down and abandoning module GraphEditor (340)
[2017.04.04-21.24.36:033][610]LogModuleManager: Shutting down and abandoning module ClassViewer (338)
[2017.04.04-21.24.36:055][610]LogModuleManager: Shutting down and abandoning module Toolbox (336)
[2017.04.04-21.24.36:062][610]LogModuleManager: Shutting down and abandoning module ModuleUI (334)
[2017.04.04-21.24.36:074][610]LogModuleManager: Shutting down and abandoning module MovieSceneTools (332)
[2017.04.04-21.24.36:127][610]LogModuleManager: Shutting down and abandoning module OutputLog (330)
[2017.04.04-21.24.36:143][610]LogModuleManager: Shutting down and abandoning module GammaUI (328)
[2017.04.04-21.24.36:150][610]LogModuleManager: Shutting down and abandoning module Documentation (326)
[2017.04.04-21.24.36:150][610]LogModuleManager: Shutting down and abandoning module Niagara (324)
[2017.04.04-21.24.36:150][610]LogModuleManager: Shutting down and abandoning module StreamingPauseRendering (322)
[2017.04.04-21.24.36:165][610]LogModuleManager: Shutting down and abandoning module AnalyticsET (320)
[2017.04.04-21.24.36:165][610]LogModuleManager: Shutting down and abandoning module PortalServices (318)
[2017.04.04-21.24.36:165][610]LogModuleManager: Shutting down and abandoning module PortalRpc (316)
[2017.04.04-21.24.36:165][610]LogModuleManager: Shutting down and abandoning module MessagingRpc (314)
[2017.04.04-21.24.36:165][610]LogModuleManager: Shutting down and abandoning module AIModule (312)
[2017.04.04-21.24.36:177][610]LogModuleManager: Shutting down and abandoning module GameplayDebugger (311)
[2017.04.04-21.24.36:184][610]LogModuleManager: Shutting down and abandoning module AITestSuite (309)
[2017.04.04-21.24.36:192][610]LogModuleManager: Shutting down and abandoning module ProfilerService (306)
[2017.04.04-21.24.36:398][610]LogModuleManager: Shutting down and abandoning module TaskGraph (304)
[2017.04.04-21.24.36:474][610]LogModuleManager: Shutting down and abandoning module SteamVRController (302)
[2017.04.04-21.24.36:474][610]LogModuleManager: Shutting down and abandoning module SteamVR (300)
[2017.04.04-21.24.36:474][610]LogModuleManager: Shutting down and abandoning module ProceduralMeshComponentEditor (298)
[2017.04.04-21.24.36:474][610]LogModuleManager: Shutting down and abandoning module ProceduralMeshComponent (296)
[2017.04.04-21.24.36:481][610]LogModuleManager: Shutting down and abandoning module OculusLibrary (294)
[2017.04.04-21.24.36:481][610]LogModuleManager: Shutting down and abandoning module OculusInput (292)
[2017.04.04-21.24.36:481][610]LogModuleManager: Shutting down and abandoning module MobilePatchingUtils (290)
[2017.04.04-21.24.36:492][610]LogModuleManager: Shutting down and abandoning module CustomMeshComponent (288)
[2017.04.04-21.24.36:492][610]LogModuleManager: Shutting down and abandoning module CableComponent (286)
[2017.04.04-21.24.36:499][610]LogModuleManager: Shutting down and abandoning module ArchVisCharacter (284)
[2017.04.04-21.24.36:499][610]LogModuleManager: Shutting down and abandoning module MediaPlayerEditor (280)
[2017.04.04-21.24.36:524][610]LogModuleManager: Shutting down and abandoning module HTML5Networking (278)
[2017.04.04-21.24.36:524][610]LogModuleManager: Shutting down and abandoning module AlembicImporter (276)
[2017.04.04-21.24.36:531][610]LogModuleManager: Shutting down and abandoning module AlembicLibrary (275)
[2017.04.04-21.24.36:541][610]LogModuleManager: Shutting down and abandoning module GeometryCache (274)
[2017.04.04-21.24.36:541][610]LogModuleManager: Shutting down and abandoning module GeometryCacheEd (273)
[2017.04.04-21.24.36:541][610]LogModuleManager: Shutting down and abandoning module SuperSearchEditor (268)
[2017.04.04-21.24.36:541][610]LogModuleManager: Shutting down and abandoning module SuperSearch (267)
[2017.04.04-21.24.36:541][610]LogModuleManager: Shutting down and abandoning module SpeedTreeImporter (264)
[2017.04.04-21.24.36:541][610]LogModuleManager: Shutting down and abandoning module PluginBrowser (262)
[2017.04.04-21.24.36:562][610]LogModuleManager: Shutting down and abandoning module MobileLauncherProfileWizard (260)
[2017.04.04-21.24.36:581][610]LogModuleManager: Shutting down and abandoning module EpicSurvey (258)
[2017.04.04-21.24.36:604][610]LogModuleManager: Shutting down and abandoning module VisualStudioSourceCodeAccess (256)
[2017.04.04-21.24.36:616][610]LogModuleManager: Shutting down and abandoning module DesktopPlatform (255)
[2017.04.04-21.24.36:628][610]LogModuleManager: Shutting down and abandoning module UObjectPlugin (252)
[2017.04.04-21.24.36:628][610]LogModuleManager: Shutting down and abandoning module SubversionSourceControl (250)
[2017.04.04-21.24.36:649][610]LogModuleManager: Shutting down and abandoning module PerforceSourceControl (248)
[2017.04.04-21.24.36:673][610]LogModuleManager: Shutting down and abandoning module GitSourceControl (246)
[2017.04.04-21.24.36:688][610]LogModuleManager: Shutting down and abandoning module SourceControl (245)
[2017.04.04-21.24.36:707][610]LogModuleManager: Shutting down and abandoning module LightPropagationVolumeEditor (242)
[2017.04.04-21.24.36:718][610]LogModuleManager: Shutting down and abandoning module PaperTiledImporter (240)
[2017.04.04-21.24.36:718][610]LogModuleManager: Shutting down and abandoning module PaperSpriteSheetImporter (238)
[2017.04.04-21.24.36:718][610]LogModuleManager: Shutting down and abandoning module Paper2DEditor (236)
[2017.04.04-21.24.36:744][610]LogModuleManager: Shutting down and abandoning module MeshPaint (235)
[2017.04.04-21.24.36:744][610]LogModuleManager: Shutting down and abandoning module LevelEditor (233)
[2017.04.04-21.24.36:791][610]LogModuleManager: Shutting down and abandoning module PixelInspectorModule (232)
[2017.04.04-21.24.36:809][610]LogModuleManager: Shutting down and abandoning module MainFrame (230)
[2017.04.04-21.24.36:809][610]LogModuleManager: Shutting down and abandoning module HotReload (229)
[2017.04.04-21.24.36:862][610]LogModuleManager: Shutting down and abandoning module ContentBrowser (225)
[2017.04.04-21.24.36:867][610]LogModuleManager: Shutting down and abandoning module PhysXVehiclesEditor (222)
[2017.04.04-21.24.36:876][610]LogModuleManager: Shutting down and abandoning module PhysXVehicles (220)
[2017.04.04-21.24.36:876][610]LogModuleManager: Shutting down and abandoning module LocationServicesBPLibrary (218)
[2017.04.04-21.24.36:876][610]LogModuleManager: Shutting down and abandoning module UdpMessaging (216)
[2017.04.04-21.24.36:976][610]LogModuleManager: Shutting down and abandoning module TcpMessaging (214)
[2017.04.04-21.24.37:076][610]LogModuleManager: Shutting down and abandoning module GameplayTagsEditor (212)
[2017.04.04-21.24.37:090][610]LogModuleManager: Shutting down and abandoning module FacialAnimationEditor (210)
[2017.04.04-21.24.37:103][610]LogModuleManager: Shutting down and abandoning module FacialAnimation (208)
[2017.04.04-21.24.37:103][610]LogModuleManager: Shutting down and abandoning module LightPropagationVolumeRuntime (206)
[2017.04.04-21.24.37:103][610]LogModuleManager: Shutting down and abandoning module Paper2D (204)
[2017.04.04-21.24.37:122][610]LogModuleManager: Shutting down and abandoning module WindowsMoviePlayer (202)
[2017.04.04-21.24.37:158][610]LogModuleManager: Shutting down and abandoning module WmfMedia (200)
[2017.04.04-21.24.37:206][610]LogModuleManager: Shutting down and abandoning module MfMedia (198)
[2017.04.04-21.24.37:206][610]LogModuleManager: Shutting down and abandoning module MediaAssets (196)
[2017.04.04-21.24.37:206][610]LogModuleManager: Shutting down and abandoning module GameLiveStreaming (194)
[2017.04.04-21.24.37:228][610]LogModuleManager: Shutting down and abandoning module VREditor (192)
[2017.04.04-21.24.37:238][610]LogModuleManager: Shutting down and abandoning module GameplayTasksEditor (190)
[2017.04.04-21.24.37:238][610]LogModuleManager: Shutting down and abandoning module BehaviorTreeEditor (188)
[2017.04.04-21.24.37:257][610]LogModuleManager: Shutting down and abandoning module FunctionalTesting (186)
[2017.04.04-21.24.37:267][610]LogModuleManager: Shutting down and abandoning module CollisionAnalyzer (184)
[2017.04.04-21.24.37:289][610]LogModuleManager: Shutting down and abandoning module UMG (182)
[2017.04.04-21.24.37:300][610]LogModuleManager: Shutting down and abandoning module UMGEditor (181)
[2017.04.04-21.24.37:338][610]LogModuleManager: Shutting down and abandoning module Sequencer (180)
[2017.04.04-21.24.37:363][610]LogModuleManager: Shutting down and abandoning module AssetTools (178)
[2017.04.04-21.24.37:421][610]LogModuleManager: Shutting down and abandoning module MessageLog (177)
[2017.04.04-21.24.37:421][610]LogModuleManager: Shutting down and abandoning module WorkspaceMenuStructure (176)
[2017.04.04-21.24.37:461][610]LogModuleManager: Shutting down and abandoning module SlateReflector (170)
[2017.04.04-21.24.37:483][610]LogModuleManager: Shutting down and abandoning module Slate (168)
[2017.04.04-21.24.37:483][610]LogModuleManager: Shutting down and abandoning module EditorStyle (166)
[2017.04.04-21.24.37:548][610]LogModuleManager: Shutting down and abandoning module SourceCodeAccess (164)
[2017.04.04-21.24.37:571][610]LogModuleManager: Shutting down and abandoning module HeadMountedDisplay (162)
[2017.04.04-21.24.37:572][610]LogModuleManager: Shutting down and abandoning module XAudio2 (160)
[2017.04.04-21.24.37:572][610]LogModuleManager: Shutting down and abandoning module Networking (158)
[2017.04.04-21.24.37:572][610]LogModuleManager: Shutting down and abandoning module Core (154)
[2017.04.04-21.24.37:572][610]LogModuleManager: Shutting down and abandoning module AssetRegistry (152)
[2017.04.04-21.24.38:063][610]LogDirectoryWatcher: A directory notification for '../../../Engine/Content/' was aborted.
[2017.04.04-21.24.38:063][610]LogDirectoryWatcher: A directory notification for '../../../../../D Drive/MALUM_SVN/MALUM_SVN/MALUM/Content/' was aborted.
[2017.04.04-21.24.38:063][610]LogDirectoryWatcher: A directory notification for '../../../Engine/Plugins/2D/Paper2D/Content/' was aborted.
[2017.04.04-21.24.38:065][610]LogModuleManager: Shutting down and abandoning module DirectoryWatcher (151)
[2017.04.04-21.24.38:086][610]LogModuleManager: Shutting down and abandoning module KismetCompiler (148)
[2017.04.04-21.24.38:100][610]LogModuleManager: Shutting down and abandoning module PhysXFormats (146)
[2017.04.04-21.24.38:114][610]LogModuleManager: Shutting down and abandoning module MeshUtilities (144)
[2017.04.04-21.24.38:126][610]LogModuleManager: Shutting down and abandoning module SimplygonSwarm (143)
[2017.04.04-21.24.38:142][610]LogModuleManager: Shutting down and abandoning module SimplygonMeshReduction (141)
[2017.04.04-21.24.38:156][610]LogModuleManager: Shutting down and abandoning module QuadricMeshReduction (139)
[2017.04.04-21.24.38:165][610]LogModuleManager: Shutting down and abandoning module PropertyEditor (137)
[2017.04.04-21.24.38:191][610]LogModuleManager: Shutting down and abandoning module DerivedDataCache (134)
[2017.04.04-21.24.38:305][610]LogDerivedDataCache: Shutdown
[2017.04.04-21.24.38:305][610]LogModuleManager: Shutting down and abandoning module TargetPlatform (132)
[2017.04.04-21.24.38:330][610]LogModuleManager: Shutting down and abandoning module VulkanShaderFormat (131)
[2017.04.04-21.24.38:345][610]LogModuleManager: Shutting down and abandoning module ShaderFormatOpenGL (129)
[2017.04.04-21.24.38:359][610]LogModuleManager: Shutting down and abandoning module ShaderFormatD3D (127)
[2017.04.04-21.24.38:373][610]LogModuleManager: Shutting down and abandoning module MetalShaderFormat (125)
[2017.04.04-21.24.38:388][610]LogModuleManager: Shutting down and abandoning module TextureFormatUncompressed (123)
[2017.04.04-21.24.38:403][610]LogModuleManager: Shutting down and abandoning module TextureFormatPVR (121)
[2017.04.04-21.24.38:403][610]LogModuleManager: Shutting down and abandoning module TextureFormatDXT (119)
[2017.04.04-21.24.38:416][610]LogModuleManager: Shutting down and abandoning module TextureFormatIntelISPCTexComp (117)
[2017.04.04-21.24.38:449][610]LogModuleManager: Shutting down and abandoning module TextureFormatASTC (115)
[2017.04.04-21.24.38:457][610]LogModuleManager: Shutting down and abandoning module ImageWrapper (114)
[2017.04.04-21.24.38:457][610]LogModuleManager: Shutting down and abandoning module TextureFormatAndroid (111)
[2017.04.04-21.24.38:465][610]LogModuleManager: Shutting down and abandoning module AudioFormatOpus (109)
[2017.04.04-21.24.38:472][610]LogModuleManager: Shutting down and abandoning module AudioFormatOgg (107)
[2017.04.04-21.24.38:483][610]LogModuleManager: Shutting down and abandoning module AudioFormatADPCM (105)
[2017.04.04-21.24.38:483][610]LogModuleManager: Shutting down and abandoning module LinuxTargetPlatform (103)
[2017.04.04-21.24.38:531][610]LogModuleManager: Shutting down and abandoning module LinuxServerTargetPlatform (101)
[2017.04.04-21.24.38:531][610]LogModuleManager: Shutting down and abandoning module LinuxNoEditorTargetPlatform (99)
[2017.04.04-21.24.38:549][610]LogModuleManager: Shutting down and abandoning module LinuxClientTargetPlatform (97)
[2017.04.04-21.24.38:554][610]LogModuleManager: Shutting down and abandoning module TVOSTargetPlatform (95)
[2017.04.04-21.24.38:554][610]LogModuleManager: Shutting down and abandoning module Messaging (93)
[2017.04.04-21.24.38:554][610]LogModuleManager: Shutting down and abandoning module IOSTargetPlatform (91)
[2017.04.04-21.24.38:555][610]LogModuleManager: Shutting down and abandoning module HTML5TargetPlatform (89)
[2017.04.04-21.24.38:596][610]LogModuleManager: Shutting down and abandoning module Android_PVRTCTargetPlatform (87)
[2017.04.04-21.24.38:596][610]LogModuleManager: Shutting down and abandoning module Android_MultiTargetPlatform (85)
[2017.04.04-21.24.38:596][610]LogModuleManager: Shutting down and abandoning module Android_ETC2TargetPlatform (83)
[2017.04.04-21.24.38:596][610]LogModuleManager: Shutting down and abandoning module Android_ETC1TargetPlatform (81)
[2017.04.04-21.24.38:596][610]LogModuleManager: Shutting down and abandoning module Android_DXTTargetPlatform (79)
[2017.04.04-21.24.38:596][610]LogModuleManager: Shutting down and abandoning module Android_ATCTargetPlatform (77)
[2017.04.04-21.24.38:596][610]LogModuleManager: Shutting down and abandoning module Android_ASTCTargetPlatform (75)
[2017.04.04-21.24.38:614][610]LogModuleManager: Shutting down and abandoning module AndroidTargetPlatform (73)
[2017.04.04-21.24.38:620][610]LogModuleManager: Shutting down and abandoning module WindowsTargetPlatform (71)
[2017.04.04-21.24.38:620][610]LogModuleManager: Shutting down and abandoning module WindowsServerTargetPlatform (69)
[2017.04.04-21.24.38:646][610]LogModuleManager: Shutting down and abandoning module WindowsNoEditorTargetPlatform (67)
[2017.04.04-21.24.38:660][610]LogModuleManager: Shutting down and abandoning module WindowsClientTargetPlatform (65)
[2017.04.04-21.24.38:670][610]LogModuleManager: Shutting down and abandoning module MacTargetPlatform (63)
[2017.04.04-21.24.38:670][610]LogModuleManager: Shutting down and abandoning module MacServerTargetPlatform (61)
[2017.04.04-21.24.38:694][610]LogModuleManager: Shutting down and abandoning module MacNoEditorTargetPlatform (59)
[2017.04.04-21.24.38:709][610]LogModuleManager: Shutting down and abandoning module MacClientTargetPlatform (57)
[2017.04.04-21.24.38:731][610]LogModuleManager: Shutting down and abandoning module AllDesktopTargetPlatform (55)
[2017.04.04-21.24.38:731][610]LogModuleManager: Shutting down and abandoning module InputCore (52)
[2017.04.04-21.24.38:746][610]LogModuleManager: Shutting down and abandoning module Settings (50)
[2017.04.04-21.24.38:756][610]LogModuleManager: Shutting down and abandoning module OculusRift (48)
[2017.04.04-21.24.38:774][610]LogModuleManager: Shutting down and abandoning module GearVR (46)
[2017.04.04-21.24.38:775][610]LogModuleManager: Shutting down and abandoning module ExampleDeviceProfileSelector (44)
[2017.04.04-21.24.38:775][610]LogModuleManager: Shutting down and abandoning module OnlineBlueprintSupport (42)
[2017.04.04-21.24.38:775][610]LogModuleManager: Shutting down and abandoning module OnlineSubsystem (38)
[2017.04.04-21.24.38:775][610]LogOnline:Display: Unloading online subsystem: NULL
[2017.04.04-21.24.38:798][610]LogModuleManager: Shutting down and abandoning module XMPP (37)
[2017.04.04-21.24.38:848][610]LogModuleManager: Shutting down and abandoning module HTTP (35)
[2017.04.04-21.24.38:854][610]LogHttp:Display: Http module shutting down, but needs to wait on 1 outstanding Http requests:
[2017.04.04-21.24.38:854][610]LogHttp:Display: 	verb=[POST] url=[https://datarouter.ol.epicgames.com/datarouter/api/v1/public/data?SessionID=%7B4D7E67D5-4451-3CA5-D36E-C298BBDEAA0C%7D&AppID=UEEditor.Rocket.Release&AppVersion=4.15.1-3348071%2B%2B%2BUE4%2BRelease-4.15&UserID=7afd5da54138cf975385b1b79ce0e48c%7Ce72e3b1d3ed940ce8374baf3a3a16f54%7Cd01376f7-cdc9-429a-a070-f0574ff35c93&AppEnvironment=datacollector-binary&UploadType=eteventstream] status=Processing
[2017.04.04-21.24.38:900][610]LogModuleManager: Shutting down and abandoning module SSL (34)
[2017.04.04-21.24.38:939][610]LogModuleManager: Shutting down and abandoning module AudioEditor (30)
[2017.04.04-21.24.38:955][610]LogModuleManager: Shutting down and abandoning module TextureCompressor (28)
[2017.04.04-21.24.38:982][610]LogModuleManager: Shutting down and abandoning module ShaderCore (26)
[2017.04.04-21.24.38:987][610]LogModuleManager: Shutting down and abandoning module Landscape (24)
[2017.04.04-21.24.38:996][610]LogModuleManager: Shutting down and abandoning module SlateRHIRenderer (22)
[2017.04.04-21.24.39:083][610]LogModuleManager: Shutting down and abandoning module OpenGLDrv (20)
[2017.04.04-21.24.39:112][610]LogModuleManager: Shutting down and abandoning module D3D11RHI (18)
[2017.04.04-21.24.39:112][610]LogModuleManager: Shutting down and abandoning module AnimGraphRuntime (16)
[2017.04.04-21.24.39:129][610]LogModuleManager: Shutting down and abandoning module Renderer (14)
[2017.04.04-21.24.39:129][610]LogModuleManager: Shutting down and abandoning module Engine (12)
[2017.04.04-21.24.39:129][610]LogModuleManager: Shutting down and abandoning module CoreUObject (10)
[2017.04.04-21.24.39:129][610]LogModuleManager: Shutting down and abandoning module NetworkFile (8)
[2017.04.04-21.24.39:144][610]LogModuleManager: Shutting down and abandoning module StreamingFile (6)
[2017.04.04-21.24.39:162][610]LogModuleManager: Shutting down and abandoning module SandboxFile (4)
[2017.04.04-21.24.39:169][610]LogModuleManager: Shutting down and abandoning module PakFile (2)
[2017.04.04-21.24.39:248][610]LogExit: Exiting.
[2017.04.04-21.24.39:388][610]Log file closed, 04/04/17 23:24:39
