Log file open, 04/04/17 01:34:18
LogInit:Display: Running engine for game: MALUM
LogPlatformFile: Not using cached read wrapper
LogInit:Display: RandInit(-247254545) SRandInit(-247254545).
LogTaskGraph: Started task graph with 5 named threads and 8 total threads with 1 sets of task threads.
LogStats: Stats thread started at 0.078400
LogInit: Using libcurl 7.47.1
LogInit:  - built for x86_64-pc-win32
LogInit:  - supports SSL with OpenSSL/1.0.2g
LogInit:  - supports HTTP deflate (compression) using libz 1.2.8
LogInit:  - other features:
LogInit:      CURL_VERSION_SSL
LogInit:      CURL_VERSION_LIBZ
LogInit:      CURL_VERSION_IPV6
LogInit:      CURL_VERSION_ASYNCHDNS
LogInit:      CURL_VERSION_LARGEFILE
LogInit:      CURL_VERSION_IDN
LogInit:  CurlRequestOptions (configurable via config and command line):
LogInit:  - bVerifyPeer = false  - Libcurl will NOT verify peer certificate
LogInit:  - bUseHttpProxy = false  - Libcurl will NOT use HTTP proxy
LogInit:  - bDontReuseConnections = false  - Libcurl will reuse connections
LogInit:  - CertBundlePath = nullptr  - Libcurl will use whatever was configured at build time.
LogInit: Build: ++UE4+Release-4.15-CL-3348071
LogInit: Engine Version: 4.15.1-3348071+++UE4+Release-4.15
LogInit: Compatible Engine Version: 4.15.0-3299760+++UE4+Release-4.15
LogInit: Net CL: 3299760
LogDevObjectVersion: Number of dev versions registered: 14
LogDevObjectVersion:   Dev-Blueprints (B0D832E4-1F89-4F0D-ACCF-7EB736FD4AA2): 8
LogDevObjectVersion:   Dev-Build (E1C64328-A22C-4D53-A36C-8E866417BD8C): 0
LogDevObjectVersion:   Dev-Core (375EC13C-06E4-48FB-B500-84F0262A717E): 2
LogDevObjectVersion:   Dev-Editor (E4B068ED-F494-42E9-A231-DA0B2E46BB41): 14
LogDevObjectVersion:   Dev-Framework (CFFC743F-43B0-4480-9391-14DF171D2073): 22
LogDevObjectVersion:   Dev-Mobile (B02B49B5-BB20-44E9-A304-32B752E40360): 0
LogDevObjectVersion:   Dev-Networking (A4E4105C-59A1-49B5-A7C5-40C4547EDFEE): 0
LogDevObjectVersion:   Dev-Online (39C831C9-5AE6-47DC-9A44-9C173E1C8E7C): 0
LogDevObjectVersion:   Dev-Physics (78F01B33-EBEA-4F98-B9B4-84EACCB95AA2): 0
LogDevObjectVersion:   Dev-Platform (6631380F-2D4D-43E0-8009-CF276956A95A): 0
LogDevObjectVersion:   Dev-Rendering (12F88B9F-8875-4AFC-A67C-D90C383ABD29): 12
LogDevObjectVersion:   Dev-Sequencer (7B5AE74C-D270-4C10-A958-57980B212A5A): 3
LogDevObjectVersion:   Dev-VR (D7296918-1DD6-4BDD-9DE2-64A83CC13884): 0
LogDevObjectVersion:   Dev-LoadTimes (C2A15278-BFE7-4AFE-6C17-90FF531DF755): 1
LogInit: Compiled (64-bit): Mar 15 2017 16:52:47
LogInit: Compiled with Visual C++: 19.00.23026.00
LogInit: Build Configuration: Development
LogInit: Branch Name: ++UE4+Release-4.15
LogInit: Command line: -EpicPortal 
LogInit: Base directory: C:/Program Files (x86)/Epic Games/4.15/Engine/Binaries/Win64/
LogInit: Installed Engine Build: 1
LogInit: Presizing for max 8388607 objects, including 0 objects not considered by GC, pre-allocating 0 bytes for permanent pool.
LogInit: Object subsystem initialized
[2017.04.04-06.34.18:925][  0]LogInit: Selected Device Profile: [Windows]
[2017.04.04-06.34.18:925][  0]LogInit: Applying CVar settings loaded from the selected device profile: [Windows]
[2017.04.04-06.34.18:935][  0]LogInit: Computer: TAYLOR-PC
[2017.04.04-06.34.18:935][  0]LogInit: User: Taylor
[2017.04.04-06.34.18:935][  0]LogInit: CPU Page size=65536, Cores=4
[2017.04.04-06.34.18:935][  0]LogInit: High frequency timer resolution =3.903989 MHz
[2017.04.04-06.34.18:935][  0]LogMemory: Memory total: Physical=15.9GB (16GB approx)
[2017.04.04-06.34.18:935][  0]LogMemory: Platform Memory Stats for Windows
[2017.04.04-06.34.18:935][  0]LogMemory: Process Physical Memory: 263.86 MB used, 263.86 MB peak
[2017.04.04-06.34.18:935][  0]LogMemory: Process Virtual Memory: 262.70 MB used, 262.70 MB peak
[2017.04.04-06.34.18:935][  0]LogMemory: Physical Memory: 6073.32 MB used,  10249.54 MB free, 16322.87 MB total
[2017.04.04-06.34.18:935][  0]LogMemory: Virtual Memory: 645.13 MB used,  10249.54 MB free, 134217728.00 MB total
[2017.04.04-06.34.19:012][  0]LogTextLocalizationManager: No specific translations for ('en-US') exist, so ('en') translations will be used.
[2017.04.04-06.34.19:517][  0]LogD3D11RHI: D3D11 adapters:
[2017.04.04-06.34.19:543][  0]LogD3D11RHI:    0. 'NVIDIA GeForce GTX 1080' (Feature Level 11_0)
[2017.04.04-06.34.19:543][  0]LogD3D11RHI:       8110/0/8161 MB DedicatedVideo/DedicatedSystem/SharedSystem, Outputs:2, VendorId:0x10de
[2017.04.04-06.34.19:544][  0]LogD3D11RHI:    1. 'Microsoft Basic Render Driver' (Feature Level 11_0)
[2017.04.04-06.34.19:544][  0]LogD3D11RHI:       0/0/8161 MB DedicatedVideo/DedicatedSystem/SharedSystem, Outputs:0, VendorId:0x1414
[2017.04.04-06.34.19:544][  0]LogD3D11RHI: Chosen D3D11 Adapter: 0
[2017.04.04-06.34.19:548][  0]LogD3D11RHI: Creating new Direct3DDevice
[2017.04.04-06.34.19:548][  0]LogD3D11RHI:     GPU DeviceId: 0x1b80 (for the marketing name, search the web for "GPU Device Id")
[2017.04.04-06.34.19:548][  0]LogWindows: EnumDisplayDevices:
[2017.04.04-06.34.19:548][  0]LogWindows:    0. 'NVIDIA GeForce GTX 1080' (P:1 D:1)
[2017.04.04-06.34.19:549][  0]LogWindows:    1. 'NVIDIA GeForce GTX 1080' (P:0 D:1)
[2017.04.04-06.34.19:549][  0]LogWindows:    2. 'NVIDIA GeForce GTX 1080' (P:0 D:0)
[2017.04.04-06.34.19:549][  0]LogWindows:    3. 'NVIDIA GeForce GTX 1080' (P:0 D:0)
[2017.04.04-06.34.19:549][  0]LogWindows: DebugString: FoundDriverCount:4 
[2017.04.04-06.34.19:549][  0]LogD3D11RHI:     Adapter Name: NVIDIA GeForce GTX 1080
[2017.04.04-06.34.19:549][  0]LogD3D11RHI:   Driver Version: 378.92 (internal:21.21.13.7892, unified:378.92)
[2017.04.04-06.34.19:549][  0]LogD3D11RHI:      Driver Date: 3-16-2017
[2017.04.04-06.34.19:549][  0]LogRHI: Texture pool is 1361 MB (70% of 1945 MB)
[2017.04.04-06.34.19:563][  0]LogD3D11RHI: Async texture creation enabled
[2017.04.04-06.34.19:572][  0]LogD3D11RHI: GPU Timing Frequency: 1000.000000 (Debug: 2 1)
[2017.04.04-06.34.19:669][  0]LogShaderCompilers: Guid format shader working directory is -14 characters bigger than the processId version (../../../../../../Users/Taylor/Desktop/MALUM/MALUM_SVN/MALUM/Intermediate/Shaders/WorkingDirectory/13068/).
[2017.04.04-06.34.19:669][  0]LogShaderCompilers: Cleaned the shader compiler working directory 'C:/Users/Taylor/AppData/Local/Temp/UnrealShaderWorkingDir/51CCC83A4B49F604C8C1F0849EEE16B2/'.
[2017.04.04-06.34.19:669][  0]LogShaderCompilers:Display: Using Local Shader Compiler.
[2017.04.04-06.34.20:640][  0]LogTemp:Display: Loaded TP AllDesktopTargetPlatform
[2017.04.04-06.34.20:693][  0]LogTemp:Display: Loaded TP MacClientTargetPlatform
[2017.04.04-06.34.20:746][  0]LogTemp:Display: Loaded TP MacNoEditorTargetPlatform
[2017.04.04-06.34.20:797][  0]LogTemp:Display: Loaded TP MacServerTargetPlatform
[2017.04.04-06.34.20:855][  0]LogTemp:Display: Loaded TP MacTargetPlatform
[2017.04.04-06.34.20:942][  0]LogTemp:Display: Loaded TP WindowsClientTargetPlatform
[2017.04.04-06.34.20:992][  0]LogTemp:Display: Loaded TP WindowsNoEditorTargetPlatform
[2017.04.04-06.34.21:042][  0]LogTemp:Display: Loaded TP WindowsServerTargetPlatform
[2017.04.04-06.34.21:085][  0]LogTemp:Display: Loaded TP WindowsTargetPlatform
[2017.04.04-06.34.21:134][  0]LogTemp:Display: Loaded TP AndroidTargetPlatform
[2017.04.04-06.34.21:181][  0]LogTemp:Display: Loaded TP Android_ASTCTargetPlatform
[2017.04.04-06.34.21:230][  0]LogTemp:Display: Loaded TP Android_ATCTargetPlatform
[2017.04.04-06.34.21:280][  0]LogTemp:Display: Loaded TP Android_DXTTargetPlatform
[2017.04.04-06.34.21:329][  0]LogTemp:Display: Loaded TP Android_ETC1TargetPlatform
[2017.04.04-06.34.21:379][  0]LogTemp:Display: Loaded TP Android_ETC2TargetPlatform
[2017.04.04-06.34.21:478][  0]LogTemp:Display: Loaded TP Android_MultiTargetPlatform
[2017.04.04-06.34.21:478][  0]LogTemp:Display: Loaded TP Android_PVRTCTargetPlatform
[2017.04.04-06.34.21:518][  0]LogTemp:Display: Loaded TP HTML5TargetPlatform
[2017.04.04-06.34.21:616][  0]LogTemp:Display: Loaded TP IOSTargetPlatform
[2017.04.04-06.34.21:649][  0]LogTemp:Display: Loaded TP TVOSTargetPlatform
[2017.04.04-06.34.21:697][  0]LogTemp:Display: Loaded TP LinuxClientTargetPlatform
[2017.04.04-06.34.21:748][  0]LogTemp:Display: Loaded TP LinuxNoEditorTargetPlatform
[2017.04.04-06.34.21:796][  0]LogTemp:Display: Loaded TP LinuxServerTargetPlatform
[2017.04.04-06.34.21:847][  0]LogTemp:Display: Loaded TP LinuxTargetPlatform
[2017.04.04-06.34.21:847][  0]LogTargetPlatformManager:Display: Building Assets For Windows
[2017.04.04-06.34.22:408][  0]LogDerivedDataCache:Display: Max Cache Size: 512 MB
[2017.04.04-06.34.22:507][  0]LogDerivedDataCache: Loaded boot cache 0.10s 198MB C:/Users/Taylor/AppData/Local/UnrealEngine/4.15/DerivedDataCache/Boot.ddc.
[2017.04.04-06.34.22:507][  0]LogDerivedDataCache:Display: Loaded Boot cache: C:/Users/Taylor/AppData/Local/UnrealEngine/4.15/DerivedDataCache/Boot.ddc
[2017.04.04-06.34.22:508][  0]LogDerivedDataCache: FDerivedDataBackendGraph:  Pak pak cache file ../../../../../../Users/Taylor/Desktop/MALUM/MALUM_SVN/MALUM/DerivedDataCache/DDC.ddp not found, will not use a pak cache.
[2017.04.04-06.34.22:508][  0]LogDerivedDataCache: Unable to find inner node Pak for hierarchical cache Hierarchy.
[2017.04.04-06.34.22:508][  0]LogDerivedDataCache: FDerivedDataBackendGraph:  CompressedPak pak cache file ../../../../../../Users/Taylor/Desktop/MALUM/MALUM_SVN/MALUM/DerivedDataCache/Compressed.ddp not found, will not use a pak cache.
[2017.04.04-06.34.22:508][  0]LogDerivedDataCache: Unable to find inner node CompressedPak for hierarchical cache Hierarchy.
[2017.04.04-06.34.22:522][  0]LogDerivedDataCache:Display: Pak cache opened for reading ../../../Engine/DerivedDataCache/Compressed.ddp.
[2017.04.04-06.34.22:535][  0]LogDerivedDataCache: Using Local data cache path C:/Users/Taylor/AppData/Local/UnrealEngine/Common/DerivedDataCache: Writable
[2017.04.04-06.34.22:544][  0]LogSlate: Using Freetype 2.6.0
[2017.04.04-06.34.22:544][  0]LogSlate: SlateFontCache - WITH_FREETYPE: 1, WITH_HARFBUZZ: 1
[2017.04.04-06.34.22:544][  0]LogSlate: SlateFontCache - WITH_FREETYPE: 1, WITH_HARFBUZZ: 1
[2017.04.04-06.34.22:794][  0]LogInit: Selected Device Profile: [Windows]
[2017.04.04-06.34.22:796][  0]LogContentStreaming: Texture pool size is 0.00 MB
[2017.04.04-06.34.22:982][  0]LogMeshUtilities: Using QuadricMeshReduction for automatic static mesh reduction
[2017.04.04-06.34.23:023][  0]LogSimplygon: Simplygon DLL not present - disabling.
[2017.04.04-06.34.23:068][  0]LogMeshUtilities: Using SimplygonSwarm for distributed automatic mesh merging
[2017.04.04-06.34.23:068][  0]LogMeshUtilities: No automatic skeletal mesh reduction module available
[2017.04.04-06.34.23:068][  0]LogMeshUtilities: No automatic mesh merging module available
[2017.04.04-06.34.23:516][  0]LogNetVersion: GetLocalNetworkVersion: CL: 3299760, ProjectName: malum, ProjectVersion: , EngineNetworkVersion: 2, GameNetworkVersion: 0, NetworkChecksum: 2995604447
[2017.04.04-06.34.23:559][  0]LogAssetRegistry: FAssetRegistry took 0.0214 seconds to start up
[2017.04.04-06.34.23:606][  0]LogPackageLocalizationCache: Processed 3 localized package path(s) for 2 prioritized culture(s) in 0.024959 seconds
[2017.04.04-06.34.23:610][  0]LogUObjectArray: 32493 objects as part of root set at end of initial load.
[2017.04.04-06.34.23:610][  0]LogUObjectAllocator: 7077024 out of 0 bytes used by permanent object pool.
[2017.04.04-06.34.23:610][  0]LogUObjectArray: CloseDisregardForGC: 0/0 objects in disregard for GC pool
[2017.04.04-06.34.23:670][  0]LogInit: WinSock: version 1.1 (2.2), MaxSocks=32767, MaxUdp=65467
[2017.04.04-06.34.25:168][  0]LogTcpMessaging: Initializing TcpMessaging bridge
[2017.04.04-06.34.25:206][  0]LogUdpMessaging: Initializing bridge on interface 0.0.0.0:0 to multicast group 230.0.0.1:6666.
[2017.04.04-06.34.25:634][  0]LogMaterial: Uniform references updated for custom material expression Custom.
[2017.04.04-06.34.25:976][  0]SourceControl: Info Source control is disabled
[2017.04.04-06.34.25:976][  0]SourceControl: Info Source control is disabled
[2017.04.04-06.34.26:021][  0]SourceControl: Info Source control is disabled
[2017.04.04-06.34.26:065][  0]SourceControl: Info Source control is disabled
[2017.04.04-06.34.26:406][  0]LogLinker:Warning: Can't find file '/Game/ThirdPersonBP/ThirdPersonOverview'
[2017.04.04-06.34.26:406][  0]LogLinker:Warning: Can't find file '/Game/ThirdPersonBP/ThirdPersonOverview'
[2017.04.04-06.34.26:406][  0]LogUObjectGlobals:Warning: Failed to find object 'Class /Game/ThirdPersonBP/ThirdPersonOverview.ThirdPersonOverview_C'
[2017.04.04-06.34.27:294][  0]LogEngine: Initializing Engine...
[2017.04.04-06.34.27:294][  0]LogHMD: Failed to initialize OpenVR with code 110
[2017.04.04-06.34.27:501][  0]LogAIModule: Creating AISystem for world Untitled
[2017.04.04-06.34.27:515][  0]LogInit: XAudio2 using 'Speakers (3- Logitech G930 Gaming Headset)' : 8 channels at 44.1 kHz using 16 bits per sample (channel mask 0x63f)
[2017.04.04-06.34.27:531][  0]LogInit: FAudioDevice initialized.
[2017.04.04-06.34.27:601][  0]LogDerivedDataCache: Saved boot cache 0.07s 50MB C:/Users/Taylor/AppData/Local/UnrealEngine/4.15/DerivedDataCache/Boot.ddc.
[2017.04.04-06.34.27:606][  0]LogInit: Texture streaming: Enabled
[2017.04.04-06.34.27:697][  0]LogEngineSessionManager: EngineSessionManager initialized
[2017.04.04-06.34.27:786][  0]LogInit: Transaction tracking system initialized
[2017.04.04-06.34.28:121][  0]BlueprintLog: New page: Editor Load
[2017.04.04-06.34.29:283][  0]LocalizationService: Info Localization service is disabled
[2017.04.04-06.34.29:916][  0]LogConsoleResponse:Display: 
[2017.04.04-06.34.30:031][  0]LogCook:Display: Max memory allowance for cook 16384mb min free memory 0mb
[2017.04.04-06.34.30:031][  0]LogCook:Display: Mobile HDR setting 1
[2017.04.04-06.34.30:055][  0]LogFileCache: Scanning file cache for directory 'C:/Users/Taylor/Desktop/MALUM/MALUM_SVN/MALUM/Content/' took 0.03s
[2017.04.04-06.34.31:058][  0]SourceControl: Info Source control is disabled
[2017.04.04-06.34.31:119][  0]LogWindowsTextInputMethodSystem:Display: IME system now deactivated.
[2017.04.04-06.34.31:120][  0]LogWindowsTextInputMethodSystem:Display: IME system now deactivated.
[2017.04.04-06.34.31:141][  0]LogSlate: Took 0.000176 seconds to synchronously load lazily loaded font '../../../Engine/Content/Slate/Fonts/Roboto-Regular.ttf' (155K)
[2017.04.04-06.34.33:848][  0]LogWindowsTextInputMethodSystem:Display: IME system now deactivated.
[2017.04.04-06.34.33:848][  0]LogWindowsTextInputMethodSystem:Display: IME system now deactivated.
[2017.04.04-06.34.33:865][  0]LogWindowsTextInputMethodSystem:Display: IME system now deactivated.
[2017.04.04-06.34.33:865][  0]LogWindowsTextInputMethodSystem:Display: IME system now deactivated.
[2017.04.04-06.34.38:016][  0]LogWindowsTextInputMethodSystem:Display: IME system now deactivated.
[2017.04.04-06.34.38:016][  0]LogWindowsTextInputMethodSystem:Display: IME system now deactivated.
[2017.04.04-06.34.38:059][  0]LogWindowsTextInputMethodSystem:Display: IME system now deactivated.
[2017.04.04-06.34.38:059][  0]LogWindowsTextInputMethodSystem:Display: IME system now deactivated.
[2017.04.04-07.19.04:878][  0]LogWindowsTextInputMethodSystem:Display: IME system now deactivated.
[2017.04.04-07.19.04:879][  0]LogWindowsTextInputMethodSystem:Display: IME system now deactivated.
[2017.04.04-07.19.04:965][  0]LogWindowsTextInputMethodSystem:Display: IME system now deactivated.
[2017.04.04-07.19.04:965][  0]LogWindowsTextInputMethodSystem:Display: IME system now deactivated.
[2017.04.04-07.19.05:184][  0]Cmd: MAP LOAD FILE="../../../../../../Users/Taylor/Desktop/MALUM/MALUM_SVN/MALUM/Content/FirstPersonBP/Maps/FirstPersonExampleMap.umap" TEMPLATE=0 SHOWPROGRESS=1 FEATURELEVEL=3
[2017.04.04-07.19.05:304][  0]LightingResults: New page: Lighting Build
[2017.04.04-07.19.07:089][  0]MapCheck: New page: Map Check
[2017.04.04-07.19.07:089][  0]LightingResults: New page: Lighting Build
[2017.04.04-07.19.10:794][  0]LogLinker:Warning: Can't find file '/Game/Environments/Kite_demo/Foliage/Grass/FieldGrass/T_FieldGrass_02_M'
[2017.04.04-07.19.10:794][  0]LogLinker:Warning: Can't find file for asset '/Game/Environments/Kite_demo/Foliage/Grass/FieldGrass/T_FieldGrass_02_M' while loading ../../../../../../Users/Taylor/Desktop/MALUM/MALUM_SVN/MALUM/Content/Environments/MaterialLayers/ML_MossyGround_01.uasset.
[2017.04.04-07.19.10:794][  0]LoadErrors:Error: Error /Game/Environments/MaterialLayers/ML_MossyGround_01 : Can't find file for asset. /Game/Environments/Kite_demo/Foliage/Grass/FieldGrass/T_FieldGrass_02_M
[2017.04.04-07.19.10:963][  0]LogLinker:Warning: Can't find file '/Game/Environments/Kite_demo/Foliage/Grass/FieldGrass/T_FieldGrass_02_M'
[2017.04.04-07.19.10:963][  0]LogLinker:Warning: Can't find file for asset '/Game/Environments/Kite_demo/Foliage/Grass/FieldGrass/T_FieldGrass_02_M' while loading ../../../../../../Users/Taylor/Desktop/MALUM/MALUM_SVN/MALUM/Content/Environments/MaterialLayers/ML_MossyGround_01.uasset.
[2017.04.04-07.19.10:964][  0]LoadErrors:Error: Error /Game/Environments/MaterialLayers/ML_MossyGround_01 : Can't find file for asset. /Game/Environments/Kite_demo/Foliage/Grass/FieldGrass/T_FieldGrass_02_M
[2017.04.04-07.19.11:074][  0]LogLinker:Warning: Can't find file '/Game/Environments/Atmospherics/T_Ice_Noise'
[2017.04.04-07.19.11:075][  0]LogLinker:Warning: Can't find file for asset '/Game/Environments/Atmospherics/T_Ice_Noise' while loading ../../../../../../Users/Taylor/Desktop/MALUM/MALUM_SVN/MALUM/Content/Environments/Kite_demo/Materials/M_Photoscan_Master.uasset.
[2017.04.04-07.19.11:075][  0]LoadErrors:Error: Error /Game/Environments/Kite_demo/Materials/M_Photoscan_Master : Can't find file for asset. /Game/Environments/Atmospherics/T_Ice_Noise
[2017.04.04-07.19.11:122][  0]LogLinker:Warning: Can't find file '/Game/Environments/Atmospherics/T_Ice_Noise'
[2017.04.04-07.19.11:122][  0]LogLinker:Warning: Can't find file for asset '/Game/Environments/Atmospherics/T_Ice_Noise' while loading ../../../../../../Users/Taylor/Desktop/MALUM/MALUM_SVN/MALUM/Content/Environments/Kite_demo/Materials/M_Photoscan_Master.uasset.
[2017.04.04-07.19.11:122][  0]LoadErrors:Error: Error /Game/Environments/Kite_demo/Materials/M_Photoscan_Master : Can't find file for asset. /Game/Environments/Atmospherics/T_Ice_Noise
[2017.04.04-07.19.13:046][  0]LogLinker:Warning: Can't find file '/Game/Environments/Atmospherics/T_Ice_Noise'
[2017.04.04-07.19.13:047][  0]LoadErrors: Info Failed to load /Game/Environments/Atmospherics/T_Ice_Noise.T_Ice_Noise Referenced by MaterialExpressionTextureSample_0
[2017.04.04-07.19.13:047][  0]LogLinker:Warning: Can't find file for asset '/Game/Environments/Atmospherics/T_Ice_Noise' while loading NULL.
[2017.04.04-07.19.13:047][  0]LoadErrors: Info Failed to load /Game/Environments/Atmospherics/T_Ice_Noise.T_Ice_Noise Referenced by MaterialExpressionTextureSample_0
[2017.04.04-07.19.14:069][  0]LogLinker:Warning: Can't find file '/Game/Environments/Kite_demo/Foliage/Grass/FieldGrass/T_FieldGrass_02_M'
[2017.04.04-07.19.14:069][  0]LoadErrors: Info Failed to load /Game/Environments/Kite_demo/Foliage/Grass/FieldGrass/T_FieldGrass_02_M.T_FieldGrass_02_M Referenced by MaterialExpressionTextureSample_4
[2017.04.04-07.19.14:069][  0]LogLinker:Warning: Can't find file for asset '/Game/Environments/Kite_demo/Foliage/Grass/FieldGrass/T_FieldGrass_02_M' while loading NULL.
[2017.04.04-07.19.14:069][  0]LoadErrors: Info Failed to load /Game/Environments/Kite_demo/Foliage/Grass/FieldGrass/T_FieldGrass_02_M.T_FieldGrass_02_M Referenced by MaterialExpressionTextureSample_4
[2017.04.04-07.19.14:944][  0]LogMaterial: Uniform references updated for custom material expression TemporalAA SampleID.
[2017.04.04-07.19.14:945][  0]LogMaterial: Uniform references updated for custom material expression Custom.
[2017.04.04-07.19.16:382][  0]LogMaterial: Missing cached shader map for material M_Photoscan_Master, compiling. 
[2017.04.04-07.19.16:387][  0]LogTemp:Display: Added material ShaderMap 0x0000021E058D5280 with Material 0x0000021E050C2800 to ShaderMapsBeingCompiled
[2017.04.04-07.19.16:548][  0]LogTemp:Display: Kicking off shader compilation for M_Photoscan_Master, GameThreadShaderMap 0x0000021E058D5280
[2017.04.04-07.19.16:551][  0]LogMaterial: Missing cached shader map for material M_Photoscan_Master, compiling. 
[2017.04.04-07.19.16:562][  0]LogTemp:Display: Added material ShaderMap 0x0000021E07CD7580 with Material 0x0000021E0499BD00 to ShaderMapsBeingCompiled
[2017.04.04-07.19.16:756][  0]LogTemp:Display: Kicking off shader compilation for M_Photoscan_Master, GameThreadShaderMap 0x0000021E07CD7580
[2017.04.04-07.19.17:628][  0]LogMaterial: Incomplete cached shader map for material M_Fern_01, compiling. 
[2017.04.04-07.19.17:630][  0]LogTemp:Display: Added material ShaderMap 0x0000021E0A103C80 with Material 0x0000021E05C92380 to ShaderMapsBeingCompiled
[2017.04.04-07.19.17:750][  0]LogTemp:Display: Kicking off shader compilation for M_Fern_01, GameThreadShaderMap 0x0000021E0A103C80
[2017.04.04-07.19.18:375][  0]LogAIModule: Creating AISystem for world FirstPersonExampleMap
[2017.04.04-07.19.18:940][  0]LogEditorServer: Finished looking for orphan Actors (0.000 secs)
[2017.04.04-07.19.18:960][  0]Cmd: MAP CHECKDEP NOCLEARLOG
[2017.04.04-07.19.19:064][  0]MapCheck: Info Map check complete: 0 Error(s), 0 Warning(s), took 102.977ms to complete.
[2017.04.04-07.19.19:064][  0]LogFileHelpers: Loading map 'FirstPersonExampleMap' took 13.922
[2017.04.04-07.19.20:287][  0]LogStats:Warning: MetaData mismatch. Did you assign a stat to two groups? New //STATGROUP_Threads//SplashScreenThread///Thread_1b28_0///####STATCAT_Advanced#### old //STATGROUP_Threads//SplashScreenThread///Thread_3514_0///####STATCAT_Advanced####
[2017.04.04-07.19.20:288][  0]LogCollectionManager: Loaded 0 collections in 0.002359 seconds
[2017.04.04-07.19.20:462][  0]LogFileCache: Scanning file cache for directory 'C:/Users/Taylor/Desktop/MALUM/MALUM_SVN/MALUM/Saved/Collections/' took 0.01s
[2017.04.04-07.19.20:462][  0]LogFileCache: Scanning file cache for directory 'C:/Users/Taylor/Desktop/MALUM/MALUM_SVN/MALUM/Content/Developers/Taylor/Collections/' took 0.01s
[2017.04.04-07.19.20:462][  0]LogFileCache: Scanning file cache for directory 'C:/Users/Taylor/Desktop/MALUM/MALUM_SVN/MALUM/Content/Collections/' took 0.01s
[2017.04.04-07.19.20:462][  0]LogCollectionManager: Rebuilt the GUID cache for 0 collections in 0.000003 seconds
[2017.04.04-07.19.20:477][  0]LogContentBrowser: Native class hierarchy populated in 0.0153 seconds. Added 2245 classes and 453 folders.
[2017.04.04-07.19.20:551][  0]LogStats: UGameplayTagsManager::ConstructGameplayTagTree: Construct from data asset -  0.000 s
[2017.04.04-07.19.20:551][  0]LogStats: UGameplayTagsManager::ConstructGameplayTagTree: GameplayTagTreeChangedEvent.Broadcast -  0.000 s
[2017.04.04-07.19.20:674][  0]LogContentBrowser: Native class hierarchy updated for 'WidgetCarousel' in 0.0006 seconds. Added 0 classes and 0 folders.
[2017.04.04-07.19.22:854][  0]LogContentBrowser: Native class hierarchy updated for 'AddContentDialog' in 0.0007 seconds. Added 0 classes and 0 folders.
[2017.04.04-07.19.23:126][  0]LogContentBrowser: Native class hierarchy updated for 'SceneOutliner' in 0.0006 seconds. Added 1 classes and 2 folders.
[2017.04.04-07.19.24:179][  0]LogCrashTracker: Crashtracker disabled due to settings.
[2017.04.04-07.19.24:221][  0]LogUObjectGlobals:Warning: Failed to find object 'Class None.'
[2017.04.04-07.19.24:476][  0]LogContentBrowser: Native class hierarchy updated for 'HierarchicalLODOutliner' in 0.0008 seconds. Added 1 classes and 2 folders.
[2017.04.04-07.19.24:477][  0]LogLoad: (Engine Initialization) Total time: 2707.41 seconds
[2017.04.04-07.19.24:477][  0]LogLoad: (Engine Initialization) Total Blueprint compile time: 0.56 seconds
[2017.04.04-07.19.24:477][  0]LogExternalProfiler: Found external profiler: VSPerf
[2017.04.04-07.19.24:477][  0]LogExternalProfiler: Using external profiler: VSPerf
[2017.04.04-07.19.24:550][  0]LogOcInput: OculusInput pre-init called
[2017.04.04-07.19.24:571][  0]LogDirectoryWatcher: A directory notification failed for '../../../../../../Users/Taylor/Desktop/MALUM/MALUM_SVN/MALUM/Content/' because it was empty or there was a buffer overflow. Attemping another request...
[2017.04.04-07.19.24:571][  0]LogDirectoryWatcher: A directory notification failed for 'C:/Users/Taylor/Desktop/MALUM/MALUM_SVN/MALUM/Content/' because it was empty or there was a buffer overflow. Attemping another request...
[2017.04.04-07.19.24:629][  0]LogContentStreaming: Texture pool size now 1000 MB
[2017.04.04-07.19.24:701][  0]LogSlate: Took 0.014828 seconds to synchronously load lazily loaded font '../../../Engine/Content/Slate/Fonts/Roboto-Bold.ttf' (160K)
[2017.04.04-07.19.24:809][  0]LogSlate: Took 0.052301 seconds to synchronously load lazily loaded font '../../../Engine/Content/Editor/Slate/Fonts/FontAwesome.ttf' (139K)
[2017.04.04-07.19.25:878][  0]LogSlate: Took 0.035613 seconds to synchronously load lazily loaded font '../../../Engine/Content/Slate/Fonts/Roboto-Light.ttf' (159K)
[2017.04.04-07.19.25:974][  1]LogRenderer: Reallocating scene render targets to support 864x424 NumSamples 1 (Frame:2).
[2017.04.04-07.19.26:366][  4]LogAssetRegistry: Asset discovery search completed in 2702.8282 seconds
[2017.04.04-07.19.26:366][  4]LogCollectionManager: Rebuilt the object cache for 0 collections in 0.000007 seconds (found 0 objects)
[2017.04.04-07.19.26:392][  4]LogCollectionManager: Fixed up redirectors for 0 collections in 0.000025 seconds (updated 0 objects)
[2017.04.04-07.19.30:100][421]LogTemp:Display: Finished compile of shader map 0x0000021E058D5280
[2017.04.04-07.19.30:100][421]LogTemp:Display: Shader map M_Photoscan_Master complete, GameThreadShaderMap 0x0000021E058D5280, marking material M_Photoscan_Master as finished
[2017.04.04-07.19.30:100][421]LogTemp:Display: Marking material as finished 0x0000021E050C2800
[2017.04.04-07.19.51:026][678]LogRenderer: Reallocating scene render targets to support 864x432 NumSamples 1 (Frame:1710).
[2017.04.04-07.19.51:101][678]LogRenderer: Reallocating scene render targets to support 864x444 NumSamples 1 (Frame:1711).
[2017.04.04-07.19.51:144][678]LogRenderer: Reallocating scene render targets to support 864x448 NumSamples 1 (Frame:1712).
[2017.04.04-07.19.51:233][681]LogTemp:Display: Finished compile of shader map 0x0000021E07CD7580
[2017.04.04-07.19.51:233][681]LogTemp:Display: Shader map M_Photoscan_Master complete, GameThreadShaderMap 0x0000021E07CD7580, marking material M_Photoscan_Master as finished
[2017.04.04-07.19.51:233][681]LogTemp:Display: Marking material as finished 0x0000021E0499BD00
[2017.04.04-07.20.00:443][934]LogWindowsTextInputMethodSystem:Display: IME system now deactivated.
[2017.04.04-07.20.00:443][934]LogWindowsTextInputMethodSystem:Display: IME system now deactivated.
[2017.04.04-07.20.00:777][935]Cmd: QUIT_EDITOR
[2017.04.04-07.20.01:307][935]LogExit: Preparing to exit.
[2017.04.04-07.20.02:903][935]LogDirectoryWatcher: A directory notification for 'C:/Users/Taylor/Desktop/MALUM/MALUM_SVN/MALUM/Content/' was aborted.
[2017.04.04-07.20.03:101][935]LogExit: Editor shut down
[2017.04.04-07.20.03:102][935]LogExit: Transaction tracking system shut down
[2017.04.04-07.20.03:109][935]LogTemp:Display: Removed shader map 0x0000021E0A103C80 from material 0x0000021E05C92380
[2017.04.04-07.20.04:866][935]LogObj: Freed 0b from 0 cluster array pools.
[2017.04.04-07.20.04:866][935]LogExit: Object subsystem successfully closed.
[2017.04.04-07.20.05:653][935]LogD3D11RHI: Shutdown
[2017.04.04-07.20.05:653][935]LogD3D11RHI: CleanupD3DDevice
[2017.04.04-07.20.05:751][935]LogD3D11RHI: ~FD3D11DynamicRHI
[2017.04.04-07.20.07:377][935]LogModuleManager: Shutting down and abandoning module HierarchicalLODOutliner (498)
[2017.04.04-07.20.07:387][935]LogModuleManager: Shutting down and abandoning module CrashTracker (496)
[2017.04.04-07.20.07:387][935]LogModuleManager: Shutting down and abandoning module SceneOutliner (494)
[2017.04.04-07.20.07:387][935]LogModuleManager: Shutting down and abandoning module AddContentDialog (492)
[2017.04.04-07.20.07:393][935]LogDirectoryWatcher: A directory notification for 'C:/Program Files (x86)/Epic Games/4.15/FeaturePacks/' was aborted.
[2017.04.04-07.20.07:394][935]LogModuleManager: Shutting down and abandoning module WidgetCarousel (491)
[2017.04.04-07.20.07:394][935]LogModuleManager: Shutting down and abandoning module EditorWidgets (488)
[2017.04.04-07.20.07:394][935]LogModuleManager: Shutting down and abandoning module CollectionManager (486)
[2017.04.04-07.20.07:398][935]LogDirectoryWatcher: A directory notification for 'C:/Users/Taylor/Desktop/MALUM/MALUM_SVN/MALUM/Content/Collections/' was aborted.
[2017.04.04-07.20.07:398][935]LogDirectoryWatcher: A directory notification for 'C:/Users/Taylor/Desktop/MALUM/MALUM_SVN/MALUM/Content/Developers/Taylor/Collections/' was aborted.
[2017.04.04-07.20.07:398][935]LogDirectoryWatcher: A directory notification for 'C:/Users/Taylor/Desktop/MALUM/MALUM_SVN/MALUM/Saved/Collections/' was aborted.
[2017.04.04-07.20.07:398][935]LogModuleManager: Shutting down and abandoning module StatsViewer (484)
[2017.04.04-07.20.07:403][935]LogModuleManager: Shutting down and abandoning module FoliageEdit (482)
[2017.04.04-07.20.07:403][935]LogModuleManager: Shutting down and abandoning module LandscapeEditor (480)
[2017.04.04-07.20.07:418][935]LogModuleManager: Shutting down and abandoning module SceneDepthPickerMode (478)
[2017.04.04-07.20.07:418][935]LogModuleManager: Shutting down and abandoning module ActorPickerMode (476)
[2017.04.04-07.20.07:419][935]LogModuleManager: Shutting down and abandoning module GeometryMode (474)
[2017.04.04-07.20.07:419][935]LogModuleManager: Shutting down and abandoning module TextureAlignMode (472)
[2017.04.04-07.20.07:419][935]LogModuleManager: Shutting down and abandoning module BspMode (470)
[2017.04.04-07.20.07:424][935]LogModuleManager: Shutting down and abandoning module HardwareSurvey (468)
[2017.04.04-07.20.07:437][935]LogModuleManager: Shutting down and abandoning module SequenceRecorderSections (466)
[2017.04.04-07.20.07:454][935]LogModuleManager: Shutting down and abandoning module AutomationWorker (464)
[2017.04.04-07.20.07:463][935]LogModuleManager: Shutting down and abandoning module MatineeToLevelSequence (462)
[2017.04.04-07.20.07:469][935]LogModuleManager: Shutting down and abandoning module LevelSequenceEditor (460)
[2017.04.04-07.20.07:488][935]LogModuleManager: Shutting down and abandoning module PlacementMode (459)
[2017.04.04-07.20.07:488][935]LogModuleManager: Shutting down and abandoning module WmfMediaFactory (456)
[2017.04.04-07.20.07:488][935]LogModuleManager: Shutting down and abandoning module WmfMediaEditor (454)
[2017.04.04-07.20.07:488][935]LogModuleManager: Shutting down and abandoning module MfMediaFactory (452)
[2017.04.04-07.20.07:488][935]LogModuleManager: Shutting down and abandoning module MfMediaEditor (450)
[2017.04.04-07.20.07:488][935]LogModuleManager: Shutting down and abandoning module AvfMediaFactory (448)
[2017.04.04-07.20.07:488][935]LogModuleManager: Shutting down and abandoning module AvfMediaEditor (446)
[2017.04.04-07.20.07:488][935]LogModuleManager: Shutting down and abandoning module AndroidMediaFactory (444)
[2017.04.04-07.20.07:488][935]LogModuleManager: Shutting down and abandoning module Media (443)
[2017.04.04-07.20.07:488][935]LogModuleManager: Shutting down and abandoning module AndroidMediaEditor (440)
[2017.04.04-07.20.07:488][935]LogModuleManager: Shutting down and abandoning module CharacterAI (438)
[2017.04.04-07.20.07:488][935]LogModuleManager: Shutting down and abandoning module AudioCapture (436)
[2017.04.04-07.20.07:492][935]LogModuleManager: Shutting down and abandoning module SequenceRecorder (435)
[2017.04.04-07.20.07:533][935]LogModuleManager: Shutting down and abandoning module SmartSnapping (432)
[2017.04.04-07.20.07:533][935]LogModuleManager: Shutting down and abandoning module SessionServices (430)
[2017.04.04-07.20.07:533][935]LogModuleManager: Shutting down and abandoning module ViewportSnapping (428)
[2017.04.04-07.20.07:533][935]LogModuleManager: Shutting down and abandoning module ViewportInteraction (426)
[2017.04.04-07.20.07:533][935]LogModuleManager: Shutting down and abandoning module LogVisualizer (424)
[2017.04.04-07.20.07:557][935]LogModuleManager: Shutting down and abandoning module IntroTutorials (422)
[2017.04.04-07.20.07:566][935]LogModuleManager: Shutting down and abandoning module GameProjectGeneration (421)
[2017.04.04-07.20.07:630][935]LogModuleManager: Shutting down and abandoning module EditorLiveStreaming (418)
[2017.04.04-07.20.07:630][935]LogModuleManager: Shutting down and abandoning module IOSPlatformEditor (416)
[2017.04.04-07.20.07:630][935]LogModuleManager: Shutting down and abandoning module HTML5PlatformEditor (414)
[2017.04.04-07.20.07:630][935]LogModuleManager: Shutting down and abandoning module AndroidPlatformEditor (412)
[2017.04.04-07.20.07:634][935]LogModuleManager: Shutting down and abandoning module AndroidDeviceDetection (411)
[2017.04.04-07.20.08:497][935]LogModuleManager: Shutting down and abandoning module IOSRuntimeSettings (408)
[2017.04.04-07.20.08:497][935]LogModuleManager: Shutting down and abandoning module AndroidRuntimeSettings (406)
[2017.04.04-07.20.08:497][935]LogModuleManager: Shutting down and abandoning module InputBindingEditor (404)
[2017.04.04-07.20.08:530][935]LogModuleManager: Shutting down and abandoning module NiagaraEditor (402)
[2017.04.04-07.20.08:637][935]LogModuleManager: Shutting down and abandoning module MergeActors (400)
[2017.04.04-07.20.08:646][935]LogModuleManager: Shutting down and abandoning module SizeMap (398)
[2017.04.04-07.20.08:655][935]LogModuleManager: Shutting down and abandoning module TreeMap (396)
[2017.04.04-07.20.08:670][935]LogModuleManager: Shutting down and abandoning module ReferenceViewer (394)
[2017.04.04-07.20.08:670][935]LogModuleManager: Shutting down and abandoning module LocalizationDashboard (392)
[2017.04.04-07.20.08:675][935]LogModuleManager: Shutting down and abandoning module LocalizationService (391)
[2017.04.04-07.20.08:685][935]LogModuleManager: Shutting down and abandoning module HardwareTargeting (388)
[2017.04.04-07.20.08:694][935]LogModuleManager: Shutting down and abandoning module DeviceProfileEditor (386)
[2017.04.04-07.20.08:699][935]LogModuleManager: Shutting down and abandoning module UndoHistory (384)
[2017.04.04-07.20.08:709][935]LogModuleManager: Shutting down and abandoning module UserFeedback (382)
[2017.04.04-07.20.08:709][935]LogModuleManager: Shutting down and abandoning module XmlParser (380)
[2017.04.04-07.20.08:718][935]LogModuleManager: Shutting down and abandoning module Blutility (378)
[2017.04.04-07.20.08:724][935]LogModuleManager: Shutting down and abandoning module ProjectSettingsViewer (376)
[2017.04.04-07.20.08:724][935]LogModuleManager: Shutting down and abandoning module ProjectTargetPlatformEditor (375)
[2017.04.04-07.20.08:724][935]LogModuleManager: Shutting down and abandoning module EditorSettingsViewer (372)
[2017.04.04-07.20.08:724][935]LogModuleManager: Shutting down and abandoning module SettingsEditor (370)
[2017.04.04-07.20.08:732][935]LogModuleManager: Shutting down and abandoning module ProjectLauncher (368)
[2017.04.04-07.20.08:736][935]LogModuleManager: Shutting down and abandoning module SessionFrontend (366)
[2017.04.04-07.20.08:739][935]LogModuleManager: Shutting down and abandoning module ProfilerClient (364)
[2017.04.04-07.20.08:767][935]LogModuleManager: Shutting down and abandoning module DeviceManager (362)
[2017.04.04-07.20.08:789][935]LogModuleManager: Shutting down and abandoning module TargetDeviceServices (361)
[2017.04.04-07.20.08:831][935]LogModuleManager: Shutting down and abandoning module AutomationController (358)
[2017.04.04-07.20.08:880][935]LogModuleManager: Shutting down and abandoning module AutomationWindow (356)
[2017.04.04-07.20.08:890][935]LogModuleManager: Shutting down and abandoning module Layers (354)
[2017.04.04-07.20.08:913][935]LogModuleManager: Shutting down and abandoning module ComponentVisualizers (352)
[2017.04.04-07.20.08:913][935]LogModuleManager: Shutting down and abandoning module DetailCustomizations (350)
[2017.04.04-07.20.08:921][935]LogModuleManager: Shutting down and abandoning module PackagesDialog (348)
[2017.04.04-07.20.08:932][935]LogModuleManager: Shutting down and abandoning module Persona (346)
[2017.04.04-07.20.08:952][935]LogModuleManager: Shutting down and abandoning module AnimGraph (345)
[2017.04.04-07.20.08:952][935]LogModuleManager: Shutting down and abandoning module Kismet (342)
[2017.04.04-07.20.08:962][935]LogModuleManager: Shutting down and abandoning module GraphEditor (340)
[2017.04.04-07.20.08:962][935]LogModuleManager: Shutting down and abandoning module ClassViewer (338)
[2017.04.04-07.20.08:969][935]LogModuleManager: Shutting down and abandoning module Toolbox (336)
[2017.04.04-07.20.08:978][935]LogModuleManager: Shutting down and abandoning module ModuleUI (334)
[2017.04.04-07.20.08:984][935]LogModuleManager: Shutting down and abandoning module MovieSceneTools (332)
[2017.04.04-07.20.08:989][935]LogModuleManager: Shutting down and abandoning module OutputLog (330)
[2017.04.04-07.20.08:996][935]LogModuleManager: Shutting down and abandoning module GammaUI (328)
[2017.04.04-07.20.09:006][935]LogModuleManager: Shutting down and abandoning module Documentation (326)
[2017.04.04-07.20.09:006][935]LogModuleManager: Shutting down and abandoning module Niagara (324)
[2017.04.04-07.20.09:006][935]LogModuleManager: Shutting down and abandoning module StreamingPauseRendering (322)
[2017.04.04-07.20.09:006][935]LogModuleManager: Shutting down and abandoning module AnalyticsET (320)
[2017.04.04-07.20.09:006][935]LogModuleManager: Shutting down and abandoning module PortalServices (318)
[2017.04.04-07.20.09:006][935]LogModuleManager: Shutting down and abandoning module PortalRpc (316)
[2017.04.04-07.20.09:006][935]LogModuleManager: Shutting down and abandoning module MessagingRpc (314)
[2017.04.04-07.20.09:006][935]LogModuleManager: Shutting down and abandoning module AIModule (312)
[2017.04.04-07.20.09:006][935]LogModuleManager: Shutting down and abandoning module GameplayDebugger (311)
[2017.04.04-07.20.09:013][935]LogModuleManager: Shutting down and abandoning module AITestSuite (309)
[2017.04.04-07.20.09:013][935]LogModuleManager: Shutting down and abandoning module ProfilerService (306)
[2017.04.04-07.20.09:145][935]LogModuleManager: Shutting down and abandoning module TaskGraph (304)
[2017.04.04-07.20.09:209][935]LogModuleManager: Shutting down and abandoning module SteamVRController (302)
[2017.04.04-07.20.09:209][935]LogModuleManager: Shutting down and abandoning module SteamVR (300)
[2017.04.04-07.20.09:209][935]LogModuleManager: Shutting down and abandoning module ProceduralMeshComponentEditor (298)
[2017.04.04-07.20.09:209][935]LogModuleManager: Shutting down and abandoning module ProceduralMeshComponent (296)
[2017.04.04-07.20.09:237][935]LogModuleManager: Shutting down and abandoning module OculusLibrary (294)
[2017.04.04-07.20.09:237][935]LogModuleManager: Shutting down and abandoning module OculusInput (292)
[2017.04.04-07.20.09:237][935]LogModuleManager: Shutting down and abandoning module MobilePatchingUtils (290)
[2017.04.04-07.20.09:237][935]LogModuleManager: Shutting down and abandoning module CustomMeshComponent (288)
[2017.04.04-07.20.09:237][935]LogModuleManager: Shutting down and abandoning module CableComponent (286)
[2017.04.04-07.20.09:274][935]LogModuleManager: Shutting down and abandoning module ArchVisCharacter (284)
[2017.04.04-07.20.09:274][935]LogModuleManager: Shutting down and abandoning module MediaPlayerEditor (280)
[2017.04.04-07.20.09:284][935]LogModuleManager: Shutting down and abandoning module HTML5Networking (278)
[2017.04.04-07.20.09:284][935]LogModuleManager: Shutting down and abandoning module AlembicImporter (276)
[2017.04.04-07.20.09:292][935]LogModuleManager: Shutting down and abandoning module AlembicLibrary (275)
[2017.04.04-07.20.09:292][935]LogModuleManager: Shutting down and abandoning module GeometryCache (274)
[2017.04.04-07.20.09:298][935]LogModuleManager: Shutting down and abandoning module GeometryCacheEd (273)
[2017.04.04-07.20.09:298][935]LogModuleManager: Shutting down and abandoning module SuperSearchEditor (268)
[2017.04.04-07.20.09:298][935]LogModuleManager: Shutting down and abandoning module SuperSearch (267)
[2017.04.04-07.20.09:298][935]LogModuleManager: Shutting down and abandoning module SpeedTreeImporter (264)
[2017.04.04-07.20.09:298][935]LogModuleManager: Shutting down and abandoning module PluginBrowser (262)
[2017.04.04-07.20.09:364][935]LogModuleManager: Shutting down and abandoning module MobileLauncherProfileWizard (260)
[2017.04.04-07.20.09:374][935]LogModuleManager: Shutting down and abandoning module EpicSurvey (258)
[2017.04.04-07.20.09:374][935]LogModuleManager: Shutting down and abandoning module VisualStudioSourceCodeAccess (256)
[2017.04.04-07.20.09:374][935]LogModuleManager: Shutting down and abandoning module DesktopPlatform (255)
[2017.04.04-07.20.09:374][935]LogModuleManager: Shutting down and abandoning module UObjectPlugin (252)
[2017.04.04-07.20.09:374][935]LogModuleManager: Shutting down and abandoning module SubversionSourceControl (250)
[2017.04.04-07.20.09:384][935]LogModuleManager: Shutting down and abandoning module PerforceSourceControl (248)
[2017.04.04-07.20.09:431][935]LogModuleManager: Shutting down and abandoning module GitSourceControl (246)
[2017.04.04-07.20.09:442][935]LogModuleManager: Shutting down and abandoning module SourceControl (245)
[2017.04.04-07.20.09:448][935]LogModuleManager: Shutting down and abandoning module LightPropagationVolumeEditor (242)
[2017.04.04-07.20.09:448][935]LogModuleManager: Shutting down and abandoning module PaperTiledImporter (240)
[2017.04.04-07.20.09:448][935]LogModuleManager: Shutting down and abandoning module PaperSpriteSheetImporter (238)
[2017.04.04-07.20.09:448][935]LogModuleManager: Shutting down and abandoning module Paper2DEditor (236)
[2017.04.04-07.20.09:461][935]LogModuleManager: Shutting down and abandoning module MeshPaint (235)
[2017.04.04-07.20.09:502][935]LogModuleManager: Shutting down and abandoning module LevelEditor (233)
[2017.04.04-07.20.09:516][935]LogModuleManager: Shutting down and abandoning module PixelInspectorModule (232)
[2017.04.04-07.20.09:541][935]LogModuleManager: Shutting down and abandoning module MainFrame (230)
[2017.04.04-07.20.09:541][935]LogModuleManager: Shutting down and abandoning module HotReload (229)
[2017.04.04-07.20.09:749][935]LogModuleManager: Shutting down and abandoning module ContentBrowser (225)
[2017.04.04-07.20.09:750][935]LogModuleManager: Shutting down and abandoning module PhysXVehiclesEditor (222)
[2017.04.04-07.20.09:778][935]LogModuleManager: Shutting down and abandoning module PhysXVehicles (220)
[2017.04.04-07.20.09:778][935]LogModuleManager: Shutting down and abandoning module LocationServicesBPLibrary (218)
[2017.04.04-07.20.09:778][935]LogModuleManager: Shutting down and abandoning module UdpMessaging (216)
[2017.04.04-07.20.09:879][935]LogModuleManager: Shutting down and abandoning module TcpMessaging (214)
[2017.04.04-07.20.10:137][935]LogModuleManager: Shutting down and abandoning module GameplayTagsEditor (212)
[2017.04.04-07.20.10:188][935]LogModuleManager: Shutting down and abandoning module FacialAnimationEditor (210)
[2017.04.04-07.20.10:194][935]LogModuleManager: Shutting down and abandoning module FacialAnimation (208)
[2017.04.04-07.20.10:194][935]LogModuleManager: Shutting down and abandoning module LightPropagationVolumeRuntime (206)
[2017.04.04-07.20.10:194][935]LogModuleManager: Shutting down and abandoning module Paper2D (204)
[2017.04.04-07.20.10:196][935]LogModuleManager: Shutting down and abandoning module WindowsMoviePlayer (202)
[2017.04.04-07.20.10:203][935]LogModuleManager: Shutting down and abandoning module WmfMedia (200)
[2017.04.04-07.20.10:205][935]LogModuleManager: Shutting down and abandoning module MfMedia (198)
[2017.04.04-07.20.10:205][935]LogModuleManager: Shutting down and abandoning module MediaAssets (196)
[2017.04.04-07.20.10:205][935]LogModuleManager: Shutting down and abandoning module GameLiveStreaming (194)
[2017.04.04-07.20.10:213][935]LogModuleManager: Shutting down and abandoning module VREditor (192)
[2017.04.04-07.20.10:213][935]LogModuleManager: Shutting down and abandoning module GameplayTasksEditor (190)
[2017.04.04-07.20.10:213][935]LogModuleManager: Shutting down and abandoning module BehaviorTreeEditor (188)
[2017.04.04-07.20.10:258][935]LogModuleManager: Shutting down and abandoning module FunctionalTesting (186)
[2017.04.04-07.20.10:260][935]LogModuleManager: Shutting down and abandoning module CollisionAnalyzer (184)
[2017.04.04-07.20.10:270][935]LogModuleManager: Shutting down and abandoning module UMG (182)
[2017.04.04-07.20.10:286][935]LogModuleManager: Shutting down and abandoning module UMGEditor (181)
[2017.04.04-07.20.10:345][935]LogModuleManager: Shutting down and abandoning module Sequencer (180)
[2017.04.04-07.20.10:413][935]LogModuleManager: Shutting down and abandoning module AssetTools (178)
[2017.04.04-07.20.10:419][935]LogModuleManager: Shutting down and abandoning module MessageLog (177)
[2017.04.04-07.20.10:420][935]LogModuleManager: Shutting down and abandoning module WorkspaceMenuStructure (176)
[2017.04.04-07.20.10:420][935]LogModuleManager: Shutting down and abandoning module SlateReflector (170)
[2017.04.04-07.20.10:480][935]LogModuleManager: Shutting down and abandoning module Slate (168)
[2017.04.04-07.20.10:480][935]LogModuleManager: Shutting down and abandoning module EditorStyle (166)
[2017.04.04-07.20.10:502][935]LogModuleManager: Shutting down and abandoning module SourceCodeAccess (164)
[2017.04.04-07.20.10:528][935]LogModuleManager: Shutting down and abandoning module HeadMountedDisplay (162)
[2017.04.04-07.20.10:528][935]LogModuleManager: Shutting down and abandoning module XAudio2 (160)
[2017.04.04-07.20.10:528][935]LogModuleManager: Shutting down and abandoning module Networking (158)
[2017.04.04-07.20.10:528][935]LogModuleManager: Shutting down and abandoning module Core (154)
[2017.04.04-07.20.10:528][935]LogModuleManager: Shutting down and abandoning module AssetRegistry (152)
[2017.04.04-07.20.10:691][935]LogDirectoryWatcher: A directory notification for '../../../Engine/Content/' was aborted.
[2017.04.04-07.20.10:691][935]LogDirectoryWatcher: A directory notification for '../../../../../../Users/Taylor/Desktop/MALUM/MALUM_SVN/MALUM/Content/' was aborted.
[2017.04.04-07.20.10:691][935]LogDirectoryWatcher: A directory notification for '../../../Engine/Plugins/2D/Paper2D/Content/' was aborted.
[2017.04.04-07.20.10:722][935]LogModuleManager: Shutting down and abandoning module DirectoryWatcher (151)
[2017.04.04-07.20.10:724][935]LogModuleManager: Shutting down and abandoning module KismetCompiler (148)
[2017.04.04-07.20.10:724][935]LogModuleManager: Shutting down and abandoning module PhysXFormats (146)
[2017.04.04-07.20.10:724][935]LogModuleManager: Shutting down and abandoning module MeshUtilities (144)
[2017.04.04-07.20.10:737][935]LogModuleManager: Shutting down and abandoning module SimplygonSwarm (143)
[2017.04.04-07.20.10:742][935]LogModuleManager: Shutting down and abandoning module SimplygonMeshReduction (141)
[2017.04.04-07.20.10:743][935]LogModuleManager: Shutting down and abandoning module QuadricMeshReduction (139)
[2017.04.04-07.20.10:746][935]LogModuleManager: Shutting down and abandoning module PropertyEditor (137)
[2017.04.04-07.20.10:746][935]LogModuleManager: Shutting down and abandoning module DerivedDataCache (134)
[2017.04.04-07.20.10:761][935]LogDerivedDataCache: Shutdown
[2017.04.04-07.20.10:761][935]LogModuleManager: Shutting down and abandoning module TargetPlatform (132)
[2017.04.04-07.20.10:761][935]LogModuleManager: Shutting down and abandoning module VulkanShaderFormat (131)
[2017.04.04-07.20.10:770][935]LogModuleManager: Shutting down and abandoning module ShaderFormatOpenGL (129)
[2017.04.04-07.20.10:802][935]LogModuleManager: Shutting down and abandoning module ShaderFormatD3D (127)
[2017.04.04-07.20.10:812][935]LogModuleManager: Shutting down and abandoning module MetalShaderFormat (125)
[2017.04.04-07.20.10:837][935]LogModuleManager: Shutting down and abandoning module TextureFormatUncompressed (123)
[2017.04.04-07.20.10:837][935]LogModuleManager: Shutting down and abandoning module TextureFormatPVR (121)
[2017.04.04-07.20.10:837][935]LogModuleManager: Shutting down and abandoning module TextureFormatDXT (119)
[2017.04.04-07.20.10:837][935]LogModuleManager: Shutting down and abandoning module TextureFormatIntelISPCTexComp (117)
[2017.04.04-07.20.10:863][935]LogModuleManager: Shutting down and abandoning module TextureFormatASTC (115)
[2017.04.04-07.20.10:863][935]LogModuleManager: Shutting down and abandoning module ImageWrapper (114)
[2017.04.04-07.20.10:863][935]LogModuleManager: Shutting down and abandoning module TextureFormatAndroid (111)
[2017.04.04-07.20.10:863][935]LogModuleManager: Shutting down and abandoning module AudioFormatOpus (109)
[2017.04.04-07.20.10:871][935]LogModuleManager: Shutting down and abandoning module AudioFormatOgg (107)
[2017.04.04-07.20.10:871][935]LogModuleManager: Shutting down and abandoning module AudioFormatADPCM (105)
[2017.04.04-07.20.10:871][935]LogModuleManager: Shutting down and abandoning module LinuxTargetPlatform (103)
[2017.04.04-07.20.10:871][935]LogModuleManager: Shutting down and abandoning module LinuxServerTargetPlatform (101)
[2017.04.04-07.20.10:871][935]LogModuleManager: Shutting down and abandoning module LinuxNoEditorTargetPlatform (99)
[2017.04.04-07.20.10:871][935]LogModuleManager: Shutting down and abandoning module LinuxClientTargetPlatform (97)
[2017.04.04-07.20.10:871][935]LogModuleManager: Shutting down and abandoning module TVOSTargetPlatform (95)
[2017.04.04-07.20.10:871][935]LogModuleManager: Shutting down and abandoning module Messaging (93)
[2017.04.04-07.20.10:871][935]LogModuleManager: Shutting down and abandoning module IOSTargetPlatform (91)
[2017.04.04-07.20.10:871][935]LogModuleManager: Shutting down and abandoning module HTML5TargetPlatform (89)
[2017.04.04-07.20.10:871][935]LogModuleManager: Shutting down and abandoning module Android_PVRTCTargetPlatform (87)
[2017.04.04-07.20.10:871][935]LogModuleManager: Shutting down and abandoning module Android_MultiTargetPlatform (85)
[2017.04.04-07.20.10:871][935]LogModuleManager: Shutting down and abandoning module Android_ETC2TargetPlatform (83)
[2017.04.04-07.20.10:871][935]LogModuleManager: Shutting down and abandoning module Android_ETC1TargetPlatform (81)
[2017.04.04-07.20.10:871][935]LogModuleManager: Shutting down and abandoning module Android_DXTTargetPlatform (79)
[2017.04.04-07.20.10:871][935]LogModuleManager: Shutting down and abandoning module Android_ATCTargetPlatform (77)
[2017.04.04-07.20.10:871][935]LogModuleManager: Shutting down and abandoning module Android_ASTCTargetPlatform (75)
[2017.04.04-07.20.10:871][935]LogModuleManager: Shutting down and abandoning module AndroidTargetPlatform (73)
[2017.04.04-07.20.10:871][935]LogModuleManager: Shutting down and abandoning module WindowsTargetPlatform (71)
[2017.04.04-07.20.10:871][935]LogModuleManager: Shutting down and abandoning module WindowsServerTargetPlatform (69)
[2017.04.04-07.20.10:871][935]LogModuleManager: Shutting down and abandoning module WindowsNoEditorTargetPlatform (67)
[2017.04.04-07.20.10:871][935]LogModuleManager: Shutting down and abandoning module WindowsClientTargetPlatform (65)
[2017.04.04-07.20.10:871][935]LogModuleManager: Shutting down and abandoning module MacTargetPlatform (63)
[2017.04.04-07.20.10:871][935]LogModuleManager: Shutting down and abandoning module MacServerTargetPlatform (61)
[2017.04.04-07.20.10:871][935]LogModuleManager: Shutting down and abandoning module MacNoEditorTargetPlatform (59)
[2017.04.04-07.20.10:871][935]LogModuleManager: Shutting down and abandoning module MacClientTargetPlatform (57)
[2017.04.04-07.20.10:871][935]LogModuleManager: Shutting down and abandoning module AllDesktopTargetPlatform (55)
[2017.04.04-07.20.10:871][935]LogModuleManager: Shutting down and abandoning module InputCore (52)
[2017.04.04-07.20.10:871][935]LogModuleManager: Shutting down and abandoning module Settings (50)
[2017.04.04-07.20.10:871][935]LogModuleManager: Shutting down and abandoning module OculusRift (48)
[2017.04.04-07.20.10:877][935]LogModuleManager: Shutting down and abandoning module GearVR (46)
[2017.04.04-07.20.10:877][935]LogModuleManager: Shutting down and abandoning module ExampleDeviceProfileSelector (44)
[2017.04.04-07.20.10:877][935]LogModuleManager: Shutting down and abandoning module OnlineBlueprintSupport (42)
[2017.04.04-07.20.10:877][935]LogModuleManager: Shutting down and abandoning module OnlineSubsystem (38)
[2017.04.04-07.20.10:877][935]LogOnline:Display: Unloading online subsystem: NULL
[2017.04.04-07.20.10:907][935]LogModuleManager: Shutting down and abandoning module XMPP (37)
[2017.04.04-07.20.10:927][935]LogModuleManager: Shutting down and abandoning module HTTP (35)
[2017.04.04-07.20.10:934][935]LogHttp:Display: Http module shutting down, but needs to wait on 1 outstanding Http requests:
[2017.04.04-07.20.10:934][935]LogHttp:Display: 	verb=[POST] url=[https://datarouter.ol.epicgames.com/datarouter/api/v1/public/data?SessionID=%7B4765AB5D-4902-E08E-66C2-899EA5678917%7D&AppID=UEEditor.Rocket.Release&AppVersion=4.15.1-3348071%2B%2B%2BUE4%2BRelease-4.15&UserID=8ab68c7b490269decec9beb4f0d57ba2%7C015e811d16c4458ab0bcb9c750e94c42%7Cea7bc23e-2ad3-4f6b-a49b-e2dcf99a90ce&AppEnvironment=datacollector-binary&UploadType=eteventstream] status=Processing
[2017.04.04-07.20.10:968][935]LogModuleManager: Shutting down and abandoning module SSL (34)
[2017.04.04-07.20.10:969][935]LogModuleManager: Shutting down and abandoning module AudioEditor (30)
[2017.04.04-07.20.11:877][935]LogModuleManager: Shutting down and abandoning module TextureCompressor (28)
[2017.04.04-07.20.11:913][935]LogModuleManager: Shutting down and abandoning module ShaderCore (26)
[2017.04.04-07.20.11:914][935]LogModuleManager: Shutting down and abandoning module Landscape (24)
[2017.04.04-07.20.11:914][935]LogModuleManager: Shutting down and abandoning module SlateRHIRenderer (22)
[2017.04.04-07.20.12:025][935]LogModuleManager: Shutting down and abandoning module OpenGLDrv (20)
[2017.04.04-07.20.12:029][935]LogModuleManager: Shutting down and abandoning module D3D11RHI (18)
[2017.04.04-07.20.12:029][935]LogModuleManager: Shutting down and abandoning module AnimGraphRuntime (16)
[2017.04.04-07.20.12:034][935]LogModuleManager: Shutting down and abandoning module Renderer (14)
[2017.04.04-07.20.12:034][935]LogModuleManager: Shutting down and abandoning module Engine (12)
[2017.04.04-07.20.12:034][935]LogModuleManager: Shutting down and abandoning module CoreUObject (10)
[2017.04.04-07.20.12:034][935]LogModuleManager: Shutting down and abandoning module NetworkFile (8)
[2017.04.04-07.20.12:041][935]LogModuleManager: Shutting down and abandoning module StreamingFile (6)
[2017.04.04-07.20.12:044][935]LogModuleManager: Shutting down and abandoning module SandboxFile (4)
[2017.04.04-07.20.12:044][935]LogModuleManager: Shutting down and abandoning module PakFile (2)
[2017.04.04-07.20.12:048][935]LogExit: Exiting.
[2017.04.04-07.20.12:052][935]Log file closed, 04/04/17 02:20:12
