Log file open, 04/04/17 01:31:59
LogInit:Display: Running engine for game: MALUM
LogPlatformFile: Not using cached read wrapper
LogInit:Display: RandInit(-816653239) SRandInit(-816653238).
LogTaskGraph: Started task graph with 5 named threads and 8 total threads with 1 sets of task threads.
LogStats: Stats thread started at 0.120672
LogInit: Using libcurl 7.47.1
LogInit:  - built for x86_64-pc-win32
LogInit:  - supports SSL with OpenSSL/1.0.2g
LogInit:  - supports HTTP deflate (compression) using libz 1.2.8
LogInit:  - other features:
LogInit:      CURL_VERSION_SSL
LogInit:      CURL_VERSION_LIBZ
LogInit:      CURL_VERSION_IPV6
LogInit:      CURL_VERSION_ASYNCHDNS
LogInit:      CURL_VERSION_LARGEFILE
LogInit:      CURL_VERSION_IDN
LogInit:  CurlRequestOptions (configurable via config and command line):
LogInit:  - bVerifyPeer = false  - Libcurl will NOT verify peer certificate
LogInit:  - bUseHttpProxy = false  - Libcurl will NOT use HTTP proxy
LogInit:  - bDontReuseConnections = false  - Libcurl will reuse connections
LogInit:  - CertBundlePath = nullptr  - Libcurl will use whatever was configured at build time.
LogInit: Build: ++UE4+Release-4.15-CL-3348071
LogInit: Engine Version: 4.15.1-3348071+++UE4+Release-4.15
LogInit: Compatible Engine Version: 4.15.0-3299760+++UE4+Release-4.15
LogInit: Net CL: 3299760
LogDevObjectVersion: Number of dev versions registered: 14
LogDevObjectVersion:   Dev-Blueprints (B0D832E4-1F89-4F0D-ACCF-7EB736FD4AA2): 8
LogDevObjectVersion:   Dev-Build (E1C64328-A22C-4D53-A36C-8E866417BD8C): 0
LogDevObjectVersion:   Dev-Core (375EC13C-06E4-48FB-B500-84F0262A717E): 2
LogDevObjectVersion:   Dev-Editor (E4B068ED-F494-42E9-A231-DA0B2E46BB41): 14
LogDevObjectVersion:   Dev-Framework (CFFC743F-43B0-4480-9391-14DF171D2073): 22
LogDevObjectVersion:   Dev-Mobile (B02B49B5-BB20-44E9-A304-32B752E40360): 0
LogDevObjectVersion:   Dev-Networking (A4E4105C-59A1-49B5-A7C5-40C4547EDFEE): 0
LogDevObjectVersion:   Dev-Online (39C831C9-5AE6-47DC-9A44-9C173E1C8E7C): 0
LogDevObjectVersion:   Dev-Physics (78F01B33-EBEA-4F98-B9B4-84EACCB95AA2): 0
LogDevObjectVersion:   Dev-Platform (6631380F-2D4D-43E0-8009-CF276956A95A): 0
LogDevObjectVersion:   Dev-Rendering (12F88B9F-8875-4AFC-A67C-D90C383ABD29): 12
LogDevObjectVersion:   Dev-Sequencer (7B5AE74C-D270-4C10-A958-57980B212A5A): 3
LogDevObjectVersion:   Dev-VR (D7296918-1DD6-4BDD-9DE2-64A83CC13884): 0
LogDevObjectVersion:   Dev-LoadTimes (C2A15278-BFE7-4AFE-6C17-90FF531DF755): 1
LogInit: Compiled (64-bit): Mar 15 2017 16:52:47
LogInit: Compiled with Visual C++: 19.00.23026.00
LogInit: Build Configuration: Development
LogInit: Branch Name: ++UE4+Release-4.15
LogInit: Command line:  
LogInit: Base directory: C:/Program Files (x86)/Epic Games/4.15/Engine/Binaries/Win64/
LogInit: Installed Engine Build: 1
LogInit: Presizing for max 8388607 objects, including 0 objects not considered by GC, pre-allocating 0 bytes for permanent pool.
LogInit: Object subsystem initialized
[2017.04.04-06.32.06:129][  0]LogInit: Selected Device Profile: [Windows]
[2017.04.04-06.32.06:129][  0]LogInit: Applying CVar settings loaded from the selected device profile: [Windows]
[2017.04.04-06.32.06:330][  0]LogInit: Computer: TAYLOR-PC
[2017.04.04-06.32.06:330][  0]LogInit: User: Taylor
[2017.04.04-06.32.06:330][  0]LogInit: CPU Page size=65536, Cores=4
[2017.04.04-06.32.06:330][  0]LogInit: High frequency timer resolution =3.903989 MHz
[2017.04.04-06.32.06:374][  0]LogMemory: Memory total: Physical=15.9GB (16GB approx)
[2017.04.04-06.32.06:414][  0]LogMemory: Platform Memory Stats for Windows
[2017.04.04-06.32.06:414][  0]LogMemory: Process Physical Memory: 264.49 MB used, 264.49 MB peak
[2017.04.04-06.32.06:414][  0]LogMemory: Process Virtual Memory: 262.62 MB used, 262.62 MB peak
[2017.04.04-06.32.06:414][  0]LogMemory: Physical Memory: 4352.05 MB used,  11970.82 MB free, 16322.87 MB total
[2017.04.04-06.32.06:414][  0]LogMemory: Virtual Memory: 645.13 MB used,  11970.82 MB free, 134217728.00 MB total
[2017.04.04-06.32.10:331][  0]LogTextLocalizationManager: No specific translations for ('en-US') exist, so ('en') translations will be used.
[2017.04.04-06.32.25:579][  0]LogD3D11RHI: D3D11 adapters:
[2017.04.04-06.32.25:656][  0]LogD3D11RHI:    0. 'NVIDIA GeForce GTX 1080' (Feature Level 11_0)
[2017.04.04-06.32.25:656][  0]LogD3D11RHI:       8110/0/8161 MB DedicatedVideo/DedicatedSystem/SharedSystem, Outputs:2, VendorId:0x10de
[2017.04.04-06.32.25:691][  0]LogD3D11RHI:    1. 'Microsoft Basic Render Driver' (Feature Level 11_0)
[2017.04.04-06.32.25:691][  0]LogD3D11RHI:       0/0/8161 MB DedicatedVideo/DedicatedSystem/SharedSystem, Outputs:0, VendorId:0x1414
[2017.04.04-06.32.25:691][  0]LogD3D11RHI: Chosen D3D11 Adapter: 0
[2017.04.04-06.32.25:720][  0]LogD3D11RHI: Creating new Direct3DDevice
[2017.04.04-06.32.25:720][  0]LogD3D11RHI:     GPU DeviceId: 0x1b80 (for the marketing name, search the web for "GPU Device Id")
[2017.04.04-06.32.25:720][  0]LogWindows: EnumDisplayDevices:
[2017.04.04-06.32.25:720][  0]LogWindows:    0. 'NVIDIA GeForce GTX 1080' (P:1 D:1)
[2017.04.04-06.32.25:721][  0]LogWindows:    1. 'NVIDIA GeForce GTX 1080' (P:0 D:1)
[2017.04.04-06.32.25:721][  0]LogWindows:    2. 'NVIDIA GeForce GTX 1080' (P:0 D:0)
[2017.04.04-06.32.25:721][  0]LogWindows:    3. 'NVIDIA GeForce GTX 1080' (P:0 D:0)
[2017.04.04-06.32.25:721][  0]LogWindows: DebugString: FoundDriverCount:4 
[2017.04.04-06.32.25:721][  0]LogD3D11RHI:     Adapter Name: NVIDIA GeForce GTX 1080
[2017.04.04-06.32.25:721][  0]LogD3D11RHI:   Driver Version: 378.92 (internal:21.21.13.7892, unified:378.92)
[2017.04.04-06.32.25:721][  0]LogD3D11RHI:      Driver Date: 3-16-2017
[2017.04.04-06.32.25:721][  0]LogRHI: Texture pool is 1361 MB (70% of 1945 MB)
[2017.04.04-06.32.25:819][  0]LogD3D11RHI: Async texture creation enabled
[2017.04.04-06.32.25:948][  0]LogD3D11RHI: GPU Timing Frequency: 1000.000000 (Debug: 2 2)
[2017.04.04-06.32.26:221][  0]LogShaderCompilers: Guid format shader working directory is -13 characters bigger than the processId version (../../../../../../Users/Taylor/Desktop/MALUM/MALUM_SVN/MALUM/Intermediate/Shaders/WorkingDirectory/9284/).
[2017.04.04-06.32.26:222][  0]LogShaderCompilers: Cleaned the shader compiler working directory 'C:/Users/Taylor/AppData/Local/Temp/UnrealShaderWorkingDir/E41EBCF445ACF8C5D44C83A86FC00BCF/'.
[2017.04.04-06.32.26:222][  0]LogShaderCompilers:Display: Using Local Shader Compiler.
[2017.04.04-06.32.30:784][  0]LogTemp:Display: Loaded TP AllDesktopTargetPlatform
[2017.04.04-06.32.30:833][  0]LogTemp:Display: Loaded TP MacClientTargetPlatform
[2017.04.04-06.32.30:883][  0]LogTemp:Display: Loaded TP MacNoEditorTargetPlatform
[2017.04.04-06.32.30:930][  0]LogTemp:Display: Loaded TP MacServerTargetPlatform
[2017.04.04-06.32.31:023][  0]LogTemp:Display: Loaded TP MacTargetPlatform
[2017.04.04-06.32.31:072][  0]LogTemp:Display: Loaded TP WindowsClientTargetPlatform
[2017.04.04-06.32.31:120][  0]LogTemp:Display: Loaded TP WindowsNoEditorTargetPlatform
[2017.04.04-06.32.31:168][  0]LogTemp:Display: Loaded TP WindowsServerTargetPlatform
[2017.04.04-06.32.31:235][  0]LogTemp:Display: Loaded TP WindowsTargetPlatform
[2017.04.04-06.32.31:348][  0]LogTemp:Display: Loaded TP AndroidTargetPlatform
[2017.04.04-06.32.31:471][  0]LogTemp:Display: Loaded TP Android_ASTCTargetPlatform
[2017.04.04-06.32.31:520][  0]LogTemp:Display: Loaded TP Android_ATCTargetPlatform
[2017.04.04-06.32.31:568][  0]LogTemp:Display: Loaded TP Android_DXTTargetPlatform
[2017.04.04-06.32.31:622][  0]LogTemp:Display: Loaded TP Android_ETC1TargetPlatform
[2017.04.04-06.32.31:670][  0]LogTemp:Display: Loaded TP Android_ETC2TargetPlatform
[2017.04.04-06.32.31:855][  0]LogTemp:Display: Loaded TP Android_MultiTargetPlatform
[2017.04.04-06.32.31:855][  0]LogTemp:Display: Loaded TP Android_PVRTCTargetPlatform
[2017.04.04-06.32.31:917][  0]LogTemp:Display: Loaded TP HTML5TargetPlatform
[2017.04.04-06.32.32:107][  0]LogTemp:Display: Loaded TP IOSTargetPlatform
[2017.04.04-06.32.32:177][  0]LogTemp:Display: Loaded TP TVOSTargetPlatform
[2017.04.04-06.32.32:275][  0]LogTemp:Display: Loaded TP LinuxClientTargetPlatform
[2017.04.04-06.32.32:338][  0]LogTemp:Display: Loaded TP LinuxNoEditorTargetPlatform
[2017.04.04-06.32.32:388][  0]LogTemp:Display: Loaded TP LinuxServerTargetPlatform
[2017.04.04-06.32.32:445][  0]LogTemp:Display: Loaded TP LinuxTargetPlatform
[2017.04.04-06.32.32:445][  0]LogTargetPlatformManager:Display: Building Assets For Windows
[2017.04.04-06.32.33:448][  0]LogDerivedDataCache:Display: Max Cache Size: 512 MB
[2017.04.04-06.32.35:336][  0]LogDerivedDataCache: Loaded boot cache 1.86s 198MB C:/Users/Taylor/AppData/Local/UnrealEngine/4.15/DerivedDataCache/Boot.ddc.
[2017.04.04-06.32.35:336][  0]LogDerivedDataCache:Display: Loaded Boot cache: C:/Users/Taylor/AppData/Local/UnrealEngine/4.15/DerivedDataCache/Boot.ddc
[2017.04.04-06.32.35:336][  0]LogDerivedDataCache: FDerivedDataBackendGraph:  Pak pak cache file ../../../../../../Users/Taylor/Desktop/MALUM/MALUM_SVN/MALUM/DerivedDataCache/DDC.ddp not found, will not use a pak cache.
[2017.04.04-06.32.35:336][  0]LogDerivedDataCache: Unable to find inner node Pak for hierarchical cache Hierarchy.
[2017.04.04-06.32.35:336][  0]LogDerivedDataCache: FDerivedDataBackendGraph:  CompressedPak pak cache file ../../../../../../Users/Taylor/Desktop/MALUM/MALUM_SVN/MALUM/DerivedDataCache/Compressed.ddp not found, will not use a pak cache.
[2017.04.04-06.32.35:336][  0]LogDerivedDataCache: Unable to find inner node CompressedPak for hierarchical cache Hierarchy.
[2017.04.04-06.32.35:399][  0]LogDerivedDataCache:Display: Pak cache opened for reading ../../../Engine/DerivedDataCache/Compressed.ddp.
[2017.04.04-06.32.35:412][  0]LogDerivedDataCache: Using Local data cache path C:/Users/Taylor/AppData/Local/UnrealEngine/Common/DerivedDataCache: Writable
[2017.04.04-06.32.35:499][  0]LogSlate: Using Freetype 2.6.0
[2017.04.04-06.32.35:520][  0]LogSlate: SlateFontCache - WITH_FREETYPE: 1, WITH_HARFBUZZ: 1
[2017.04.04-06.32.35:521][  0]LogSlate: SlateFontCache - WITH_FREETYPE: 1, WITH_HARFBUZZ: 1
[2017.04.04-06.32.39:590][  0]LogInit: Selected Device Profile: [Windows]
[2017.04.04-06.32.39:602][  0]LogContentStreaming: Texture pool size is 0.00 MB
[2017.04.04-06.32.39:930][  0]LogMeshUtilities: Using QuadricMeshReduction for automatic static mesh reduction
[2017.04.04-06.32.40:047][  0]LogSimplygon: Simplygon DLL not present - disabling.
[2017.04.04-06.32.40:100][  0]LogMeshUtilities: Using SimplygonSwarm for distributed automatic mesh merging
[2017.04.04-06.32.40:100][  0]LogMeshUtilities: No automatic skeletal mesh reduction module available
[2017.04.04-06.32.40:100][  0]LogMeshUtilities: No automatic mesh merging module available
[2017.04.04-06.32.43:122][  0]LogNetVersion: GetLocalNetworkVersion: CL: 3299760, ProjectName: malum, ProjectVersion: , EngineNetworkVersion: 2, GameNetworkVersion: 0, NetworkChecksum: 2995604447
[2017.04.04-06.32.43:252][  0]LogAssetRegistry: FAssetRegistry took 0.0217 seconds to start up
[2017.04.04-06.32.43:527][  0]LogPackageLocalizationCache: Processed 3 localized package path(s) for 2 prioritized culture(s) in 0.191045 seconds
[2017.04.04-06.32.43:573][  0]LogUObjectArray: 32493 objects as part of root set at end of initial load.
[2017.04.04-06.32.43:573][  0]LogUObjectAllocator: 7077032 out of 0 bytes used by permanent object pool.
[2017.04.04-06.32.43:573][  0]LogUObjectArray: CloseDisregardForGC: 0/0 objects in disregard for GC pool
[2017.04.04-06.32.43:752][  0]LogInit: WinSock: version 1.1 (2.2), MaxSocks=32767, MaxUdp=65467
[2017.04.04-06.33.50:953][  0]LogTcpMessaging: Initializing TcpMessaging bridge
[2017.04.04-06.33.51:021][  0]LogUdpMessaging: Initializing bridge on interface 0.0.0.0:0 to multicast group 230.0.0.1:6666.
[2017.04.04-06.33.52:338][  0]LogMaterial: Uniform references updated for custom material expression Custom.
[2017.04.04-06.33.53:310][  0]SourceControl: Info Source control is disabled
[2017.04.04-06.33.53:328][  0]SourceControl: Info Source control is disabled
[2017.04.04-06.33.53:414][  0]SourceControl: Info Source control is disabled
[2017.04.04-06.33.53:542][  0]SourceControl: Info Source control is disabled
[2017.04.04-06.33.54:505][  0]LogLinker:Warning: Can't find file '/Game/ThirdPersonBP/ThirdPersonOverview'
[2017.04.04-06.33.54:506][  0]LogLinker:Warning: Can't find file '/Game/ThirdPersonBP/ThirdPersonOverview'
[2017.04.04-06.33.54:506][  0]LogUObjectGlobals:Warning: Failed to find object 'Class /Game/ThirdPersonBP/ThirdPersonOverview.ThirdPersonOverview_C'
[2017.04.04-06.33.56:905][  0]LogEngine: Initializing Engine...
[2017.04.04-06.33.56:906][  0]LogHMD: Failed to initialize OpenVR with code 110
[2017.04.04-06.33.57:382][  0]LogAIModule: Creating AISystem for world Untitled
[2017.04.04-06.33.57:465][  0]LogInit: XAudio2 using 'Speakers (3- Logitech G930 Gaming Headset)' : 8 channels at 44.1 kHz using 16 bits per sample (channel mask 0x63f)
[2017.04.04-06.33.57:654][  0]LogInit: FAudioDevice initialized.
[2017.04.04-06.33.57:676][  0]LogDerivedDataCache:Error: Could not save memory cache C:/Users/Taylor/AppData/Local/UnrealEngine/4.15/DerivedDataCache/Boot.ddc.
[2017.04.04-06.33.57:710][  0]LogInit: Texture streaming: Enabled
[2017.04.04-06.33.57:992][  0]LogEngineSessionManager: EngineSessionManager initialized
[2017.04.04-06.33.58:339][  0]LogInit: Transaction tracking system initialized
[2017.04.04-06.33.59:217][  0]BlueprintLog: New page: Editor Load
[2017.04.04-06.34.02:703][  0]LocalizationService: Info Localization service is disabled
[2017.04.04-06.34.04:264][  0]LogConsoleResponse:Display: 
[2017.04.04-06.34.06:383][  0]LogCook:Display: Max memory allowance for cook 16384mb min free memory 0mb
[2017.04.04-06.34.06:383][  0]LogCook:Display: Mobile HDR setting 1
[2017.04.04-06.34.06:936][  0]LogFileCache: Scanning file cache for directory 'C:/Users/Taylor/Desktop/MALUM/MALUM_SVN/MALUM/Content/' took 0.03s
[2017.04.04-06.34.11:913][  0]SourceControl: Info Source control is disabled
[2017.04.04-06.34.12:107][  0]LogSlate: Took 0.000166 seconds to synchronously load lazily loaded font '../../../Engine/Content/Slate/Fonts/Roboto-Regular.ttf' (155K)
[2017.04.04-06.34.29:859][  0]LogWindowsTextInputMethodSystem:Display: IME system now deactivated.
[2017.04.04-06.34.29:859][  0]LogWindowsTextInputMethodSystem:Display: IME system now deactivated.
[2017.04.04-06.34.29:901][  0]LogWindowsTextInputMethodSystem:Display: IME system now deactivated.
[2017.04.04-06.34.29:901][  0]LogWindowsTextInputMethodSystem:Display: IME system now deactivated.
[2017.04.04-06.34.31:250][  0]LogWindowsTextInputMethodSystem:Display: IME system now deactivated.
[2017.04.04-06.34.31:250][  0]LogWindowsTextInputMethodSystem:Display: IME system now deactivated.
[2017.04.04-06.34.31:312][  0]LogWindowsTextInputMethodSystem:Display: IME system now deactivated.
[2017.04.04-06.34.31:312][  0]LogWindowsTextInputMethodSystem:Display: IME system now deactivated.
[2017.04.04-06.34.31:313][  0]Cmd: MAP LOAD FILE="../../../../../../Users/Taylor/Desktop/MALUM/MALUM_SVN/MALUM/Content/FirstPersonBP/Maps/FirstPersonExampleMap.umap" TEMPLATE=0 SHOWPROGRESS=1 FEATURELEVEL=3
[2017.04.04-06.34.31:314][  0]LightingResults: New page: Lighting Build
[2017.04.04-06.34.31:356][  0]MapCheck: New page: Map Check
[2017.04.04-06.34.31:356][  0]LightingResults: New page: Lighting Build
[2017.04.04-06.34.32:564][  0]LogLinker:Warning: Can't find file '/Game/Effects/Environment/Materials/Rock/M_Cave_Rock_Large_Dry_Inst'
[2017.04.04-06.34.32:564][  0]LogLinker:Warning: Can't find file for asset '/Game/Effects/Environment/Materials/Rock/M_Cave_Rock_Large_Dry_Inst' while loading ../../../../../../Users/Taylor/Desktop/MALUM/MALUM_SVN/MALUM/Content/FirstPersonBP/Maps/FirstPersonExampleMap.umap.
[2017.04.04-06.34.32:564][  0]LoadErrors:Error: Error /Game/FirstPersonBP/Maps/FirstPersonExampleMap : Can't find file for asset. /Game/Effects/Environment/Materials/Rock/M_Cave_Rock_Large_Dry_Inst
[2017.04.04-06.34.32:565][  0]LogLinker:Warning: Can't find file '/Game/Effects/Environment/Materials/Rock/M_Cave_Rock_Large_Dry_Inst'
[2017.04.04-06.34.32:565][  0]LogLinker:Warning: Can't find file for asset '/Game/Effects/Environment/Materials/Rock/M_Cave_Rock_Large_Dry_Inst' while loading ../../../../../../Users/Taylor/Desktop/MALUM/MALUM_SVN/MALUM/Content/FirstPersonBP/Maps/FirstPersonExampleMap.umap.
[2017.04.04-06.34.32:565][  0]LoadErrors:Error: Error /Game/FirstPersonBP/Maps/FirstPersonExampleMap : Can't find file for asset. /Game/Effects/Environment/Materials/Rock/M_Cave_Rock_Large_Dry_Inst
[2017.04.04-06.34.32:567][  0]LogLinker:Warning: Can't find file '/Game/Effects/Environment/Materials/Rock/M_Cave_Rock_Large_Dry_Inst'
[2017.04.04-06.34.32:567][  0]LogLinker:Warning: Can't find file for asset '/Game/Effects/Environment/Materials/Rock/M_Cave_Rock_Large_Dry_Inst' while loading NULL.
[2017.04.04-06.34.32:567][  0]LogLinker:Warning: Can't find file '/Game/Effects/Environment/Materials/Rock/M_Cave_Rock_Large_Dry_Inst'
[2017.04.04-06.34.32:567][  0]LogLinker:Warning: Can't find file for asset '/Game/Effects/Environment/Materials/Rock/M_Cave_Rock_Large_Dry_Inst' while loading NULL.
[2017.04.04-06.34.32:595][  0]LogLinker:Warning: Can't find file '/Game/Effects/Environment/Materials/Rock/M_Cave_Rock_Large_Dry_Inst'
[2017.04.04-06.34.32:595][  0]LoadErrors: Info Failed to load /Game/Effects/Environment/Materials/Rock/M_Cave_Rock_Large_Dry_Inst.M_Cave_Rock_Large_Dry_Inst Referenced by StaticMeshComponent0
[2017.04.04-06.34.32:595][  0]LogLinker:Warning: Can't find file for asset '/Game/Effects/Environment/Materials/Rock/M_Cave_Rock_Large_Dry_Inst' while loading NULL.
[2017.04.04-06.34.32:595][  0]LoadErrors: Info Failed to load /Game/Effects/Environment/Materials/Rock/M_Cave_Rock_Large_Dry_Inst.M_Cave_Rock_Large_Dry_Inst Referenced by StaticMeshComponent0
[2017.04.04-06.34.34:110][  0]LogAIModule: Creating AISystem for world FirstPersonExampleMap
[2017.04.04-06.34.34:646][  0]LogEditorServer: Finished looking for orphan Actors (0.000 secs)
[2017.04.04-06.34.34:668][  0]Cmd: MAP CHECKDEP NOCLEARLOG
[2017.04.04-06.34.34:714][  0]MapCheck: Info Map check complete: 0 Error(s), 0 Warning(s), took 46.696ms to complete.
[2017.04.04-06.34.34:714][  0]LogFileHelpers: Loading map 'FirstPersonExampleMap' took 3.401
[2017.04.04-06.34.35:179][  0]LogStats:Warning: MetaData mismatch. Did you assign a stat to two groups? New //STATGROUP_Threads//SplashScreenThread///Thread_9a0_0///####STATCAT_Advanced#### old //STATGROUP_Threads//SplashScreenThread///Thread_2e04_0///####STATCAT_Advanced####
[2017.04.04-06.34.35:179][  0]LogCollectionManager: Loaded 0 collections in 0.003362 seconds
[2017.04.04-06.34.35:349][  0]LogFileCache: Scanning file cache for directory 'C:/Users/Taylor/Desktop/MALUM/MALUM_SVN/MALUM/Saved/Collections/' took 0.01s
[2017.04.04-06.34.35:349][  0]LogFileCache: Scanning file cache for directory 'C:/Users/Taylor/Desktop/MALUM/MALUM_SVN/MALUM/Content/Developers/Taylor/Collections/' took 0.01s
[2017.04.04-06.34.35:349][  0]LogFileCache: Scanning file cache for directory 'C:/Users/Taylor/Desktop/MALUM/MALUM_SVN/MALUM/Content/Collections/' took 0.01s
[2017.04.04-06.34.35:349][  0]LogCollectionManager: Rebuilt the GUID cache for 0 collections in 0.000003 seconds
[2017.04.04-06.34.35:368][  0]LogContentBrowser: Native class hierarchy populated in 0.0183 seconds. Added 2245 classes and 453 folders.
[2017.04.04-06.34.35:383][  0]LogStats: UGameplayTagsManager::ConstructGameplayTagTree: Construct from data asset -  0.000 s
[2017.04.04-06.34.35:384][  0]LogStats: UGameplayTagsManager::ConstructGameplayTagTree: GameplayTagTreeChangedEvent.Broadcast -  0.000 s
[2017.04.04-06.34.35:476][  0]LogContentBrowser: Native class hierarchy updated for 'WidgetCarousel' in 0.0005 seconds. Added 0 classes and 0 folders.
[2017.04.04-06.34.37:679][  0]LogContentBrowser: Native class hierarchy updated for 'AddContentDialog' in 0.0007 seconds. Added 0 classes and 0 folders.
[2017.04.04-06.34.37:836][  0]LogContentBrowser: Native class hierarchy updated for 'SceneOutliner' in 0.0009 seconds. Added 1 classes and 2 folders.
[2017.04.04-06.34.38:102][  0]LogCrashTracker: Crashtracker disabled due to settings.
[2017.04.04-06.34.38:130][  0]LogUObjectGlobals:Warning: Failed to find object 'Class None.'
[2017.04.04-06.34.38:195][  0]LogContentBrowser: Native class hierarchy updated for 'HierarchicalLODOutliner' in 0.0004 seconds. Added 1 classes and 2 folders.
[2017.04.04-06.34.38:195][  0]LogLoad: (Engine Initialization) Total time: 167.02 seconds
[2017.04.04-06.34.38:195][  0]LogLoad: (Engine Initialization) Total Blueprint compile time: 0.92 seconds
[2017.04.04-06.34.38:195][  0]LogExternalProfiler: Found external profiler: VSPerf
[2017.04.04-06.34.38:195][  0]LogExternalProfiler: Using external profiler: VSPerf
[2017.04.04-06.34.38:206][  0]LogOcInput: OculusInput pre-init called
[2017.04.04-06.34.38:273][  0]LogContentStreaming: Texture pool size now 1000 MB
[2017.04.04-06.34.38:309][  0]LogSlate: Took 0.000150 seconds to synchronously load lazily loaded font '../../../Engine/Content/Slate/Fonts/Roboto-Bold.ttf' (160K)
[2017.04.04-06.34.38:353][  0]LogSlate: Took 0.007844 seconds to synchronously load lazily loaded font '../../../Engine/Content/Editor/Slate/Fonts/FontAwesome.ttf' (139K)
[2017.04.04-06.34.38:696][  0]LogSlate: Took 0.000223 seconds to synchronously load lazily loaded font '../../../Engine/Content/Slate/Fonts/Roboto-Light.ttf' (159K)
[2017.04.04-06.34.38:772][  1]LogRenderer: Reallocating scene render targets to support 864x424 NumSamples 1 (Frame:2).
[2017.04.04-06.34.39:013][  2]LogAssetRegistry: Asset discovery search completed in 115.7827 seconds
[2017.04.04-06.34.39:013][  2]LogCollectionManager: Rebuilt the object cache for 0 collections in 0.000004 seconds (found 0 objects)
[2017.04.04-06.34.39:013][  2]LogCollectionManager: Fixed up redirectors for 0 collections in 0.000015 seconds (updated 0 objects)
[2017.04.04-06.34.41:412][272]LogRenderer: Reallocating scene render targets to support 1252x612 NumSamples 1 (Frame:257).
[2017.04.04-06.34.46:015][781]LogActorFactory: Actor Factory created SM_Cliff01
[2017.04.04-06.34.46:713][861]LogActorFactory: Actor Factory created SM_Cliff01
[2017.04.04-06.34.49:045][128]LogMaterial: Missing cached shader map for material T_Cliff01_D_CC_R_Mat, compiling. 
[2017.04.04-06.34.49:046][128]LogTemp:Display: Added material ShaderMap 0x0000022A34A96400 with Material 0x0000022A34AAAC80 to ShaderMapsBeingCompiled
[2017.04.04-06.34.49:065][128]LogTemp:Display: Kicking off shader compilation for T_Cliff01_D_CC_R_Mat, GameThreadShaderMap 0x0000022A34A96400
[2017.04.04-06.34.50:644][297]LogSlate: Took 0.000148 seconds to synchronously load lazily loaded font '../../../Engine/Content/Slate/Fonts/Roboto-Light.ttf' (159K)
[2017.04.04-06.34.50:695][297]LogMaterial: Missing cached shader map for material T_Cliff01_D_CC_R_Mat, compiling. 
[2017.04.04-06.34.50:695][297]LogTemp:Display: Added material ShaderMap 0x0000022A1B439980 with Material 0x0000022A348A8680 to ShaderMapsBeingCompiled
[2017.04.04-06.34.50:703][297]LogTemp:Display: Kicking off shader compilation for T_Cliff01_D_CC_R_Mat, GameThreadShaderMap 0x0000022A1B439980
[2017.04.04-06.34.51:099][297]LogMaterial: Missing cached shader map for material T_Cliff01_D_CC_R_Mat, compiling. 
[2017.04.04-06.34.51:099][297]LogTemp:Display: Added material ShaderMap 0x0000022A2BABEE80 with Material 0x0000022A348A8680 to ShaderMapsBeingCompiled
[2017.04.04-06.34.51:107][297]LogTemp:Display: Kicking off shader compilation for T_Cliff01_D_CC_R_Mat, GameThreadShaderMap 0x0000022A2BABEE80
[2017.04.04-06.34.51:107][297]LogMaterial: 0.00 seconds spent updating 1 materials, 1 interfaces, 0 instances, 0 with static permutations.
[2017.04.04-06.34.51:153][297]LogMaterial: Missing cached shader map for material FMatExpressionPreview MaterialExpressionTextureSample_0, compiling. 
[2017.04.04-06.34.51:154][297]LogTemp:Display: Added material ShaderMap 0x0000022A2BA07580 with Material 0x0000022A2BAABA00 to ShaderMapsBeingCompiled
[2017.04.04-06.34.51:157][297]LogTemp:Display: Kicking off shader compilation for FMatExpressionPreview MaterialExpressionTextureSample_0, GameThreadShaderMap 0x0000022A2BA07580
[2017.04.04-06.34.51:184][297]LogTemp:Display: Finished compile of shader map 0x0000022A34A96400
[2017.04.04-06.34.51:184][297]LogTemp:Display: Shader map T_Cliff01_D_CC_R_Mat complete, GameThreadShaderMap 0x0000022A34A96400, marking material T_Cliff01_D_CC_R_Mat as finished
[2017.04.04-06.34.51:184][297]LogTemp:Display: Marking material as finished 0x0000022A34AAAC80
[2017.04.04-06.34.51:243][297]LogSlate: Took 0.053907 seconds to synchronously load lazily loaded font '../../../Engine/Content/Editor/Slate/Fonts/Roboto-BoldCondensed.ttf' (158K)
[2017.04.04-06.34.51:883][298]LogTemp:Display: Finished compile of shader map 0x0000022A2BABEE80
[2017.04.04-06.34.51:883][298]LogTemp:Display: Shader map T_Cliff01_D_CC_R_Mat complete, GameThreadShaderMap 0x0000022A2BABEE80, marking material T_Cliff01_D_CC_R_Mat as finished
[2017.04.04-06.34.51:883][298]LogTemp:Display: Marking material as finished 0x0000022A348A8680
[2017.04.04-06.34.51:884][298]LogTemp:Display: Finished compile of shader map 0x0000022A2BA07580
[2017.04.04-06.34.51:884][298]LogTemp:Display: Shader map FMatExpressionPreview MaterialExpressionTextureSample_0 complete, GameThreadShaderMap 0x0000022A2BA07580, marking material FMatExpressionPreview MaterialExpressionTextureSample_0 as finished
[2017.04.04-06.34.51:884][298]LogTemp:Display: Marking material as finished 0x0000022A2BAABA00
[2017.04.04-06.34.51:939][299]MaterialEditorStats: Info Base pass shader with only dynamic lighting: 81 instructions
[2017.04.04-06.34.51:940][299]MaterialEditorStats: Info Vertex shader: 31 instructions
[2017.04.04-06.34.51:940][299]MaterialEditorStats: Info Texture samplers: 2/16
[2017.04.04-06.34.54:546][553]LogMaterial: Missing cached shader map for material T_Cliff01_D_CC_R_Mat, compiling. 
[2017.04.04-06.34.54:547][553]LogTemp:Display: Added material ShaderMap 0x0000022A754A8480 with Material 0x0000022A348A8680 to ShaderMapsBeingCompiled
[2017.04.04-06.34.54:554][553]LogTemp:Display: Kicking off shader compilation for T_Cliff01_D_CC_R_Mat, GameThreadShaderMap 0x0000022A754A8480
[2017.04.04-06.34.54:554][553]LogMaterial: 0.00 seconds spent updating 1 materials, 1 interfaces, 0 instances, 0 with static permutations.
[2017.04.04-06.34.54:578][553]LogMaterial: Missing cached shader map for material FMatExpressionPreview MaterialExpressionTextureSample_1, compiling. 
[2017.04.04-06.34.54:578][553]LogTemp:Display: Added material ShaderMap 0x0000022A34A94100 with Material 0x0000022A4053C400 to ShaderMapsBeingCompiled
[2017.04.04-06.34.54:581][553]LogTemp:Display: Kicking off shader compilation for FMatExpressionPreview MaterialExpressionTextureSample_1, GameThreadShaderMap 0x0000022A34A94100
[2017.04.04-06.34.54:583][553]LogTemp:Display: Removed shader map 0x0000022A34A94100 from material 0x0000022A4053C400
[2017.04.04-06.34.54:620][553]LogMaterial: Missing cached shader map for material FMatExpressionPreview MaterialExpressionTextureSample_0, compiling. 
[2017.04.04-06.34.54:620][553]LogTemp:Display: Added material ShaderMap 0x0000022A34A3D980 with Material 0x0000022A4053C400 to ShaderMapsBeingCompiled
[2017.04.04-06.34.54:623][553]LogTemp:Display: Kicking off shader compilation for FMatExpressionPreview MaterialExpressionTextureSample_0, GameThreadShaderMap 0x0000022A34A3D980
[2017.04.04-06.34.54:624][553]LogMaterial: Missing cached shader map for material FMatExpressionPreview MaterialExpressionTextureSample_1, compiling. 
[2017.04.04-06.34.54:625][553]LogTemp:Display: Added material ShaderMap 0x0000022A405B6E80 with Material 0x0000022A4053DC00 to ShaderMapsBeingCompiled
[2017.04.04-06.34.54:627][553]LogTemp:Display: Kicking off shader compilation for FMatExpressionPreview MaterialExpressionTextureSample_1, GameThreadShaderMap 0x0000022A405B6E80
[2017.04.04-06.34.55:217][589]LogTemp:Display: Finished compile of shader map 0x0000022A754A8480
[2017.04.04-06.34.55:217][589]LogTemp:Display: Shader map T_Cliff01_D_CC_R_Mat complete, GameThreadShaderMap 0x0000022A754A8480, marking material T_Cliff01_D_CC_R_Mat as finished
[2017.04.04-06.34.55:217][589]LogTemp:Display: Marking material as finished 0x0000022A348A8680
[2017.04.04-06.34.55:284][594]LogTemp:Display: Finished compile of shader map 0x0000022A34A3D980
[2017.04.04-06.34.55:284][594]LogTemp:Display: Shader map FMatExpressionPreview MaterialExpressionTextureSample_0 complete, GameThreadShaderMap 0x0000022A34A3D980, marking material FMatExpressionPreview MaterialExpressionTextureSample_0 as finished
[2017.04.04-06.34.55:284][594]LogTemp:Display: Marking material as finished 0x0000022A4053C400
[2017.04.04-06.34.55:376][602]LogTemp:Display: Finished compile of shader map 0x0000022A405B6E80
[2017.04.04-06.34.55:376][602]LogTemp:Display: Shader map FMatExpressionPreview MaterialExpressionTextureSample_1 complete, GameThreadShaderMap 0x0000022A405B6E80, marking material FMatExpressionPreview MaterialExpressionTextureSample_1 as finished
[2017.04.04-06.34.55:376][602]LogTemp:Display: Marking material as finished 0x0000022A4053DC00
[2017.04.04-06.34.55:867][658]MaterialEditorStats: Info Base pass shader with only dynamic lighting: 81 instructions
[2017.04.04-06.34.55:867][658]MaterialEditorStats: Info Vertex shader: 31 instructions
[2017.04.04-06.34.55:867][658]MaterialEditorStats: Info Texture samplers: 2/16
[2017.04.04-06.34.58:756][958]LogMaterial: Missing cached shader map for material T_Cliff01_D_CC_R_Mat, compiling. 
[2017.04.04-06.34.58:756][958]LogTemp:Display: Added material ShaderMap 0x0000022A7CB14F00 with Material 0x0000022A348A8680 to ShaderMapsBeingCompiled
[2017.04.04-06.34.58:764][958]LogTemp:Display: Kicking off shader compilation for T_Cliff01_D_CC_R_Mat, GameThreadShaderMap 0x0000022A7CB14F00
[2017.04.04-06.34.58:764][958]LogMaterial: 0.00 seconds spent updating 1 materials, 1 interfaces, 0 instances, 0 with static permutations.
[2017.04.04-06.34.58:809][958]LogMaterial: Missing cached shader map for material FMatExpressionPreview MaterialExpressionTextureSample_1, compiling. 
[2017.04.04-06.34.58:810][958]LogTemp:Display: Added material ShaderMap 0x0000022A10580480 with Material 0x0000022A2BAAAE00 to ShaderMapsBeingCompiled
[2017.04.04-06.34.58:812][958]LogTemp:Display: Kicking off shader compilation for FMatExpressionPreview MaterialExpressionTextureSample_1, GameThreadShaderMap 0x0000022A10580480
[2017.04.04-06.34.59:469][  2]LogTemp:Display: Finished compile of shader map 0x0000022A7CB14F00
[2017.04.04-06.34.59:469][  2]LogTemp:Display: Shader map T_Cliff01_D_CC_R_Mat complete, GameThreadShaderMap 0x0000022A7CB14F00, marking material T_Cliff01_D_CC_R_Mat as finished
[2017.04.04-06.34.59:469][  2]LogTemp:Display: Marking material as finished 0x0000022A348A8680
[2017.04.04-06.34.59:481][  3]MaterialEditorStats: Info Base pass shader with only dynamic lighting: 87 instructions
[2017.04.04-06.34.59:481][  3]MaterialEditorStats: Info Vertex shader: 31 instructions
[2017.04.04-06.34.59:481][  3]MaterialEditorStats: Info Texture samplers: 3/16
[2017.04.04-06.34.59:504][  5]LogTemp:Display: Finished compile of shader map 0x0000022A10580480
[2017.04.04-06.34.59:504][  5]LogTemp:Display: Shader map FMatExpressionPreview MaterialExpressionTextureSample_1 complete, GameThreadShaderMap 0x0000022A10580480, marking material FMatExpressionPreview MaterialExpressionTextureSample_1 as finished
[2017.04.04-06.34.59:504][  5]LogTemp:Display: Marking material as finished 0x0000022A2BAAAE00
[2017.04.04-06.35.02:105][267]LogMaterialEditor: Applying material T_Cliff01_D_CC_R_Mat
[2017.04.04-06.35.02:597][267]LogMaterial: Missing cached shader map for material T_Cliff01_D_CC_R_Mat, compiling. 
[2017.04.04-06.35.02:597][267]LogTemp:Display: Added material ShaderMap 0x0000022A10580100 with Material 0x0000022A348A8680 to ShaderMapsBeingCompiled
[2017.04.04-06.35.02:623][267]LogTemp:Display: Kicking off shader compilation for T_Cliff01_D_CC_R_Mat, GameThreadShaderMap 0x0000022A10580100
[2017.04.04-06.35.02:623][267]LogMaterial: 0.00 seconds spent updating 1 materials, 1 interfaces, 0 instances, 0 with static permutations.
[2017.04.04-06.35.02:702][267]LogMaterial: Missing cached shader map for material T_Cliff01_D_CC_R_Mat, compiling. 
[2017.04.04-06.35.02:702][267]LogTemp:Display: Added material ShaderMap 0x0000022A7CB14100 with Material 0x0000022A34AAAB00 to ShaderMapsBeingCompiled
[2017.04.04-06.35.02:721][267]LogTemp:Display: Kicking off shader compilation for T_Cliff01_D_CC_R_Mat, GameThreadShaderMap 0x0000022A7CB14100
[2017.04.04-06.35.02:731][267]LogMaterial: Missing cached shader map for material T_Cliff01_D_CC_R_Mat, compiling. 
[2017.04.04-06.35.02:732][267]LogTemp:Display: Added material ShaderMap 0x0000022A2D332400 with Material 0x0000022A34AAAB00 to ShaderMapsBeingCompiled
[2017.04.04-06.35.02:744][267]LogTemp:Display: Kicking off shader compilation for T_Cliff01_D_CC_R_Mat, GameThreadShaderMap 0x0000022A2D332400
[2017.04.04-06.35.02:745][267]LogMaterial: 0.00 seconds spent updating 1 materials, 1 interfaces, 0 instances, 0 with static permutations.
[2017.04.04-06.35.02:802][267]LogMaterial: Missing cached shader map for material FDebugViewModeMaterialProxy T_Cliff01_D_CC_R_Mat, compiling. 
[2017.04.04-06.35.02:803][267]LogTemp:Display: Added material ShaderMap 0x0000022A2D25C800 with Material 0x0000022A2D25A200 to ShaderMapsBeingCompiled
[2017.04.04-06.35.03:239][267]LogTemp:Display: Finished compile of shader map 0x0000022A2D25C800
[2017.04.04-06.35.03:239][267]LogTemp:Display: Shader map FDebugViewModeMaterialProxy T_Cliff01_D_CC_R_Mat complete, GameThreadShaderMap 0x0000022A2D25C800, marking material FDebugViewModeMaterialProxy T_Cliff01_D_CC_R_Mat as finished
[2017.04.04-06.35.03:239][267]LogTemp:Display: Marking material as finished 0x0000022A2D25A200
[2017.04.04-06.35.03:242][267]TextureStreamingBuild:Display: Compiling optional shaders took 0.480 seconds.
[2017.04.04-06.35.03:269][267]LogTemp:Display: Finished compile of shader map 0x0000022A10580100
[2017.04.04-06.35.03:269][267]LogTemp:Display: Shader map T_Cliff01_D_CC_R_Mat complete, GameThreadShaderMap 0x0000022A10580100, marking material T_Cliff01_D_CC_R_Mat as finished
[2017.04.04-06.35.03:269][267]LogTemp:Display: Marking material as finished 0x0000022A348A8680
[2017.04.04-06.35.04:527][372]LogTemp:Display: Finished compile of shader map 0x0000022A2D332400
[2017.04.04-06.35.04:527][372]LogTemp:Display: Shader map T_Cliff01_D_CC_R_Mat complete, GameThreadShaderMap 0x0000022A2D332400, marking material T_Cliff01_D_CC_R_Mat as finished
[2017.04.04-06.35.04:527][372]LogTemp:Display: Marking material as finished 0x0000022A34AAAB00
[2017.04.04-06.35.04:538][373]MaterialEditorStats: Info Base pass shader with only dynamic lighting: 87 instructions
[2017.04.04-06.35.04:538][373]MaterialEditorStats: Info Vertex shader: 31 instructions
[2017.04.04-06.35.04:538][373]MaterialEditorStats: Info Texture samplers: 4/16
[2017.04.04-06.35.35:869][270]LogMaterial: Incomplete cached shader map for material M_Fern_01, compiling. 
[2017.04.04-06.35.35:871][270]LogTemp:Display: Added material ShaderMap 0x0000022A143E7580 with Material 0x0000022A09EB6500 to ShaderMapsBeingCompiled
[2017.04.04-06.35.35:958][270]LogTemp:Display: Kicking off shader compilation for M_Fern_01, GameThreadShaderMap 0x0000022A143E7580
[2017.04.04-06.35.36:082][270]LogActorFactory: Actor Factory created SM_Fern_01
[2017.04.04-06.35.36:592][317]LogActorFactory: Actor Factory created SM_Fern_01
[2017.04.04-06.35.36:947][348]Cmd: CAMERA ALIGN ACTIVEVIEWPORTONLY
[2017.04.04-06.35.37:837][424]LogEditorViewport: Clicking on Actor (LMB): StaticMeshActor (Floor)
[2017.04.04-06.35.39:940][590]LogEditorViewport: Clicking on Actor (LMB): StaticMeshActor (SM_Fern_01)
[2017.04.04-06.35.42:554][882]LogTemp:Display: Finished compile of shader map 0x0000022A143E7580
[2017.04.04-06.35.42:554][882]LogTemp:Display: Shader map M_Fern_01 complete, GameThreadShaderMap 0x0000022A143E7580, marking material M_Fern_01 as finished
[2017.04.04-06.35.42:554][882]LogTemp:Display: Marking material as finished 0x0000022A09EB6500
[2017.04.04-06.35.43:549][993]LogEditorViewport: Clicking on Actor (LMB): StaticMeshActor (Floor)
[2017.04.04-06.36.00:108][937]LogLinker:Warning: Can't find file '/Game/KiteDemo/Material/WorldCoords-XY'
[2017.04.04-06.36.00:108][937]LogLinker:Warning: Can't find file for asset '/Game/KiteDemo/Material/WorldCoords-XY' while loading ../../../../../../Users/Taylor/Desktop/MALUM/MALUM_SVN/MALUM/Content/Environments/Foliage/Grass/FieldGrass/M_FieldGrass_01.uasset.
[2017.04.04-06.36.00:108][937]LoadErrors:Error: Error /Game/Environments/Foliage/Grass/FieldGrass/M_FieldGrass_01 : Can't find file for asset. /Game/KiteDemo/Material/WorldCoords-XY
[2017.04.04-06.36.00:109][937]LogLinker:Warning: Can't find file '/Game/KiteDemo/Material/WorldCoords-XY'
[2017.04.04-06.36.00:109][937]LogLinker:Warning: Can't find file for asset '/Game/KiteDemo/Material/WorldCoords-XY' while loading ../../../../../../Users/Taylor/Desktop/MALUM/MALUM_SVN/MALUM/Content/Environments/Foliage/Grass/FieldGrass/M_FieldGrass_01.uasset.
[2017.04.04-06.36.00:115][937]LogLinker:Warning: Can't find file '/Game/KiteDemo/Material/WorldCoords-XY'
[2017.04.04-06.36.00:115][937]LoadErrors: Info Failed to load /Game/KiteDemo/Material/WorldCoords-XY.WorldCoords-XY Referenced by M_FieldGrass_01
[2017.04.04-06.36.00:115][937]LogLinker:Warning: Can't find file for asset '/Game/KiteDemo/Material/WorldCoords-XY' while loading NULL.
[2017.04.04-06.36.00:115][937]LogLinker:Warning: Can't find file '/Game/KiteDemo/Material/WorldCoords-XY'
[2017.04.04-06.36.00:115][937]LogLinker:Warning: Can't find file for asset '/Game/KiteDemo/Material/WorldCoords-XY' while loading NULL.
[2017.04.04-06.36.00:116][937]LogLinker:Warning: Can't find file '/Game/KiteDemo/Material/WorldCoords-XY'
[2017.04.04-06.36.00:116][937]LoadErrors: Info Failed to load /Game/KiteDemo/Material/WorldCoords-XY.WorldCoords-XY Referenced by MaterialExpressionMaterialFunctionCall_1
[2017.04.04-06.36.00:116][937]LogLinker:Warning: Can't find file for asset '/Game/KiteDemo/Material/WorldCoords-XY' while loading NULL.
[2017.04.04-06.36.00:116][937]LogLinker:Warning: Can't find file '/Game/KiteDemo/Material/WorldCoords-XY'
[2017.04.04-06.36.00:116][937]LoadErrors: Info Failed to load /Game/KiteDemo/Material/WorldCoords-XY.WorldCoords-XY Referenced by MaterialExpressionMaterialFunctionCall_17
[2017.04.04-06.36.00:116][937]LogLinker:Warning: Can't find file for asset '/Game/KiteDemo/Material/WorldCoords-XY' while loading NULL.
[2017.04.04-06.36.00:192][937]LogMaterial: Missing cached shader map for material M_FieldGrass_01, compiling. 
[2017.04.04-06.36.00:193][937]LogMaterial:Warning: Failed to compile Material /Game/Environments/Foliage/Grass/FieldGrass/M_FieldGrass_01.M_FieldGrass_01 for platform PCD3D_SM5, Default Material will be used in game.
[2017.04.04-06.36.00:193][937]LogMaterial:Warning: 	Missing Material Function
[2017.04.04-06.36.00:204][937]LogMaterial: Missing cached shader map for material M_FieldGrass_01, compiling. 
[2017.04.04-06.36.00:205][937]LogMaterial:Warning: Failed to compile Material Instance /Game/Environments/Foliage/Grass/FieldGrass/M_FieldGrass_Inst_01_LOD1.M_FieldGrass_Inst_01_LOD1 with Base M_FieldGrass_01 for platform PCD3D_SM5, Default Material will be used in game.
[2017.04.04-06.36.00:205][937]LogMaterial:Warning: 	Missing Material Function
[2017.04.04-06.36.00:307][937]LogMaterial: Missing cached shader map for material M_FieldGrass_01, compiling. 
[2017.04.04-06.36.00:307][937]LogMaterial:Warning: Failed to compile Material Instance /Game/Environments/Foliage/Grass/FieldGrass/M_FieldGrass_Inst_01_LOD2.M_FieldGrass_Inst_01_LOD2 with Base M_FieldGrass_01 for platform PCD3D_SM5, Default Material will be used in game.
[2017.04.04-06.36.00:307][937]LogMaterial:Warning: 	Missing Material Function
[2017.04.04-06.36.00:327][937]LogActorFactory: Actor Factory created SM_FieldGrass_01
[2017.04.04-06.36.00:897][  3]LogActorFactory: Actor Factory created SM_FieldGrass_01
[2017.04.04-06.36.03:564][316]LogEditorViewport: Clicking on Actor (LMB): StaticMeshActor (Floor)
[2017.04.04-06.36.08:601][910]LogEditorViewport: Clicking on Actor (LMB): StaticMeshActor (SM_FieldGrass_01)
[2017.04.04-06.36.13:637][486]LogMaterial: Missing cached shader map for material T_FieldGrass_01_Mat, compiling. 
[2017.04.04-06.36.13:638][486]LogTemp:Display: Added material ShaderMap 0x0000022A77EADD00 with Material 0x0000022A07C2DF00 to ShaderMapsBeingCompiled
[2017.04.04-06.36.13:647][486]LogTemp:Display: Kicking off shader compilation for T_FieldGrass_01_Mat, GameThreadShaderMap 0x0000022A77EADD00
[2017.04.04-06.36.15:124][653]LogTemp:Display: Finished compile of shader map 0x0000022A77EADD00
[2017.04.04-06.36.15:124][653]LogTemp:Display: Shader map T_FieldGrass_01_Mat complete, GameThreadShaderMap 0x0000022A77EADD00, marking material T_FieldGrass_01_Mat as finished
[2017.04.04-06.36.15:124][653]LogTemp:Display: Marking material as finished 0x0000022A07C2DF00
[2017.04.04-06.36.16:830][857]Cmd: TRANSACTION UNDO
[2017.04.04-06.36.16:830][857]LogEditorTransaction: Undo Create Actors
[2017.04.04-06.36.16:841][857]LogSlate: Took 0.000209 seconds to synchronously load lazily loaded font '../../../Engine/Content/Slate/Fonts/Roboto-Light.ttf' (159K)
[2017.04.04-06.36.20:874][315]Cmd: TRANSACTION UNDO
[2017.04.04-06.36.20:874][315]LogEditorTransaction: Undo Create Actors
[2017.04.04-06.36.24:827][766]LogEditorViewport: Clicking on Actor (LMB): StaticMeshActor (SM_FieldGrass_01)
[2017.04.04-06.36.25:786][879]Cmd: DELETE
[2017.04.04-06.36.25:786][879]Cmd: ACTOR DELETE
[2017.04.04-06.36.25:787][879]LogEditorActor: Deleted Actor: StaticMeshActor
[2017.04.04-06.36.25:793][879]LogEditorActor: Deleted 1 Actors (0.007 secs)
[2017.04.04-06.36.27:055][ 29]LogActorFactory: Actor Factory created SM_FieldGrass_01
[2017.04.04-06.36.27:417][ 72]LogActorFactory: Actor Factory created SM_FieldGrass_01
[2017.04.04-06.36.43:629][630]LogMaterial: Missing cached shader map for material T_FieldGrass_01_Mat, compiling. 
[2017.04.04-06.36.43:629][630]LogMaterial:Warning: Failed to compile Material /Game/Environments/Foliage/Grass/FieldGrass/T_FieldGrass_01_Mat.T_FieldGrass_01_Mat for platform PCD3D_SM5, Default Material will be used in game.
[2017.04.04-06.36.43:629][630]LogMaterial:Warning: 	(Node TextureSample) TextureSample> Missing input texture
[2017.04.04-06.36.43:747][630]LogMaterial: 0.00 seconds spent updating 1 materials, 1 interfaces, 0 instances, 0 with static permutations.
[2017.04.04-06.36.43:748][630]LogMaterial: 0.00 seconds spent updating 1 materials, 1 interfaces, 0 instances, 0 with static permutations.
[2017.04.04-06.36.43:785][630]LogMaterial: Missing cached shader map for material M_FieldGrass_01, compiling. 
[2017.04.04-06.36.43:787][630]LogMaterial:Warning: Failed to compile Material /Game/Environments/Foliage/Grass/FieldGrass/M_FieldGrass_01.M_FieldGrass_01 for platform PCD3D_SM5, Default Material will be used in game.
[2017.04.04-06.36.43:787][630]LogMaterial:Warning: 	Missing Material Function
[2017.04.04-06.36.43:787][630]LogMaterial:Warning: 	(Node TextureSampleParameter2D) Param2D> Requires Texture2D
[2017.04.04-06.36.43:787][630]LogMaterial:Warning: 	(Node TextureSample) TextureSample> Missing input texture
[2017.04.04-06.36.43:793][630]LogMaterial: Missing cached shader map for material M_FieldGrass_01, compiling. 
[2017.04.04-06.36.43:795][630]LogMaterial:Warning: Failed to compile Material /Game/Environments/Foliage/Grass/FieldGrass/M_FieldGrass_01.M_FieldGrass_01 for platform PCD3D_SM5, Default Material will be used in game.
[2017.04.04-06.36.43:795][630]LogMaterial:Warning: 	Missing Material Function
[2017.04.04-06.36.43:795][630]LogMaterial:Warning: 	(Node TextureSampleParameter2D) Param2D> Requires Texture2D
[2017.04.04-06.36.43:795][630]LogMaterial:Warning: 	(Node TextureSample) TextureSample> Missing input texture
[2017.04.04-06.36.44:174][630]LogTemp:Display: Removed shader map 0x0000022A1B439980 from material 0x0000022A348A8680
[2017.04.04-06.36.46:458][837]LogActorFactory: Actor Factory created SM_DeadLeaves
[2017.04.04-06.36.46:838][881]LogActorFactory: Actor Factory created SM_DeadLeaves
[2017.04.04-06.36.47:634][954]Cmd: DELETE
[2017.04.04-06.36.47:634][954]Cmd: ACTOR DELETE
[2017.04.04-06.36.47:635][954]LogEditorActor: Deleted Actor: StaticMeshActor
[2017.04.04-06.36.47:641][954]LogEditorActor: Deleted 1 Actors (0.007 secs)
[2017.04.04-06.36.53:600][656]LogMaterial: Uniform references updated for custom material expression Custom.
[2017.04.04-06.36.53:600][656]LogMaterial: Uniform references updated for custom material expression TemporalAA SampleID.
[2017.04.04-06.36.53:735][656]LogMaterial: Missing cached shader map for material M_HeatherNew_Master, compiling. 
[2017.04.04-06.36.53:737][656]LogTemp:Display: Added material ShaderMap 0x0000022A2C0ED600 with Material 0x0000022A77EC9180 to ShaderMapsBeingCompiled
[2017.04.04-06.36.53:786][656]LogTemp:Display: Kicking off shader compilation for M_HeatherNew_Master, GameThreadShaderMap 0x0000022A2C0ED600
[2017.04.04-06.36.53:810][656]LogMaterial: Missing cached shader map for material M_HeatherNew_Master, compiling. 
[2017.04.04-06.36.53:812][656]LogMaterial:Warning: Failed to compile Material Instance /Game/Environments/Foliage/Flowers/Heather/M_HeatherPatches_Inst2.M_HeatherPatches_Inst2 with Base M_HeatherNew_Master for platform PCD3D_SM5, Default Material will be used in game.
[2017.04.04-06.36.53:812][656]LogMaterial:Warning: 	Missing Material Function
[2017.04.04-06.36.53:892][656]LogActorFactory: Actor Factory created SM_Heather_Mesh_Clumps2
[2017.04.04-06.36.54:313][705]LogActorFactory: Actor Factory created SM_Heather_Mesh_Clumps2
[2017.04.04-06.37.01:064][435]LogTemp:Display: Finished compile of shader map 0x0000022A2C0ED600
[2017.04.04-06.37.01:064][435]LogTemp:Display: Shader map M_HeatherNew_Master complete, GameThreadShaderMap 0x0000022A2C0ED600, marking material M_HeatherNew_Master as finished
[2017.04.04-06.37.01:064][435]LogTemp:Display: Marking material as finished 0x0000022A77EC9180
[2017.04.04-06.37.26:099][434]LogMaterial: Missing cached shader map for material M_HeatherNew_MasterWorldColorVarience, compiling. 
[2017.04.04-06.37.26:101][434]LogMaterial:Warning: Failed to compile Material /Game/Environments/Foliage/Flowers/Heather/M_HeatherNew_MasterWorldColorVarience.M_HeatherNew_MasterWorldColorVarience for platform PCD3D_SM5, Default Material will be used in game.
[2017.04.04-06.37.26:101][434]LogMaterial:Warning: 	Missing Material Function
[2017.04.04-06.37.26:101][434]LogMaterial:Warning: 	(Node If) If input B must be of type float.
[2017.04.04-06.37.26:141][434]LogMaterial: Missing cached shader map for material M_HeatherNew_MasterWorldColorVarience, compiling. 
[2017.04.04-06.37.26:143][434]LogMaterial:Warning: Failed to compile Material Instance /Game/Environments/Foliage/Flowers/Heather/M_HeatherPatches_Inst2_BrownPinkVairience.M_HeatherPatches_Inst2_BrownPinkVairience with Base M_HeatherNew_MasterWorldColorVarience for platform PCD3D_SM5, Default Material will be used in game.
[2017.04.04-06.37.26:143][434]LogMaterial:Warning: 	Missing Material Function
[2017.04.04-06.37.26:239][434]LogMaterial: Missing cached shader map for material M_HeatherNew_MasterWorldColorVarience, compiling. 
[2017.04.04-06.37.26:240][434]LogMaterial:Warning: Failed to compile Material Instance /Game/Environments/Foliage/Flowers/Heather/M_HeatherPatches_Inst2_BrownPinkVairience_NoWind.M_HeatherPatches_Inst2_BrownPinkVairience_NoWind with Base M_HeatherNew_MasterWorldColorVarience for platform PCD3D_SM5, Default Material will be used in game.
[2017.04.04-06.37.26:240][434]LogMaterial:Warning: 	Missing Material Function
[2017.04.04-06.37.26:271][434]LogActorFactory: Actor Factory created SM_Heather_Mesh_Clumps2_WorldPopulate
[2017.04.04-06.37.27:409][566]LogActorFactory: Actor Factory created SM_Heather_Mesh_Clumps2_WorldPopulate
[2017.04.04-06.37.31:851][ 87]LogEditorViewport: Clicking on Actor (LMB): StaticMeshActor (Floor)
[2017.04.04-06.37.53:229][192]LogMaterial: 0.00 seconds spent updating 1 materials, 1 interfaces, 0 instances, 0 with static permutations.
[2017.04.04-06.37.53:230][192]LogMaterial: 0.00 seconds spent updating 1 materials, 1 interfaces, 0 instances, 0 with static permutations.
[2017.04.04-06.37.53:255][192]LogWindows: Windows GetLastError: The operation completed successfully. (0)
